# JRE version: OpenJDK Runtime Environment Temurin-17.0.6+10 (17.0.6+10) (build 17.0.6+10)
# Java VM: OpenJDK Client VM Temurin-17.0.6+10 (17.0.6+10, mixed mode, emulated-client, serial gc, windows-x86)
GC Precious Log:
 CPUs: 8 total, 8 available
 Memory: 16140M
 Large Page Support: Disabled
 NUMA Support: Disabled
 Compressed Oops: Disabled
 Heap Min Capacity: 6M
 Heap Initial Capacity: 16M
 Heap Max Capacity: 256M
 Pre-touch: Disabled
Heap:
 def new generation   total 9216K, used 6144K [0x05400000, 0x05df0000, 0x0a950000)
  eden space 8256K,  66% used [0x05400000, 0x059648c8, 0x05c10000)
  from space 960K,  64% used [0x05d00000, 0x05d9b930, 0x05df0000)
  to   space 960K,   0% used [0x05c10000, 0x05c10000, 0x05d00000)
 tenured generation   total 20316K, used 14418K [0x0a950000, 0x0bd27000, 0x15400000)
   the space 20316K,  70% used [0x0a950000, 0x0b764900, 0x0b764a00, 0x0bd27000)
 Metaspace       used 18192K, committed 18368K, reserved 24576K
GC Heap History (20 events):
Event: 0.095 GC heap before
{Heap before GC invocations=0 (full 0):
 def new generation   total 4928K, used 2845K [0x05400000, 0x05950000, 0x0a950000)
  eden space 4416K,  64% used [0x05400000, 0x056c7578, 0x05850000)
  from space 512K,   0% used [0x05850000, 0x05850000, 0x058d0000)
  to   space 512K,   0% used [0x058d0000, 0x058d0000, 0x05950000)
 tenured generation   total 10944K, used 0K [0x0a950000, 0x0b400000, 0x15400000)
   the space 10944K,   0% used [0x0a950000, 0x0a950000, 0x0a950200, 0x0b400000)
 Metaspace       used 4146K, committed 4224K, reserved 8192K
}
Event: 0.096 GC heap after
{Heap after GC invocations=1 (full 0):
 def new generation   total 4928K, used 512K [0x05400000, 0x05950000, 0x0a950000)
  eden space 4416K,   0% used [0x05400000, 0x05400000, 0x05850000)
  from space 512K, 100% used [0x058d0000, 0x05950000, 0x05950000)
  to   space 512K,   0% used [0x05850000, 0x05850000, 0x058d0000)
 tenured generation   total 10944K, used 1417K [0x0a950000, 0x0b400000, 0x15400000)
   the space 10944K,  12% used [0x0a950000, 0x0aab2538, 0x0aab2600, 0x0b400000)
 Metaspace       used 4146K, committed 4224K, reserved 8192K
}
Event: 0.113 GC heap before
{Heap before GC invocations=1 (full 0):
 def new generation   total 4928K, used 4892K [0x05400000, 0x05950000, 0x0a950000)
  eden space 4416K,  99% used [0x05400000, 0x058473d8, 0x05850000)
  from space 512K, 100% used [0x058d0000, 0x05950000, 0x05950000)
  to   space 512K,   0% used [0x05850000, 0x05850000, 0x058d0000)
 tenured generation   total 10944K, used 1417K [0x0a950000, 0x0b400000, 0x15400000)
   the space 10944K,  12% used [0x0a950000, 0x0aab2538, 0x0aab2600, 0x0b400000)
 Metaspace       used 4146K, committed 4224K, reserved 8192K
}
Event: 0.115 GC heap after
{Heap after GC invocations=2 (full 0):
 def new generation   total 4928K, used 512K [0x05400000, 0x05950000, 0x0a950000)
  eden space 4416K,   0% used [0x05400000, 0x05400000, 0x05850000)
  from space 512K, 100% used [0x05850000, 0x058d0000, 0x058d0000)
  to   space 512K,   0% used [0x058d0000, 0x058d0000, 0x05950000)
 tenured generation   total 10944K, used 5313K [0x0a950000, 0x0b400000, 0x15400000)
   the space 10944K,  48% used [0x0a950000, 0x0ae80758, 0x0ae80800, 0x0b400000)
 Metaspace       used 4146K, committed 4224K, reserved 8192K
}
Event: 0.210 GC heap before
{Heap before GC invocations=2 (full 0):
 def new generation   total 4928K, used 4928K [0x05400000, 0x05950000, 0x0a950000)
  eden space 4416K, 100% used [0x05400000, 0x05850000, 0x05850000)
  from space 512K, 100% used [0x05850000, 0x058d0000, 0x058d0000)
  to   space 512K,   0% used [0x058d0000, 0x058d0000, 0x05950000)
 tenured generation   total 10944K, used 5313K [0x0a950000, 0x0b400000, 0x15400000)
   the space 10944K,  48% used [0x0a950000, 0x0ae80758, 0x0ae80800, 0x0b400000)
 Metaspace       used 7218K, committed 7296K, reserved 8192K
}
Event: 0.213 GC heap after
{Heap after GC invocations=3 (full 0):
 def new generation   total 4928K, used 512K [0x05400000, 0x05950000, 0x0a950000)
  eden space 4416K,   0% used [0x05400000, 0x05400000, 0x05850000)
  from space 512K, 100% used [0x058d0000, 0x05950000, 0x05950000)
  to   space 512K,   0% used [0x05850000, 0x05850000, 0x058d0000)
 tenured generation   total 10944K, used 6606K [0x0a950000, 0x0b400000, 0x15400000)
   the space 10944K,  60% used [0x0a950000, 0x0afc3ac0, 0x0afc3c00, 0x0b400000)
 Metaspace       used 7218K, committed 7296K, reserved 8192K
}
Event: 0.318 GC heap before
{Heap before GC invocations=3 (full 0):
 def new generation   total 4928K, used 4928K [0x05400000, 0x05950000, 0x0a950000)
  eden space 4416K, 100% used [0x05400000, 0x05850000, 0x05850000)
  from space 512K, 100% used [0x058d0000, 0x05950000, 0x05950000)
  to   space 512K,   0% used [0x05850000, 0x05850000, 0x058d0000)
 tenured generation   total 10944K, used 6606K [0x0a950000, 0x0b400000, 0x15400000)
   the space 10944K,  60% used [0x0a950000, 0x0afc3ac0, 0x0afc3c00, 0x0b400000)
 Metaspace       used 9888K, committed 9984K, reserved 16384K
}
Event: 0.321 GC heap after
{Heap after GC invocations=4 (full 0):
 def new generation   total 4928K, used 512K [0x05400000, 0x05950000, 0x0a950000)
  eden space 4416K,   0% used [0x05400000, 0x05400000, 0x05850000)
  from space 512K, 100% used [0x05850000, 0x058d0000, 0x058d0000)
  to   space 512K,   0% used [0x058d0000, 0x058d0000, 0x05950000)
 tenured generation   total 10944K, used 8190K [0x0a950000, 0x0b400000, 0x15400000)
   the space 10944K,  74% used [0x0a950000, 0x0b14f8e0, 0x0b14fa00, 0x0b400000)
 Metaspace       used 9888K, committed 9984K, reserved 16384K
}
Event: 0.384 GC heap before
{Heap before GC invocations=4 (full 0):
 def new generation   total 4928K, used 4928K [0x05400000, 0x05950000, 0x0a950000)
  eden space 4416K, 100% used [0x05400000, 0x05850000, 0x05850000)
  from space 512K, 100% used [0x05850000, 0x058d0000, 0x058d0000)
  to   space 512K,   0% used [0x058d0000, 0x058d0000, 0x05950000)
 tenured generation   total 10944K, used 8190K [0x0a950000, 0x0b400000, 0x15400000)
   the space 10944K,  74% used [0x0a950000, 0x0b14f8e0, 0x0b14fa00, 0x0b400000)
 Metaspace       used 11211K, committed 11328K, reserved 16384K
}
Event: 0.386 GC heap after
{Heap after GC invocations=5 (full 0):
 def new generation   total 4928K, used 370K [0x05400000, 0x05950000, 0x0a950000)
  eden space 4416K,   0% used [0x05400000, 0x05400000, 0x05850000)
  from space 512K,  72% used [0x058d0000, 0x0592c9b8, 0x05950000)
  to   space 512K,   0% used [0x05850000, 0x05850000, 0x058d0000)
 tenured generation   total 10944K, used 8653K [0x0a950000, 0x0b400000, 0x15400000)
   the space 10944K,  79% used [0x0a950000, 0x0b1c3458, 0x0b1c3600, 0x0b400000)
 Metaspace       used 11211K, committed 11328K, reserved 16384K
}
Event: 0.546 GC heap before
{Heap before GC invocations=5 (full 0):
 def new generation   total 4928K, used 4786K [0x05400000, 0x05950000, 0x0a950000)
  eden space 4416K, 100% used [0x05400000, 0x05850000, 0x05850000)
  from space 512K,  72% used [0x058d0000, 0x0592c9b8, 0x05950000)
  to   space 512K,   0% used [0x05850000, 0x05850000, 0x058d0000)
 tenured generation   total 10944K, used 8653K [0x0a950000, 0x0b400000, 0x15400000)
   the space 10944K,  79% used [0x0a950000, 0x0b1c3458, 0x0b1c3600, 0x0b400000)
 Metaspace       used 14674K, committed 14848K, reserved 16384K
}
Event: 0.548 GC heap after
{Heap after GC invocations=6 (full 0):
 def new generation   total 4928K, used 512K [0x05400000, 0x05950000, 0x0a950000)
  eden space 4416K,   0% used [0x05400000, 0x05400000, 0x05850000)
  from space 512K, 100% used [0x05850000, 0x058d0000, 0x058d0000)
  to   space 512K,   0% used [0x058d0000, 0x058d0000, 0x05950000)
 tenured generation   total 10944K, used 9841K [0x0a950000, 0x0b400000, 0x15400000)
   the space 10944K,  89% used [0x0a950000, 0x0b2ec498, 0x0b2ec600, 0x0b400000)
 Metaspace       used 14674K, committed 14848K, reserved 16384K
}
Event: 0.669 GC heap before
{Heap before GC invocations=6 (full 0):
 def new generation   total 4928K, used 4928K [0x05400000, 0x05950000, 0x0a950000)
  eden space 4416K, 100% used [0x05400000, 0x05850000, 0x05850000)
  from space 512K, 100% used [0x05850000, 0x058d0000, 0x058d0000)
  to   space 512K,   0% used [0x058d0000, 0x058d0000, 0x05950000)
 tenured generation   total 10944K, used 9841K [0x0a950000, 0x0b400000, 0x15400000)
   the space 10944K,  89% used [0x0a950000, 0x0b2ec498, 0x0b2ec600, 0x0b400000)
 Metaspace       used 15073K, committed 15168K, reserved 16384K
}
Event: 0.671 GC heap after
{Heap after GC invocations=7 (full 0):
 def new generation   total 4928K, used 357K [0x05400000, 0x05950000, 0x0a950000)
  eden space 4416K,   0% used [0x05400000, 0x05400000, 0x05850000)
  from space 512K,  69% used [0x058d0000, 0x05929700, 0x05950000)
  to   space 512K,   0% used [0x05850000, 0x05850000, 0x058d0000)
 tenured generation   total 10944K, used 10351K [0x0a950000, 0x0b400000, 0x15400000)
   the space 10944K,  94% used [0x0a950000, 0x0b36bd20, 0x0b36be00, 0x0b400000)
 Metaspace       used 15073K, committed 15168K, reserved 16384K
}
Event: 0.726 GC heap before
{Heap before GC invocations=7 (full 0):
 def new generation   total 4928K, used 4773K [0x05400000, 0x05950000, 0x0a950000)
  eden space 4416K, 100% used [0x05400000, 0x05850000, 0x05850000)
  from space 512K,  69% used [0x058d0000, 0x05929700, 0x05950000)
  to   space 512K,   0% used [0x05850000, 0x05850000, 0x058d0000)
 tenured generation   total 10944K, used 10351K [0x0a950000, 0x0b400000, 0x15400000)
   the space 10944K,  94% used [0x0a950000, 0x0b36bd20, 0x0b36be00, 0x0b400000)
 Metaspace       used 16002K, committed 16128K, reserved 16384K
}
Event: 0.727 GC heap after
{Heap after GC invocations=8 (full 0):
 def new generation   total 4928K, used 236K [0x05400000, 0x05950000, 0x0a950000)
  eden space 4416K,   0% used [0x05400000, 0x05400000, 0x05850000)
  from space 512K,  46% used [0x05850000, 0x0588b2d8, 0x058d0000)
  to   space 512K,   0% used [0x058d0000, 0x058d0000, 0x05950000)
 tenured generation   total 12352K, used 11952K [0x0a950000, 0x0b560000, 0x15400000)
   the space 12352K,  96% used [0x0a950000, 0x0b4fc330, 0x0b4fc400, 0x0b560000)
 Metaspace       used 16002K, committed 16128K, reserved 16384K
}
Event: 0.727 GC heap before
{Heap before GC invocations=8 (full 0):
 def new generation   total 4928K, used 236K [0x05400000, 0x05950000, 0x0a950000)
  eden space 4416K,   0% used [0x05400000, 0x05400000, 0x05850000)
  from space 512K,  46% used [0x05850000, 0x0588b2d8, 0x058d0000)
  to   space 512K,   0% used [0x058d0000, 0x058d0000, 0x05950000)
 tenured generation   total 12352K, used 11952K [0x0a950000, 0x0b560000, 0x15400000)
   the space 12352K,  96% used [0x0a950000, 0x0b4fc330, 0x0b4fc400, 0x0b560000)
 Metaspace       used 16002K, committed 16128K, reserved 16384K
}
Event: 0.735 GC heap after
{Heap after GC invocations=8 (full 1):
 def new generation   total 9216K, used 0K [0x05400000, 0x05df0000, 0x0a950000)
  eden space 8256K,   0% used [0x05400000, 0x05400000, 0x05c10000)
  from space 960K,   0% used [0x05c10000, 0x05c10000, 0x05d00000)
  to   space 960K,   0% used [0x05d00000, 0x05d00000, 0x05df0000)
 tenured generation   total 20316K, used 12189K [0x0a950000, 0x0bd27000, 0x15400000)
   the space 20316K,  59% used [0x0a950000, 0x0b5375c8, 0x0b537600, 0x0bd27000)
 Metaspace       used 16002K, committed 16128K, reserved 16384K
}
Event: 2.355 GC heap before
{Heap before GC invocations=8 (full 1):
 def new generation   total 9216K, used 5666K [0x05400000, 0x05df0000, 0x0a950000)
  eden space 8256K,  68% used [0x05400000, 0x05988880, 0x05c10000)
  from space 960K,   0% used [0x05c10000, 0x05c10000, 0x05d00000)
  to   space 960K,   0% used [0x05d00000, 0x05d00000, 0x05df0000)
 tenured generation   total 20316K, used 12189K [0x0a950000, 0x0bd27000, 0x15400000)
   the space 20316K,  59% used [0x0a950000, 0x0b5375c8, 0x0b537600, 0x0bd27000)
 Metaspace       used 18159K, committed 18240K, reserved 24576K
}
Event: 2.359 GC heap after
{Heap after GC invocations=9 (full 1):
 def new generation   total 9216K, used 622K [0x05400000, 0x05df0000, 0x0a950000)
  eden space 8256K,   0% used [0x05400000, 0x05400000, 0x05c10000)
  from space 960K,  64% used [0x05d00000, 0x05d9b930, 0x05df0000)
  to   space 960K,   0% used [0x05c10000, 0x05c10000, 0x05d00000)
 tenured generation   total 20316K, used 14418K [0x0a950000, 0x0bd27000, 0x15400000)
   the space 20316K,  70% used [0x0a950000, 0x0b764900, 0x0b764a00, 0x0bd27000)
 Metaspace       used 18159K, committed 18240K, reserved 24576K
}

