# JRE version: OpenJDK Runtime Environment Temurin-17.0.6+10 (17.0.6+10) (build 17.0.6+10)
# Java VM: OpenJDK Client VM Temurin-17.0.6+10 (17.0.6+10, mixed mode, emulated-client, serial gc, windows-x86)
GC Precious Log:
 CPUs: 8 total, 8 available
 Memory: 16140M
 Large Page Support: Disabled
 NUMA Support: Disabled
 Compressed Oops: Disabled
 Heap Min Capacity: 6M
 Heap Initial Capacity: 16M
 Heap Max Capacity: 256M
 Pre-touch: Disabled
Heap:
 def new generation   total 9216K, used 6298K [0x04800000, 0x051f0000, 0x09d50000)
  eden space 8256K,  68% used [0x04800000, 0x04d8b270, 0x05010000)
  from space 960K,  64% used [0x05100000, 0x0519b958, 0x051f0000)
  to   space 960K,   0% used [0x05010000, 0x05010000, 0x05100000)
 tenured generation   total 20288K, used 14401K [0x09d50000, 0x0b120000, 0x14800000)
   the space 20288K,  70% used [0x09d50000, 0x0ab604d0, 0x0ab60600, 0x0b120000)
 Metaspace       used 18230K, committed 18432K, reserved 24576K
GC Heap History (20 events):
Event: 0.093 GC heap before
{Heap before GC invocations=0 (full 0):
 def new generation   total 4928K, used 2845K [0x04800000, 0x04d50000, 0x09d50000)
  eden space 4416K,  64% used [0x04800000, 0x04ac75e8, 0x04c50000)
  from space 512K,   0% used [0x04c50000, 0x04c50000, 0x04cd0000)
  to   space 512K,   0% used [0x04cd0000, 0x04cd0000, 0x04d50000)
 tenured generation   total 10944K, used 0K [0x09d50000, 0x0a800000, 0x14800000)
   the space 10944K,   0% used [0x09d50000, 0x09d50000, 0x09d50200, 0x0a800000)
 Metaspace       used 4146K, committed 4224K, reserved 8192K
}
Event: 0.095 GC heap after
{Heap after GC invocations=1 (full 0):
 def new generation   total 4928K, used 512K [0x04800000, 0x04d50000, 0x09d50000)
  eden space 4416K,   0% used [0x04800000, 0x04800000, 0x04c50000)
  from space 512K, 100% used [0x04cd0000, 0x04d50000, 0x04d50000)
  to   space 512K,   0% used [0x04c50000, 0x04c50000, 0x04cd0000)
 tenured generation   total 10944K, used 1417K [0x09d50000, 0x0a800000, 0x14800000)
   the space 10944K,  12% used [0x09d50000, 0x09eb2538, 0x09eb2600, 0x0a800000)
 Metaspace       used 4146K, committed 4224K, reserved 8192K
}
Event: 0.109 GC heap before
{Heap before GC invocations=1 (full 0):
 def new generation   total 4928K, used 4892K [0x04800000, 0x04d50000, 0x09d50000)
  eden space 4416K,  99% used [0x04800000, 0x04c473d8, 0x04c50000)
  from space 512K, 100% used [0x04cd0000, 0x04d50000, 0x04d50000)
  to   space 512K,   0% used [0x04c50000, 0x04c50000, 0x04cd0000)
 tenured generation   total 10944K, used 1417K [0x09d50000, 0x0a800000, 0x14800000)
   the space 10944K,  12% used [0x09d50000, 0x09eb2538, 0x09eb2600, 0x0a800000)
 Metaspace       used 4146K, committed 4224K, reserved 8192K
}
Event: 0.111 GC heap after
{Heap after GC invocations=2 (full 0):
 def new generation   total 4928K, used 512K [0x04800000, 0x04d50000, 0x09d50000)
  eden space 4416K,   0% used [0x04800000, 0x04800000, 0x04c50000)
  from space 512K, 100% used [0x04c50000, 0x04cd0000, 0x04cd0000)
  to   space 512K,   0% used [0x04cd0000, 0x04cd0000, 0x04d50000)
 tenured generation   total 10944K, used 5313K [0x09d50000, 0x0a800000, 0x14800000)
   the space 10944K,  48% used [0x09d50000, 0x0a280758, 0x0a280800, 0x0a800000)
 Metaspace       used 4146K, committed 4224K, reserved 8192K
}
Event: 0.211 GC heap before
{Heap before GC invocations=2 (full 0):
 def new generation   total 4928K, used 4928K [0x04800000, 0x04d50000, 0x09d50000)
  eden space 4416K, 100% used [0x04800000, 0x04c50000, 0x04c50000)
  from space 512K, 100% used [0x04c50000, 0x04cd0000, 0x04cd0000)
  to   space 512K,   0% used [0x04cd0000, 0x04cd0000, 0x04d50000)
 tenured generation   total 10944K, used 5313K [0x09d50000, 0x0a800000, 0x14800000)
   the space 10944K,  48% used [0x09d50000, 0x0a280758, 0x0a280800, 0x0a800000)
 Metaspace       used 7218K, committed 7296K, reserved 8192K
}
Event: 0.214 GC heap after
{Heap after GC invocations=3 (full 0):
 def new generation   total 4928K, used 512K [0x04800000, 0x04d50000, 0x09d50000)
  eden space 4416K,   0% used [0x04800000, 0x04800000, 0x04c50000)
  from space 512K, 100% used [0x04cd0000, 0x04d50000, 0x04d50000)
  to   space 512K,   0% used [0x04c50000, 0x04c50000, 0x04cd0000)
 tenured generation   total 10944K, used 6607K [0x09d50000, 0x0a800000, 0x14800000)
   the space 10944K,  60% used [0x09d50000, 0x0a3c3c80, 0x0a3c3e00, 0x0a800000)
 Metaspace       used 7218K, committed 7296K, reserved 8192K
}
Event: 0.336 GC heap before
{Heap before GC invocations=3 (full 0):
 def new generation   total 4928K, used 4928K [0x04800000, 0x04d50000, 0x09d50000)
  eden space 4416K, 100% used [0x04800000, 0x04c50000, 0x04c50000)
  from space 512K, 100% used [0x04cd0000, 0x04d50000, 0x04d50000)
  to   space 512K,   0% used [0x04c50000, 0x04c50000, 0x04cd0000)
 tenured generation   total 10944K, used 6607K [0x09d50000, 0x0a800000, 0x14800000)
   the space 10944K,  60% used [0x09d50000, 0x0a3c3c80, 0x0a3c3e00, 0x0a800000)
 Metaspace       used 9952K, committed 10048K, reserved 16384K
}
Event: 0.340 GC heap after
{Heap after GC invocations=4 (full 0):
 def new generation   total 4928K, used 512K [0x04800000, 0x04d50000, 0x09d50000)
  eden space 4416K,   0% used [0x04800000, 0x04800000, 0x04c50000)
  from space 512K, 100% used [0x04c50000, 0x04cd0000, 0x04cd0000)
  to   space 512K,   0% used [0x04cd0000, 0x04cd0000, 0x04d50000)
 tenured generation   total 10944K, used 8194K [0x09d50000, 0x0a800000, 0x14800000)
   the space 10944K,  74% used [0x09d50000, 0x0a550aa0, 0x0a550c00, 0x0a800000)
 Metaspace       used 9952K, committed 10048K, reserved 16384K
}
Event: 0.407 GC heap before
{Heap before GC invocations=4 (full 0):
 def new generation   total 4928K, used 4928K [0x04800000, 0x04d50000, 0x09d50000)
  eden space 4416K, 100% used [0x04800000, 0x04c50000, 0x04c50000)
  from space 512K, 100% used [0x04c50000, 0x04cd0000, 0x04cd0000)
  to   space 512K,   0% used [0x04cd0000, 0x04cd0000, 0x04d50000)
 tenured generation   total 10944K, used 8194K [0x09d50000, 0x0a800000, 0x14800000)
   the space 10944K,  74% used [0x09d50000, 0x0a550aa0, 0x0a550c00, 0x0a800000)
 Metaspace       used 11260K, committed 11392K, reserved 16384K
}
Event: 0.409 GC heap after
{Heap after GC invocations=5 (full 0):
 def new generation   total 4928K, used 390K [0x04800000, 0x04d50000, 0x09d50000)
  eden space 4416K,   0% used [0x04800000, 0x04800000, 0x04c50000)
  from space 512K,  76% used [0x04cd0000, 0x04d31890, 0x04d50000)
  to   space 512K,   0% used [0x04c50000, 0x04c50000, 0x04cd0000)
 tenured generation   total 10944K, used 8657K [0x09d50000, 0x0a800000, 0x14800000)
   the space 10944K,  79% used [0x09d50000, 0x0a5c4508, 0x0a5c4600, 0x0a800000)
 Metaspace       used 11260K, committed 11392K, reserved 16384K
}
Event: 0.568 GC heap before
{Heap before GC invocations=5 (full 0):
 def new generation   total 4928K, used 4806K [0x04800000, 0x04d50000, 0x09d50000)
  eden space 4416K, 100% used [0x04800000, 0x04c50000, 0x04c50000)
  from space 512K,  76% used [0x04cd0000, 0x04d31890, 0x04d50000)
  to   space 512K,   0% used [0x04c50000, 0x04c50000, 0x04cd0000)
 tenured generation   total 10944K, used 8657K [0x09d50000, 0x0a800000, 0x14800000)
   the space 10944K,  79% used [0x09d50000, 0x0a5c4508, 0x0a5c4600, 0x0a800000)
 Metaspace       used 14679K, committed 14848K, reserved 16384K
}
Event: 0.571 GC heap after
{Heap after GC invocations=6 (full 0):
 def new generation   total 4928K, used 512K [0x04800000, 0x04d50000, 0x09d50000)
  eden space 4416K,   0% used [0x04800000, 0x04800000, 0x04c50000)
  from space 512K, 100% used [0x04c50000, 0x04cd0000, 0x04cd0000)
  to   space 512K,   0% used [0x04cd0000, 0x04cd0000, 0x04d50000)
 tenured generation   total 10944K, used 9841K [0x09d50000, 0x0a800000, 0x14800000)
   the space 10944K,  89% used [0x09d50000, 0x0a6ec7d8, 0x0a6ec800, 0x0a800000)
 Metaspace       used 14679K, committed 14848K, reserved 16384K
}
Event: 0.693 GC heap before
{Heap before GC invocations=6 (full 0):
 def new generation   total 4928K, used 4928K [0x04800000, 0x04d50000, 0x09d50000)
  eden space 4416K, 100% used [0x04800000, 0x04c50000, 0x04c50000)
  from space 512K, 100% used [0x04c50000, 0x04cd0000, 0x04cd0000)
  to   space 512K,   0% used [0x04cd0000, 0x04cd0000, 0x04d50000)
 tenured generation   total 10944K, used 9841K [0x09d50000, 0x0a800000, 0x14800000)
   the space 10944K,  89% used [0x09d50000, 0x0a6ec7d8, 0x0a6ec800, 0x0a800000)
 Metaspace       used 15073K, committed 15168K, reserved 16384K
}
Event: 0.695 GC heap after
{Heap after GC invocations=7 (full 0):
 def new generation   total 4928K, used 318K [0x04800000, 0x04d50000, 0x09d50000)
  eden space 4416K,   0% used [0x04800000, 0x04800000, 0x04c50000)
  from space 512K,  62% used [0x04cd0000, 0x04d1f9e0, 0x04d50000)
  to   space 512K,   0% used [0x04c50000, 0x04c50000, 0x04cd0000)
 tenured generation   total 10944K, used 10351K [0x09d50000, 0x0a800000, 0x14800000)
   the space 10944K,  94% used [0x09d50000, 0x0a76bc78, 0x0a76be00, 0x0a800000)
 Metaspace       used 15073K, committed 15168K, reserved 16384K
}
Event: 0.750 GC heap before
{Heap before GC invocations=7 (full 0):
 def new generation   total 4928K, used 4734K [0x04800000, 0x04d50000, 0x09d50000)
  eden space 4416K, 100% used [0x04800000, 0x04c50000, 0x04c50000)
  from space 512K,  62% used [0x04cd0000, 0x04d1f9e0, 0x04d50000)
  to   space 512K,   0% used [0x04c50000, 0x04c50000, 0x04cd0000)
 tenured generation   total 10944K, used 10351K [0x09d50000, 0x0a800000, 0x14800000)
   the space 10944K,  94% used [0x09d50000, 0x0a76bc78, 0x0a76be00, 0x0a800000)
 Metaspace       used 16002K, committed 16128K, reserved 16384K
}
Event: 0.751 GC heap after
{Heap after GC invocations=8 (full 0):
 def new generation   total 4928K, used 217K [0x04800000, 0x04d50000, 0x09d50000)
  eden space 4416K,   0% used [0x04800000, 0x04800000, 0x04c50000)
  from space 512K,  42% used [0x04c50000, 0x04c86570, 0x04cd0000)
  to   space 512K,   0% used [0x04cd0000, 0x04cd0000, 0x04d50000)
 tenured generation   total 12352K, used 11955K [0x09d50000, 0x0a960000, 0x14800000)
   the space 12352K,  96% used [0x09d50000, 0x0a8fcc68, 0x0a8fce00, 0x0a960000)
 Metaspace       used 16002K, committed 16128K, reserved 16384K
}
Event: 0.751 GC heap before
{Heap before GC invocations=8 (full 0):
 def new generation   total 4928K, used 217K [0x04800000, 0x04d50000, 0x09d50000)
  eden space 4416K,   0% used [0x04800000, 0x04800000, 0x04c50000)
  from space 512K,  42% used [0x04c50000, 0x04c86570, 0x04cd0000)
  to   space 512K,   0% used [0x04cd0000, 0x04cd0000, 0x04d50000)
 tenured generation   total 12352K, used 11955K [0x09d50000, 0x0a960000, 0x14800000)
   the space 12352K,  96% used [0x09d50000, 0x0a8fcc68, 0x0a8fce00, 0x0a960000)
 Metaspace       used 16002K, committed 16128K, reserved 16384K
}
Event: 0.759 GC heap after
{Heap after GC invocations=8 (full 1):
 def new generation   total 9216K, used 0K [0x04800000, 0x051f0000, 0x09d50000)
  eden space 8256K,   0% used [0x04800000, 0x04800000, 0x05010000)
  from space 960K,   0% used [0x05010000, 0x05010000, 0x05100000)
  to   space 960K,   0% used [0x05100000, 0x05100000, 0x051f0000)
 tenured generation   total 20288K, used 12172K [0x09d50000, 0x0b120000, 0x14800000)
   the space 20288K,  59% used [0x09d50000, 0x0a933198, 0x0a933200, 0x0b120000)
 Metaspace       used 16002K, committed 16128K, reserved 16384K
}
Event: 2.141 GC heap before
{Heap before GC invocations=8 (full 1):
 def new generation   total 9216K, used 5703K [0x04800000, 0x051f0000, 0x09d50000)
  eden space 8256K,  69% used [0x04800000, 0x04d91e08, 0x05010000)
  from space 960K,   0% used [0x05010000, 0x05010000, 0x05100000)
  to   space 960K,   0% used [0x05100000, 0x05100000, 0x051f0000)
 tenured generation   total 20288K, used 12172K [0x09d50000, 0x0b120000, 0x14800000)
   the space 20288K,  59% used [0x09d50000, 0x0a933198, 0x0a933200, 0x0b120000)
 Metaspace       used 18159K, committed 18304K, reserved 24576K
}
Event: 2.144 GC heap after
{Heap after GC invocations=9 (full 1):
 def new generation   total 9216K, used 622K [0x04800000, 0x051f0000, 0x09d50000)
  eden space 8256K,   0% used [0x04800000, 0x04800000, 0x05010000)
  from space 960K,  64% used [0x05100000, 0x0519b958, 0x051f0000)
  to   space 960K,   0% used [0x05010000, 0x05010000, 0x05100000)
 tenured generation   total 20288K, used 14401K [0x09d50000, 0x0b120000, 0x14800000)
   the space 20288K,  70% used [0x09d50000, 0x0ab604d0, 0x0ab60600, 0x0b120000)
 Metaspace       used 18159K, committed 18304K, reserved 24576K
}

