# JRE version: OpenJDK Runtime Environment Temurin-17.0.6+10 (17.0.6+10) (build 17.0.6+10)
# Java VM: OpenJDK Client VM Temurin-17.0.6+10 (17.0.6+10, mixed mode, emulated-client, serial gc, windows-x86)
GC Precious Log:
 CPUs: 8 total, 8 available
 Memory: 16140M
 Large Page Support: Disabled
 NUMA Support: Disabled
 Compressed Oops: Disabled
 Heap Min Capacity: 6M
 Heap Initial Capacity: 16M
 Heap Max Capacity: 256M
 Pre-touch: Disabled
Heap:
 def new generation   total 9216K, used 6188K [0x04c00000, 0x055f0000, 0x0a150000)
  eden space 8256K,  67% used [0x04c00000, 0x0516f8c8, 0x05410000)
  from space 960K,  64% used [0x05500000, 0x0559b8e0, 0x055f0000)
  to   space 960K,   0% used [0x05410000, 0x05410000, 0x05500000)
 tenured generation   total 20300K, used 14407K [0x0a150000, 0x0b523000, 0x14c00000)
   the space 20300K,  70% used [0x0a150000, 0x0af61f80, 0x0af62000, 0x0b523000)
 Metaspace       used 18229K, committed 18368K, reserved 24576K
GC Heap History (20 events):
Event: 0.094 GC heap before
{Heap before GC invocations=0 (full 0):
 def new generation   total 4928K, used 2845K [0x04c00000, 0x05150000, 0x0a150000)
  eden space 4416K,  64% used [0x04c00000, 0x04ec7578, 0x05050000)
  from space 512K,   0% used [0x05050000, 0x05050000, 0x050d0000)
  to   space 512K,   0% used [0x050d0000, 0x050d0000, 0x05150000)
 tenured generation   total 10944K, used 0K [0x0a150000, 0x0ac00000, 0x14c00000)
   the space 10944K,   0% used [0x0a150000, 0x0a150000, 0x0a150200, 0x0ac00000)
 Metaspace       used 4146K, committed 4224K, reserved 8192K
}
Event: 0.096 GC heap after
{Heap after GC invocations=1 (full 0):
 def new generation   total 4928K, used 512K [0x04c00000, 0x05150000, 0x0a150000)
  eden space 4416K,   0% used [0x04c00000, 0x04c00000, 0x05050000)
  from space 512K, 100% used [0x050d0000, 0x05150000, 0x05150000)
  to   space 512K,   0% used [0x05050000, 0x05050000, 0x050d0000)
 tenured generation   total 10944K, used 1417K [0x0a150000, 0x0ac00000, 0x14c00000)
   the space 10944K,  12% used [0x0a150000, 0x0a2b2538, 0x0a2b2600, 0x0ac00000)
 Metaspace       used 4146K, committed 4224K, reserved 8192K
}
Event: 0.111 GC heap before
{Heap before GC invocations=1 (full 0):
 def new generation   total 4928K, used 4892K [0x04c00000, 0x05150000, 0x0a150000)
  eden space 4416K,  99% used [0x04c00000, 0x050473d8, 0x05050000)
  from space 512K, 100% used [0x050d0000, 0x05150000, 0x05150000)
  to   space 512K,   0% used [0x05050000, 0x05050000, 0x050d0000)
 tenured generation   total 10944K, used 1417K [0x0a150000, 0x0ac00000, 0x14c00000)
   the space 10944K,  12% used [0x0a150000, 0x0a2b2538, 0x0a2b2600, 0x0ac00000)
 Metaspace       used 4146K, committed 4224K, reserved 8192K
}
Event: 0.114 GC heap after
{Heap after GC invocations=2 (full 0):
 def new generation   total 4928K, used 512K [0x04c00000, 0x05150000, 0x0a150000)
  eden space 4416K,   0% used [0x04c00000, 0x04c00000, 0x05050000)
  from space 512K, 100% used [0x05050000, 0x050d0000, 0x050d0000)
  to   space 512K,   0% used [0x050d0000, 0x050d0000, 0x05150000)
 tenured generation   total 10944K, used 5313K [0x0a150000, 0x0ac00000, 0x14c00000)
   the space 10944K,  48% used [0x0a150000, 0x0a680758, 0x0a680800, 0x0ac00000)
 Metaspace       used 4146K, committed 4224K, reserved 8192K
}
Event: 0.206 GC heap before
{Heap before GC invocations=2 (full 0):
 def new generation   total 4928K, used 4928K [0x04c00000, 0x05150000, 0x0a150000)
  eden space 4416K, 100% used [0x04c00000, 0x05050000, 0x05050000)
  from space 512K, 100% used [0x05050000, 0x050d0000, 0x050d0000)
  to   space 512K,   0% used [0x050d0000, 0x050d0000, 0x05150000)
 tenured generation   total 10944K, used 5313K [0x0a150000, 0x0ac00000, 0x14c00000)
   the space 10944K,  48% used [0x0a150000, 0x0a680758, 0x0a680800, 0x0ac00000)
 Metaspace       used 7218K, committed 7296K, reserved 8192K
}
Event: 0.208 GC heap after
{Heap after GC invocations=3 (full 0):
 def new generation   total 4928K, used 512K [0x04c00000, 0x05150000, 0x0a150000)
  eden space 4416K,   0% used [0x04c00000, 0x04c00000, 0x05050000)
  from space 512K, 100% used [0x050d0000, 0x05150000, 0x05150000)
  to   space 512K,   0% used [0x05050000, 0x05050000, 0x050d0000)
 tenured generation   total 10944K, used 6606K [0x0a150000, 0x0ac00000, 0x14c00000)
   the space 10944K,  60% used [0x0a150000, 0x0a7c3b30, 0x0a7c3c00, 0x0ac00000)
 Metaspace       used 7218K, committed 7296K, reserved 8192K
}
Event: 0.321 GC heap before
{Heap before GC invocations=3 (full 0):
 def new generation   total 4928K, used 4928K [0x04c00000, 0x05150000, 0x0a150000)
  eden space 4416K, 100% used [0x04c00000, 0x05050000, 0x05050000)
  from space 512K, 100% used [0x050d0000, 0x05150000, 0x05150000)
  to   space 512K,   0% used [0x05050000, 0x05050000, 0x050d0000)
 tenured generation   total 10944K, used 6606K [0x0a150000, 0x0ac00000, 0x14c00000)
   the space 10944K,  60% used [0x0a150000, 0x0a7c3b30, 0x0a7c3c00, 0x0ac00000)
 Metaspace       used 9950K, committed 10048K, reserved 16384K
}
Event: 0.325 GC heap after
{Heap after GC invocations=4 (full 0):
 def new generation   total 4928K, used 512K [0x04c00000, 0x05150000, 0x0a150000)
  eden space 4416K,   0% used [0x04c00000, 0x04c00000, 0x05050000)
  from space 512K, 100% used [0x05050000, 0x050d0000, 0x050d0000)
  to   space 512K,   0% used [0x050d0000, 0x050d0000, 0x05150000)
 tenured generation   total 10944K, used 8194K [0x0a150000, 0x0ac00000, 0x14c00000)
   the space 10944K,  74% used [0x0a150000, 0x0a950920, 0x0a950a00, 0x0ac00000)
 Metaspace       used 9950K, committed 10048K, reserved 16384K
}
Event: 0.390 GC heap before
{Heap before GC invocations=4 (full 0):
 def new generation   total 4928K, used 4928K [0x04c00000, 0x05150000, 0x0a150000)
  eden space 4416K, 100% used [0x04c00000, 0x05050000, 0x05050000)
  from space 512K, 100% used [0x05050000, 0x050d0000, 0x050d0000)
  to   space 512K,   0% used [0x050d0000, 0x050d0000, 0x05150000)
 tenured generation   total 10944K, used 8194K [0x0a150000, 0x0ac00000, 0x14c00000)
   the space 10944K,  74% used [0x0a150000, 0x0a950920, 0x0a950a00, 0x0ac00000)
 Metaspace       used 11249K, committed 11392K, reserved 16384K
}
Event: 0.392 GC heap after
{Heap after GC invocations=5 (full 0):
 def new generation   total 4928K, used 381K [0x04c00000, 0x05150000, 0x0a150000)
  eden space 4416K,   0% used [0x04c00000, 0x04c00000, 0x05050000)
  from space 512K,  74% used [0x050d0000, 0x0512f7f8, 0x05150000)
  to   space 512K,   0% used [0x05050000, 0x05050000, 0x050d0000)
 tenured generation   total 10944K, used 8657K [0x0a150000, 0x0ac00000, 0x14c00000)
   the space 10944K,  79% used [0x0a150000, 0x0a9c4430, 0x0a9c4600, 0x0ac00000)
 Metaspace       used 11249K, committed 11392K, reserved 16384K
}
Event: 0.548 GC heap before
{Heap before GC invocations=5 (full 0):
 def new generation   total 4928K, used 4797K [0x04c00000, 0x05150000, 0x0a150000)
  eden space 4416K, 100% used [0x04c00000, 0x05050000, 0x05050000)
  from space 512K,  74% used [0x050d0000, 0x0512f7f8, 0x05150000)
  to   space 512K,   0% used [0x05050000, 0x05050000, 0x050d0000)
 tenured generation   total 10944K, used 8657K [0x0a150000, 0x0ac00000, 0x14c00000)
   the space 10944K,  79% used [0x0a150000, 0x0a9c4430, 0x0a9c4600, 0x0ac00000)
 Metaspace       used 14675K, committed 14848K, reserved 16384K
}
Event: 0.551 GC heap after
{Heap after GC invocations=6 (full 0):
 def new generation   total 4928K, used 512K [0x04c00000, 0x05150000, 0x0a150000)
  eden space 4416K,   0% used [0x04c00000, 0x04c00000, 0x05050000)
  from space 512K, 100% used [0x05050000, 0x050d0000, 0x050d0000)
  to   space 512K,   0% used [0x050d0000, 0x050d0000, 0x05150000)
 tenured generation   total 10944K, used 9854K [0x0a150000, 0x0ac00000, 0x14c00000)
   the space 10944K,  90% used [0x0a150000, 0x0aaef8b0, 0x0aaefa00, 0x0ac00000)
 Metaspace       used 14675K, committed 14848K, reserved 16384K
}
Event: 0.670 GC heap before
{Heap before GC invocations=6 (full 0):
 def new generation   total 4928K, used 4928K [0x04c00000, 0x05150000, 0x0a150000)
  eden space 4416K, 100% used [0x04c00000, 0x05050000, 0x05050000)
  from space 512K, 100% used [0x05050000, 0x050d0000, 0x050d0000)
  to   space 512K,   0% used [0x050d0000, 0x050d0000, 0x05150000)
 tenured generation   total 10944K, used 9854K [0x0a150000, 0x0ac00000, 0x14c00000)
   the space 10944K,  90% used [0x0a150000, 0x0aaef8b0, 0x0aaefa00, 0x0ac00000)
 Metaspace       used 15073K, committed 15168K, reserved 16384K
}
Event: 0.672 GC heap after
{Heap after GC invocations=7 (full 0):
 def new generation   total 4928K, used 317K [0x04c00000, 0x05150000, 0x0a150000)
  eden space 4416K,   0% used [0x04c00000, 0x04c00000, 0x05050000)
  from space 512K,  62% used [0x050d0000, 0x0511f7c8, 0x05150000)
  to   space 512K,   0% used [0x05050000, 0x05050000, 0x050d0000)
 tenured generation   total 10944K, used 10357K [0x0a150000, 0x0ac00000, 0x14c00000)
   the space 10944K,  94% used [0x0a150000, 0x0ab6d578, 0x0ab6d600, 0x0ac00000)
 Metaspace       used 15073K, committed 15168K, reserved 16384K
}
Event: 0.724 GC heap before
{Heap before GC invocations=7 (full 0):
 def new generation   total 4928K, used 4733K [0x04c00000, 0x05150000, 0x0a150000)
  eden space 4416K, 100% used [0x04c00000, 0x05050000, 0x05050000)
  from space 512K,  62% used [0x050d0000, 0x0511f7c8, 0x05150000)
  to   space 512K,   0% used [0x05050000, 0x05050000, 0x050d0000)
 tenured generation   total 10944K, used 10357K [0x0a150000, 0x0ac00000, 0x14c00000)
   the space 10944K,  94% used [0x0a150000, 0x0ab6d578, 0x0ab6d600, 0x0ac00000)
 Metaspace       used 16002K, committed 16128K, reserved 16384K
}
Event: 0.726 GC heap after
{Heap after GC invocations=8 (full 0):
 def new generation   total 4928K, used 218K [0x04c00000, 0x05150000, 0x0a150000)
  eden space 4416K,   0% used [0x04c00000, 0x04c00000, 0x05050000)
  from space 512K,  42% used [0x05050000, 0x05086a30, 0x050d0000)
  to   space 512K,   0% used [0x050d0000, 0x050d0000, 0x05150000)
 tenured generation   total 12352K, used 11960K [0x0a150000, 0x0ad60000, 0x14c00000)
   the space 12352K,  96% used [0x0a150000, 0x0acfe258, 0x0acfe400, 0x0ad60000)
 Metaspace       used 16002K, committed 16128K, reserved 16384K
}
Event: 0.726 GC heap before
{Heap before GC invocations=8 (full 0):
 def new generation   total 4928K, used 218K [0x04c00000, 0x05150000, 0x0a150000)
  eden space 4416K,   0% used [0x04c00000, 0x04c00000, 0x05050000)
  from space 512K,  42% used [0x05050000, 0x05086a30, 0x050d0000)
  to   space 512K,   0% used [0x050d0000, 0x050d0000, 0x05150000)
 tenured generation   total 12352K, used 11960K [0x0a150000, 0x0ad60000, 0x14c00000)
   the space 12352K,  96% used [0x0a150000, 0x0acfe258, 0x0acfe400, 0x0ad60000)
 Metaspace       used 16002K, committed 16128K, reserved 16384K
}
Event: 0.733 GC heap after
{Heap after GC invocations=8 (full 1):
 def new generation   total 9216K, used 0K [0x04c00000, 0x055f0000, 0x0a150000)
  eden space 8256K,   0% used [0x04c00000, 0x04c00000, 0x05410000)
  from space 960K,   0% used [0x05410000, 0x05410000, 0x05500000)
  to   space 960K,   0% used [0x05500000, 0x05500000, 0x055f0000)
 tenured generation   total 20300K, used 12179K [0x0a150000, 0x0b523000, 0x14c00000)
   the space 20300K,  59% used [0x0a150000, 0x0ad34c48, 0x0ad34e00, 0x0b523000)
 Metaspace       used 16002K, committed 16128K, reserved 16384K
}
Event: 2.010 GC heap before
{Heap before GC invocations=8 (full 1):
 def new generation   total 9216K, used 5704K [0x04c00000, 0x055f0000, 0x0a150000)
  eden space 8256K,  69% used [0x04c00000, 0x051922a8, 0x05410000)
  from space 960K,   0% used [0x05410000, 0x05410000, 0x05500000)
  to   space 960K,   0% used [0x05500000, 0x05500000, 0x055f0000)
 tenured generation   total 20300K, used 12179K [0x0a150000, 0x0b523000, 0x14c00000)
   the space 20300K,  59% used [0x0a150000, 0x0ad34c48, 0x0ad34e00, 0x0b523000)
 Metaspace       used 18159K, committed 18240K, reserved 24576K
}
Event: 2.014 GC heap after
{Heap after GC invocations=9 (full 1):
 def new generation   total 9216K, used 622K [0x04c00000, 0x055f0000, 0x0a150000)
  eden space 8256K,   0% used [0x04c00000, 0x04c00000, 0x05410000)
  from space 960K,  64% used [0x05500000, 0x0559b8e0, 0x055f0000)
  to   space 960K,   0% used [0x05410000, 0x05410000, 0x05500000)
 tenured generation   total 20300K, used 14407K [0x0a150000, 0x0b523000, 0x14c00000)
   the space 20300K,  70% used [0x0a150000, 0x0af61f80, 0x0af62000, 0x0b523000)
 Metaspace       used 18159K, committed 18240K, reserved 24576K
}

