# JRE version: OpenJDK Runtime Environment Temurin-17.0.6+10 (17.0.6+10) (build 17.0.6+10)
# Java VM: OpenJDK Client VM Temurin-17.0.6+10 (17.0.6+10, mixed mode, emulated-client, serial gc, windows-x86)
GC Precious Log:
 CPUs: 8 total, 8 available
 Memory: 16140M
 Large Page Support: Disabled
 NUMA Support: Disabled
 Compressed Oops: Disabled
 Heap Min Capacity: 6M
 Heap Initial Capacity: 16M
 Heap Max Capacity: 256M
 Pre-touch: Disabled
Heap:
 def new generation   total 13248K, used 1728K [0x04a00000, 0x05850000, 0x09f50000)
  eden space 11840K,  14% used [0x04a00000, 0x04bb01e0, 0x05590000)
  from space 1408K,   0% used [0x05590000, 0x05590000, 0x056f0000)
  to   space 1408K,   0% used [0x056f0000, 0x056f0000, 0x05850000)
 tenured generation   total 29256K, used 17551K [0x09f50000, 0x0bbe2000, 0x14a00000)
   the space 29256K,  59% used [0x09f50000, 0x0b073eb0, 0x0b074000, 0x0bbe2000)
 Metaspace       used 19303K, committed 19520K, reserved 24576K
GC Heap History (20 events):
Event: 0.452 GC heap before
{Heap before GC invocations=4 (full 0):
 def new generation   total 4928K, used 4928K [0x04a00000, 0x04f50000, 0x09f50000)
  eden space 4416K, 100% used [0x04a00000, 0x04e50000, 0x04e50000)
  from space 512K, 100% used [0x04e50000, 0x04ed0000, 0x04ed0000)
  to   space 512K,   0% used [0x04ed0000, 0x04ed0000, 0x04f50000)
 tenured generation   total 10944K, used 7261K [0x09f50000, 0x0aa00000, 0x14a00000)
   the space 10944K,  66% used [0x09f50000, 0x0a6674f8, 0x0a667600, 0x0aa00000)
 Metaspace       used 9839K, committed 9920K, reserved 16384K
}
Event: 0.454 GC heap after
{Heap after GC invocations=5 (full 0):
 def new generation   total 4928K, used 512K [0x04a00000, 0x04f50000, 0x09f50000)
  eden space 4416K,   0% used [0x04a00000, 0x04a00000, 0x04e50000)
  from space 512K, 100% used [0x04ed0000, 0x04f50000, 0x04f50000)
  to   space 512K,   0% used [0x04e50000, 0x04e50000, 0x04ed0000)
 tenured generation   total 10944K, used 8315K [0x09f50000, 0x0aa00000, 0x14a00000)
   the space 10944K,  75% used [0x09f50000, 0x0a76ef50, 0x0a76f000, 0x0aa00000)
 Metaspace       used 9839K, committed 9920K, reserved 16384K
}
Event: 0.518 GC heap before
{Heap before GC invocations=5 (full 0):
 def new generation   total 4928K, used 4928K [0x04a00000, 0x04f50000, 0x09f50000)
  eden space 4416K, 100% used [0x04a00000, 0x04e50000, 0x04e50000)
  from space 512K, 100% used [0x04ed0000, 0x04f50000, 0x04f50000)
  to   space 512K,   0% used [0x04e50000, 0x04e50000, 0x04ed0000)
 tenured generation   total 10944K, used 8315K [0x09f50000, 0x0aa00000, 0x14a00000)
   the space 10944K,  75% used [0x09f50000, 0x0a76ef50, 0x0a76f000, 0x0aa00000)
 Metaspace       used 10994K, committed 11136K, reserved 16384K
}
Event: 0.519 GC heap after
{Heap after GC invocations=6 (full 0):
 def new generation   total 4928K, used 280K [0x04a00000, 0x04f50000, 0x09f50000)
  eden space 4416K,   0% used [0x04a00000, 0x04a00000, 0x04e50000)
  from space 512K,  54% used [0x04e50000, 0x04e962e0, 0x04ed0000)
  to   space 512K,   0% used [0x04ed0000, 0x04ed0000, 0x04f50000)
 tenured generation   total 10944K, used 8656K [0x09f50000, 0x0aa00000, 0x14a00000)
   the space 10944K,  79% used [0x09f50000, 0x0a7c4168, 0x0a7c4200, 0x0aa00000)
 Metaspace       used 10994K, committed 11136K, reserved 16384K
}
Event: 0.586 GC heap before
{Heap before GC invocations=6 (full 0):
 def new generation   total 4928K, used 4696K [0x04a00000, 0x04f50000, 0x09f50000)
  eden space 4416K, 100% used [0x04a00000, 0x04e50000, 0x04e50000)
  from space 512K,  54% used [0x04e50000, 0x04e962e0, 0x04ed0000)
  to   space 512K,   0% used [0x04ed0000, 0x04ed0000, 0x04f50000)
 tenured generation   total 10944K, used 8656K [0x09f50000, 0x0aa00000, 0x14a00000)
   the space 10944K,  79% used [0x09f50000, 0x0a7c4168, 0x0a7c4200, 0x0aa00000)
 Metaspace       used 12283K, committed 12416K, reserved 16384K
}
Event: 0.588 GC heap after
{Heap after GC invocations=7 (full 0):
 def new generation   total 4928K, used 512K [0x04a00000, 0x04f50000, 0x09f50000)
  eden space 4416K,   0% used [0x04a00000, 0x04a00000, 0x04e50000)
  from space 512K, 100% used [0x04ed0000, 0x04f50000, 0x04f50000)
  to   space 512K,   0% used [0x04e50000, 0x04e50000, 0x04ed0000)
 tenured generation   total 10944K, used 9358K [0x09f50000, 0x0aa00000, 0x14a00000)
   the space 10944K,  85% used [0x09f50000, 0x0a8739a0, 0x0a873a00, 0x0aa00000)
 Metaspace       used 12283K, committed 12416K, reserved 16384K
}
Event: 0.693 GC heap before
{Heap before GC invocations=7 (full 0):
 def new generation   total 4928K, used 4928K [0x04a00000, 0x04f50000, 0x09f50000)
  eden space 4416K, 100% used [0x04a00000, 0x04e50000, 0x04e50000)
  from space 512K, 100% used [0x04ed0000, 0x04f50000, 0x04f50000)
  to   space 512K,   0% used [0x04e50000, 0x04e50000, 0x04ed0000)
 tenured generation   total 10944K, used 9358K [0x09f50000, 0x0aa00000, 0x14a00000)
   the space 10944K,  85% used [0x09f50000, 0x0a8739a0, 0x0a873a00, 0x0aa00000)
 Metaspace       used 14225K, committed 14336K, reserved 16384K
}
Event: 0.695 GC heap after
{Heap after GC invocations=8 (full 0):
 def new generation   total 4928K, used 442K [0x04a00000, 0x04f50000, 0x09f50000)
  eden space 4416K,   0% used [0x04a00000, 0x04a00000, 0x04e50000)
  from space 512K,  86% used [0x04e50000, 0x04ebea20, 0x04ed0000)
  to   space 512K,   0% used [0x04ed0000, 0x04ed0000, 0x04f50000)
 tenured generation   total 10944K, used 9868K [0x09f50000, 0x0aa00000, 0x14a00000)
   the space 10944K,  90% used [0x09f50000, 0x0a8f30f0, 0x0a8f3200, 0x0aa00000)
 Metaspace       used 14225K, committed 14336K, reserved 16384K
}
Event: 0.814 GC heap before
{Heap before GC invocations=8 (full 0):
 def new generation   total 4928K, used 4858K [0x04a00000, 0x04f50000, 0x09f50000)
  eden space 4416K, 100% used [0x04a00000, 0x04e50000, 0x04e50000)
  from space 512K,  86% used [0x04e50000, 0x04ebea20, 0x04ed0000)
  to   space 512K,   0% used [0x04ed0000, 0x04ed0000, 0x04f50000)
 tenured generation   total 10944K, used 9868K [0x09f50000, 0x0aa00000, 0x14a00000)
   the space 10944K,  90% used [0x09f50000, 0x0a8f30f0, 0x0a8f3200, 0x0aa00000)
 Metaspace       used 15300K, committed 15488K, reserved 16384K
}
Event: 0.816 GC heap after
{Heap after GC invocations=9 (full 0):
 def new generation   total 4928K, used 287K [0x04a00000, 0x04f50000, 0x09f50000)
  eden space 4416K,   0% used [0x04a00000, 0x04a00000, 0x04e50000)
  from space 512K,  56% used [0x04ed0000, 0x04f17eb0, 0x04f50000)
  to   space 512K,   0% used [0x04e50000, 0x04e50000, 0x04ed0000)
 tenured generation   total 10944K, used 10296K [0x09f50000, 0x0aa00000, 0x14a00000)
   the space 10944K,  94% used [0x09f50000, 0x0a95e2c0, 0x0a95e400, 0x0aa00000)
 Metaspace       used 15300K, committed 15488K, reserved 16384K
}
Event: 0.912 GC heap before
{Heap before GC invocations=9 (full 0):
 def new generation   total 4928K, used 4608K [0x04a00000, 0x04f50000, 0x09f50000)
  eden space 4416K,  97% used [0x04a00000, 0x04e384f8, 0x04e50000)
  from space 512K,  56% used [0x04ed0000, 0x04f17eb0, 0x04f50000)
  to   space 512K,   0% used [0x04e50000, 0x04e50000, 0x04ed0000)
 tenured generation   total 10944K, used 10296K [0x09f50000, 0x0aa00000, 0x14a00000)
   the space 10944K,  94% used [0x09f50000, 0x0a95e2c0, 0x0a95e400, 0x0aa00000)
 Metaspace       used 16323K, committed 16384K, reserved 24576K
}
Event: 0.921 GC heap after
{Heap after GC invocations=10 (full 1):
 def new generation   total 8192K, used 0K [0x04a00000, 0x052e0000, 0x09f50000)
  eden space 7296K,   0% used [0x04a00000, 0x04a00000, 0x05120000)
  from space 896K,   0% used [0x05120000, 0x05120000, 0x05200000)
  to   space 896K,   0% used [0x05200000, 0x05200000, 0x052e0000)
 tenured generation   total 18092K, used 10853K [0x09f50000, 0x0b0fb000, 0x14a00000)
   the space 18092K,  59% used [0x09f50000, 0x0a9e96b8, 0x0a9e9800, 0x0b0fb000)
 Metaspace       used 16323K, committed 16384K, reserved 24576K
}
Event: 2.414 GC heap before
{Heap before GC invocations=10 (full 1):
 def new generation   total 8192K, used 7296K [0x04a00000, 0x052e0000, 0x09f50000)
  eden space 7296K, 100% used [0x04a00000, 0x05120000, 0x05120000)
  from space 896K,   0% used [0x05120000, 0x05120000, 0x05200000)
  to   space 896K,   0% used [0x05200000, 0x05200000, 0x052e0000)
 tenured generation   total 18092K, used 10853K [0x09f50000, 0x0b0fb000, 0x14a00000)
   the space 18092K,  59% used [0x09f50000, 0x0a9e96b8, 0x0a9e9800, 0x0b0fb000)
 Metaspace       used 17401K, committed 17536K, reserved 24576K
}
Event: 2.418 GC heap after
{Heap after GC invocations=11 (full 1):
 def new generation   total 8192K, used 291K [0x04a00000, 0x052e0000, 0x09f50000)
  eden space 7296K,   0% used [0x04a00000, 0x04a00000, 0x05120000)
  from space 896K,  32% used [0x05200000, 0x05248f90, 0x052e0000)
  to   space 896K,   0% used [0x05120000, 0x05120000, 0x05200000)
 tenured generation   total 18092K, used 14488K [0x09f50000, 0x0b0fb000, 0x14a00000)
   the space 18092K,  80% used [0x09f50000, 0x0ad76300, 0x0ad76400, 0x0b0fb000)
 Metaspace       used 17401K, committed 17536K, reserved 24576K
}
Event: 2.829 GC heap before
{Heap before GC invocations=11 (full 1):
 def new generation   total 8192K, used 4357K [0x04a00000, 0x052e0000, 0x09f50000)
  eden space 7296K,  55% used [0x04a00000, 0x04df85a0, 0x05120000)
  from space 896K,  32% used [0x05200000, 0x05248f90, 0x052e0000)
  to   space 896K,   0% used [0x05120000, 0x05120000, 0x05200000)
 tenured generation   total 18092K, used 14488K [0x09f50000, 0x0b0fb000, 0x14a00000)
   the space 18092K,  80% used [0x09f50000, 0x0ad76300, 0x0ad76400, 0x0b0fb000)
 Metaspace       used 19015K, committed 19136K, reserved 24576K
}
Event: 2.831 GC heap after
{Heap after GC invocations=12 (full 1):
 def new generation   total 8192K, used 725K [0x04a00000, 0x052e0000, 0x09f50000)
  eden space 7296K,   0% used [0x04a00000, 0x04a00000, 0x05120000)
  from space 896K,  80% used [0x05120000, 0x051d5508, 0x05200000)
  to   space 896K,   0% used [0x05200000, 0x05200000, 0x052e0000)
 tenured generation   total 18092K, used 14488K [0x09f50000, 0x0b0fb000, 0x14a00000)
   the space 18092K,  80% used [0x09f50000, 0x0ad76300, 0x0ad76400, 0x0b0fb000)
 Metaspace       used 19015K, committed 19136K, reserved 24576K
}
Event: 6.892 GC heap before
{Heap before GC invocations=12 (full 1):
 def new generation   total 8192K, used 8021K [0x04a00000, 0x052e0000, 0x09f50000)
  eden space 7296K, 100% used [0x04a00000, 0x05120000, 0x05120000)
  from space 896K,  80% used [0x05120000, 0x051d5508, 0x05200000)
  to   space 896K,   0% used [0x05200000, 0x05200000, 0x052e0000)
 tenured generation   total 18092K, used 14488K [0x09f50000, 0x0b0fb000, 0x14a00000)
   the space 18092K,  80% used [0x09f50000, 0x0ad76300, 0x0ad76400, 0x0b0fb000)
 Metaspace       used 19212K, committed 19392K, reserved 24576K
}
Event: 6.896 GC heap after
{Heap after GC invocations=13 (full 1):
 def new generation   total 8192K, used 275K [0x04a00000, 0x052e0000, 0x09f50000)
  eden space 7296K,   0% used [0x04a00000, 0x04a00000, 0x05120000)
  from space 896K,  30% used [0x05200000, 0x05244c78, 0x052e0000)
  to   space 896K,   0% used [0x05120000, 0x05120000, 0x05200000)
 tenured generation   total 22516K, used 19570K [0x09f50000, 0x0b54d000, 0x14a00000)
   the space 22516K,  86% used [0x09f50000, 0x0b26cbc0, 0x0b26cc00, 0x0b54d000)
 Metaspace       used 19212K, committed 19392K, reserved 24576K
}
Event: 6.896 GC heap before
{Heap before GC invocations=13 (full 1):
 def new generation   total 8192K, used 275K [0x04a00000, 0x052e0000, 0x09f50000)
  eden space 7296K,   0% used [0x04a00000, 0x04a00000, 0x05120000)
  from space 896K,  30% used [0x05200000, 0x05244c78, 0x052e0000)
  to   space 896K,   0% used [0x05120000, 0x05120000, 0x05200000)
 tenured generation   total 22516K, used 19570K [0x09f50000, 0x0b54d000, 0x14a00000)
   the space 22516K,  86% used [0x09f50000, 0x0b26cbc0, 0x0b26cc00, 0x0b54d000)
 Metaspace       used 19212K, committed 19392K, reserved 24576K
}
Event: 6.907 GC heap after
{Heap after GC invocations=13 (full 2):
 def new generation   total 13248K, used 0K [0x04a00000, 0x05850000, 0x09f50000)
  eden space 11840K,   0% used [0x04a00000, 0x04a00000, 0x05590000)
  from space 1408K,   0% used [0x05590000, 0x05590000, 0x056f0000)
  to   space 1408K,   0% used [0x056f0000, 0x056f0000, 0x05850000)
 tenured generation   total 29256K, used 17551K [0x09f50000, 0x0bbe2000, 0x14a00000)
   the space 29256K,  59% used [0x09f50000, 0x0b073eb0, 0x0b074000, 0x0bbe2000)
 Metaspace       used 19212K, committed 19392K, reserved 24576K
}

