# JRE version: OpenJDK Runtime Environment Temurin-17.0.6+10 (17.0.6+10) (build 17.0.6+10)
# Java VM: OpenJDK Client VM Temurin-17.0.6+10 (17.0.6+10, mixed mode, emulated-client, serial gc, windows-x86)
GC Precious Log:
 CPUs: 8 total, 8 available
 Memory: 16140M
 Large Page Support: Disabled
 NUMA Support: Disabled
 Compressed Oops: Disabled
 Heap Min Capacity: 6M
 Heap Initial Capacity: 16M
 Heap Max Capacity: 256M
 Pre-touch: Disabled
Heap:
 def new generation   total 9216K, used 6437K [0x04e00000, 0x057f0000, 0x0a350000)
  eden space 8256K,  70% used [0x04e00000, 0x053adcb8, 0x05610000)
  from space 960K,  64% used [0x05700000, 0x0579b990, 0x057f0000)
  to   space 960K,   0% used [0x05610000, 0x05610000, 0x05700000)
 tenured generation   total 20316K, used 14418K [0x0a350000, 0x0b727000, 0x14e00000)
   the space 20316K,  70% used [0x0a350000, 0x0b164850, 0x0b164a00, 0x0b727000)
 Metaspace       used 18230K, committed 18368K, reserved 24576K
GC Heap History (20 events):
Event: 0.093 GC heap before
{Heap before GC invocations=0 (full 0):
 def new generation   total 4928K, used 2845K [0x04e00000, 0x05350000, 0x0a350000)
  eden space 4416K,  64% used [0x04e00000, 0x050c75e0, 0x05250000)
  from space 512K,   0% used [0x05250000, 0x05250000, 0x052d0000)
  to   space 512K,   0% used [0x052d0000, 0x052d0000, 0x05350000)
 tenured generation   total 10944K, used 0K [0x0a350000, 0x0ae00000, 0x14e00000)
   the space 10944K,   0% used [0x0a350000, 0x0a350000, 0x0a350200, 0x0ae00000)
 Metaspace       used 4146K, committed 4224K, reserved 8192K
}
Event: 0.095 GC heap after
{Heap after GC invocations=1 (full 0):
 def new generation   total 4928K, used 512K [0x04e00000, 0x05350000, 0x0a350000)
  eden space 4416K,   0% used [0x04e00000, 0x04e00000, 0x05250000)
  from space 512K, 100% used [0x052d0000, 0x05350000, 0x05350000)
  to   space 512K,   0% used [0x05250000, 0x05250000, 0x052d0000)
 tenured generation   total 10944K, used 1417K [0x0a350000, 0x0ae00000, 0x14e00000)
   the space 10944K,  12% used [0x0a350000, 0x0a4b2538, 0x0a4b2600, 0x0ae00000)
 Metaspace       used 4146K, committed 4224K, reserved 8192K
}
Event: 0.110 GC heap before
{Heap before GC invocations=1 (full 0):
 def new generation   total 4928K, used 4892K [0x04e00000, 0x05350000, 0x0a350000)
  eden space 4416K,  99% used [0x04e00000, 0x052473d8, 0x05250000)
  from space 512K, 100% used [0x052d0000, 0x05350000, 0x05350000)
  to   space 512K,   0% used [0x05250000, 0x05250000, 0x052d0000)
 tenured generation   total 10944K, used 1417K [0x0a350000, 0x0ae00000, 0x14e00000)
   the space 10944K,  12% used [0x0a350000, 0x0a4b2538, 0x0a4b2600, 0x0ae00000)
 Metaspace       used 4146K, committed 4224K, reserved 8192K
}
Event: 0.112 GC heap after
{Heap after GC invocations=2 (full 0):
 def new generation   total 4928K, used 512K [0x04e00000, 0x05350000, 0x0a350000)
  eden space 4416K,   0% used [0x04e00000, 0x04e00000, 0x05250000)
  from space 512K, 100% used [0x05250000, 0x052d0000, 0x052d0000)
  to   space 512K,   0% used [0x052d0000, 0x052d0000, 0x05350000)
 tenured generation   total 10944K, used 5313K [0x0a350000, 0x0ae00000, 0x14e00000)
   the space 10944K,  48% used [0x0a350000, 0x0a880758, 0x0a880800, 0x0ae00000)
 Metaspace       used 4146K, committed 4224K, reserved 8192K
}
Event: 0.203 GC heap before
{Heap before GC invocations=2 (full 0):
 def new generation   total 4928K, used 4928K [0x04e00000, 0x05350000, 0x0a350000)
  eden space 4416K, 100% used [0x04e00000, 0x05250000, 0x05250000)
  from space 512K, 100% used [0x05250000, 0x052d0000, 0x052d0000)
  to   space 512K,   0% used [0x052d0000, 0x052d0000, 0x05350000)
 tenured generation   total 10944K, used 5313K [0x0a350000, 0x0ae00000, 0x14e00000)
   the space 10944K,  48% used [0x0a350000, 0x0a880758, 0x0a880800, 0x0ae00000)
 Metaspace       used 7218K, committed 7296K, reserved 8192K
}
Event: 0.206 GC heap after
{Heap after GC invocations=3 (full 0):
 def new generation   total 4928K, used 512K [0x04e00000, 0x05350000, 0x0a350000)
  eden space 4416K,   0% used [0x04e00000, 0x04e00000, 0x05250000)
  from space 512K, 100% used [0x052d0000, 0x05350000, 0x05350000)
  to   space 512K,   0% used [0x05250000, 0x05250000, 0x052d0000)
 tenured generation   total 10944K, used 6606K [0x0a350000, 0x0ae00000, 0x14e00000)
   the space 10944K,  60% used [0x0a350000, 0x0a9c3af8, 0x0a9c3c00, 0x0ae00000)
 Metaspace       used 7218K, committed 7296K, reserved 8192K
}
Event: 0.316 GC heap before
{Heap before GC invocations=3 (full 0):
 def new generation   total 4928K, used 4928K [0x04e00000, 0x05350000, 0x0a350000)
  eden space 4416K, 100% used [0x04e00000, 0x05250000, 0x05250000)
  from space 512K, 100% used [0x052d0000, 0x05350000, 0x05350000)
  to   space 512K,   0% used [0x05250000, 0x05250000, 0x052d0000)
 tenured generation   total 10944K, used 6606K [0x0a350000, 0x0ae00000, 0x14e00000)
   the space 10944K,  60% used [0x0a350000, 0x0a9c3af8, 0x0a9c3c00, 0x0ae00000)
 Metaspace       used 9888K, committed 9984K, reserved 16384K
}
Event: 0.319 GC heap after
{Heap after GC invocations=4 (full 0):
 def new generation   total 4928K, used 512K [0x04e00000, 0x05350000, 0x0a350000)
  eden space 4416K,   0% used [0x04e00000, 0x04e00000, 0x05250000)
  from space 512K, 100% used [0x05250000, 0x052d0000, 0x052d0000)
  to   space 512K,   0% used [0x052d0000, 0x052d0000, 0x05350000)
 tenured generation   total 10944K, used 8190K [0x0a350000, 0x0ae00000, 0x14e00000)
   the space 10944K,  74% used [0x0a350000, 0x0ab4f938, 0x0ab4fa00, 0x0ae00000)
 Metaspace       used 9888K, committed 9984K, reserved 16384K
}
Event: 0.382 GC heap before
{Heap before GC invocations=4 (full 0):
 def new generation   total 4928K, used 4928K [0x04e00000, 0x05350000, 0x0a350000)
  eden space 4416K, 100% used [0x04e00000, 0x05250000, 0x05250000)
  from space 512K, 100% used [0x05250000, 0x052d0000, 0x052d0000)
  to   space 512K,   0% used [0x052d0000, 0x052d0000, 0x05350000)
 tenured generation   total 10944K, used 8190K [0x0a350000, 0x0ae00000, 0x14e00000)
   the space 10944K,  74% used [0x0a350000, 0x0ab4f938, 0x0ab4fa00, 0x0ae00000)
 Metaspace       used 11211K, committed 11328K, reserved 16384K
}
Event: 0.384 GC heap after
{Heap after GC invocations=5 (full 0):
 def new generation   total 4928K, used 370K [0x04e00000, 0x05350000, 0x0a350000)
  eden space 4416K,   0% used [0x04e00000, 0x04e00000, 0x05250000)
  from space 512K,  72% used [0x052d0000, 0x0532c960, 0x05350000)
  to   space 512K,   0% used [0x05250000, 0x05250000, 0x052d0000)
 tenured generation   total 10944K, used 8653K [0x0a350000, 0x0ae00000, 0x14e00000)
   the space 10944K,  79% used [0x0a350000, 0x0abc34b0, 0x0abc3600, 0x0ae00000)
 Metaspace       used 11211K, committed 11328K, reserved 16384K
}
Event: 0.544 GC heap before
{Heap before GC invocations=5 (full 0):
 def new generation   total 4928K, used 4786K [0x04e00000, 0x05350000, 0x0a350000)
  eden space 4416K, 100% used [0x04e00000, 0x05250000, 0x05250000)
  from space 512K,  72% used [0x052d0000, 0x0532c960, 0x05350000)
  to   space 512K,   0% used [0x05250000, 0x05250000, 0x052d0000)
 tenured generation   total 10944K, used 8653K [0x0a350000, 0x0ae00000, 0x14e00000)
   the space 10944K,  79% used [0x0a350000, 0x0abc34b0, 0x0abc3600, 0x0ae00000)
 Metaspace       used 14674K, committed 14848K, reserved 16384K
}
Event: 0.547 GC heap after
{Heap after GC invocations=6 (full 0):
 def new generation   total 4928K, used 512K [0x04e00000, 0x05350000, 0x0a350000)
  eden space 4416K,   0% used [0x04e00000, 0x04e00000, 0x05250000)
  from space 512K, 100% used [0x05250000, 0x052d0000, 0x052d0000)
  to   space 512K,   0% used [0x052d0000, 0x052d0000, 0x05350000)
 tenured generation   total 10944K, used 9840K [0x0a350000, 0x0ae00000, 0x14e00000)
   the space 10944K,  89% used [0x0a350000, 0x0acec3d0, 0x0acec400, 0x0ae00000)
 Metaspace       used 14674K, committed 14848K, reserved 16384K
}
Event: 0.663 GC heap before
{Heap before GC invocations=6 (full 0):
 def new generation   total 4928K, used 4928K [0x04e00000, 0x05350000, 0x0a350000)
  eden space 4416K, 100% used [0x04e00000, 0x05250000, 0x05250000)
  from space 512K, 100% used [0x05250000, 0x052d0000, 0x052d0000)
  to   space 512K,   0% used [0x052d0000, 0x052d0000, 0x05350000)
 tenured generation   total 10944K, used 9840K [0x0a350000, 0x0ae00000, 0x14e00000)
   the space 10944K,  89% used [0x0a350000, 0x0acec3d0, 0x0acec400, 0x0ae00000)
 Metaspace       used 15073K, committed 15168K, reserved 16384K
}
Event: 0.665 GC heap after
{Heap after GC invocations=7 (full 0):
 def new generation   total 4928K, used 358K [0x04e00000, 0x05350000, 0x0a350000)
  eden space 4416K,   0% used [0x04e00000, 0x04e00000, 0x05250000)
  from space 512K,  69% used [0x052d0000, 0x05329880, 0x05350000)
  to   space 512K,   0% used [0x05250000, 0x05250000, 0x052d0000)
 tenured generation   total 10944K, used 10351K [0x0a350000, 0x0ae00000, 0x14e00000)
   the space 10944K,  94% used [0x0a350000, 0x0ad6bc90, 0x0ad6be00, 0x0ae00000)
 Metaspace       used 15073K, committed 15168K, reserved 16384K
}
Event: 0.718 GC heap before
{Heap before GC invocations=7 (full 0):
 def new generation   total 4928K, used 4774K [0x04e00000, 0x05350000, 0x0a350000)
  eden space 4416K, 100% used [0x04e00000, 0x05250000, 0x05250000)
  from space 512K,  69% used [0x052d0000, 0x05329880, 0x05350000)
  to   space 512K,   0% used [0x05250000, 0x05250000, 0x052d0000)
 tenured generation   total 10944K, used 10351K [0x0a350000, 0x0ae00000, 0x14e00000)
   the space 10944K,  94% used [0x0a350000, 0x0ad6bc90, 0x0ad6be00, 0x0ae00000)
 Metaspace       used 16002K, committed 16128K, reserved 16384K
}
Event: 0.719 GC heap after
{Heap after GC invocations=8 (full 0):
 def new generation   total 4928K, used 236K [0x04e00000, 0x05350000, 0x0a350000)
  eden space 4416K,   0% used [0x04e00000, 0x04e00000, 0x05250000)
  from space 512K,  46% used [0x05250000, 0x0528b270, 0x052d0000)
  to   space 512K,   0% used [0x052d0000, 0x052d0000, 0x05350000)
 tenured generation   total 12352K, used 11952K [0x0a350000, 0x0af60000, 0x14e00000)
   the space 12352K,  96% used [0x0a350000, 0x0aefc2e8, 0x0aefc400, 0x0af60000)
 Metaspace       used 16002K, committed 16128K, reserved 16384K
}
Event: 0.719 GC heap before
{Heap before GC invocations=8 (full 0):
 def new generation   total 4928K, used 236K [0x04e00000, 0x05350000, 0x0a350000)
  eden space 4416K,   0% used [0x04e00000, 0x04e00000, 0x05250000)
  from space 512K,  46% used [0x05250000, 0x0528b270, 0x052d0000)
  to   space 512K,   0% used [0x052d0000, 0x052d0000, 0x05350000)
 tenured generation   total 12352K, used 11952K [0x0a350000, 0x0af60000, 0x14e00000)
   the space 12352K,  96% used [0x0a350000, 0x0aefc2e8, 0x0aefc400, 0x0af60000)
 Metaspace       used 16002K, committed 16128K, reserved 16384K
}
Event: 0.726 GC heap after
{Heap after GC invocations=8 (full 1):
 def new generation   total 9216K, used 0K [0x04e00000, 0x057f0000, 0x0a350000)
  eden space 8256K,   0% used [0x04e00000, 0x04e00000, 0x05610000)
  from space 960K,   0% used [0x05610000, 0x05610000, 0x05700000)
  to   space 960K,   0% used [0x05700000, 0x05700000, 0x057f0000)
 tenured generation   total 20316K, used 12189K [0x0a350000, 0x0b727000, 0x14e00000)
   the space 20316K,  59% used [0x0a350000, 0x0af37518, 0x0af37600, 0x0b727000)
 Metaspace       used 16002K, committed 16128K, reserved 16384K
}
Event: 2.708 GC heap before
{Heap before GC invocations=8 (full 1):
 def new generation   total 9216K, used 5705K [0x04e00000, 0x057f0000, 0x0a350000)
  eden space 8256K,  69% used [0x04e00000, 0x05392538, 0x05610000)
  from space 960K,   0% used [0x05610000, 0x05610000, 0x05700000)
  to   space 960K,   0% used [0x05700000, 0x05700000, 0x057f0000)
 tenured generation   total 20316K, used 12189K [0x0a350000, 0x0b727000, 0x14e00000)
   the space 20316K,  59% used [0x0a350000, 0x0af37518, 0x0af37600, 0x0b727000)
 Metaspace       used 18159K, committed 18240K, reserved 24576K
}
Event: 2.711 GC heap after
{Heap after GC invocations=9 (full 1):
 def new generation   total 9216K, used 622K [0x04e00000, 0x057f0000, 0x0a350000)
  eden space 8256K,   0% used [0x04e00000, 0x04e00000, 0x05610000)
  from space 960K,  64% used [0x05700000, 0x0579b990, 0x057f0000)
  to   space 960K,   0% used [0x05610000, 0x05610000, 0x05700000)
 tenured generation   total 20316K, used 14418K [0x0a350000, 0x0b727000, 0x14e00000)
   the space 20316K,  70% used [0x0a350000, 0x0b164850, 0x0b164a00, 0x0b727000)
 Metaspace       used 18159K, committed 18240K, reserved 24576K
}

