# JRE version: OpenJDK Runtime Environment Temurin-17.0.6+10 (17.0.6+10) (build 17.0.6+10)
# Java VM: OpenJDK Client VM Temurin-17.0.6+10 (17.0.6+10, mixed mode, emulated-client, serial gc, windows-x86)
GC Precious Log:
 CPUs: 8 total, 8 available
 Memory: 16140M
 Large Page Support: Disabled
 NUMA Support: Disabled
 Compressed Oops: Disabled
 Heap Min Capacity: 6M
 Heap Initial Capacity: 16M
 Heap Max Capacity: 256M
 Pre-touch: Disabled
Heap:
 def new generation   total 9216K, used 6590K [0x05400000, 0x05df0000, 0x0a950000)
  eden space 8256K,  71% used [0x05400000, 0x059c8278, 0x05c10000)
  from space 960K,  69% used [0x05d00000, 0x05da7818, 0x05df0000)
  to   space 960K,   0% used [0x05c10000, 0x05c10000, 0x05d00000)
 tenured generation   total 20292K, used 14402K [0x0a950000, 0x0bd21000, 0x15400000)
   the space 20292K,  70% used [0x0a950000, 0x0b7608d0, 0x0b760a00, 0x0bd21000)
 Metaspace       used 18629K, committed 18816K, reserved 24576K
GC Heap History (20 events):
Event: 0.093 GC heap before
{Heap before GC invocations=0 (full 0):
 def new generation   total 4928K, used 2845K [0x05400000, 0x05950000, 0x0a950000)
  eden space 4416K,  64% used [0x05400000, 0x056c7568, 0x05850000)
  from space 512K,   0% used [0x05850000, 0x05850000, 0x058d0000)
  to   space 512K,   0% used [0x058d0000, 0x058d0000, 0x05950000)
 tenured generation   total 10944K, used 0K [0x0a950000, 0x0b400000, 0x15400000)
   the space 10944K,   0% used [0x0a950000, 0x0a950000, 0x0a950200, 0x0b400000)
 Metaspace       used 4146K, committed 4224K, reserved 8192K
}
Event: 0.094 GC heap after
{Heap after GC invocations=1 (full 0):
 def new generation   total 4928K, used 512K [0x05400000, 0x05950000, 0x0a950000)
  eden space 4416K,   0% used [0x05400000, 0x05400000, 0x05850000)
  from space 512K, 100% used [0x058d0000, 0x05950000, 0x05950000)
  to   space 512K,   0% used [0x05850000, 0x05850000, 0x058d0000)
 tenured generation   total 10944K, used 1417K [0x0a950000, 0x0b400000, 0x15400000)
   the space 10944K,  12% used [0x0a950000, 0x0aab2538, 0x0aab2600, 0x0b400000)
 Metaspace       used 4146K, committed 4224K, reserved 8192K
}
Event: 0.109 GC heap before
{Heap before GC invocations=1 (full 0):
 def new generation   total 4928K, used 4892K [0x05400000, 0x05950000, 0x0a950000)
  eden space 4416K,  99% used [0x05400000, 0x058473d8, 0x05850000)
  from space 512K, 100% used [0x058d0000, 0x05950000, 0x05950000)
  to   space 512K,   0% used [0x05850000, 0x05850000, 0x058d0000)
 tenured generation   total 10944K, used 1417K [0x0a950000, 0x0b400000, 0x15400000)
   the space 10944K,  12% used [0x0a950000, 0x0aab2538, 0x0aab2600, 0x0b400000)
 Metaspace       used 4146K, committed 4224K, reserved 8192K
}
Event: 0.111 GC heap after
{Heap after GC invocations=2 (full 0):
 def new generation   total 4928K, used 512K [0x05400000, 0x05950000, 0x0a950000)
  eden space 4416K,   0% used [0x05400000, 0x05400000, 0x05850000)
  from space 512K, 100% used [0x05850000, 0x058d0000, 0x058d0000)
  to   space 512K,   0% used [0x058d0000, 0x058d0000, 0x05950000)
 tenured generation   total 10944K, used 5313K [0x0a950000, 0x0b400000, 0x15400000)
   the space 10944K,  48% used [0x0a950000, 0x0ae80758, 0x0ae80800, 0x0b400000)
 Metaspace       used 4146K, committed 4224K, reserved 8192K
}
Event: 0.200 GC heap before
{Heap before GC invocations=2 (full 0):
 def new generation   total 4928K, used 4928K [0x05400000, 0x05950000, 0x0a950000)
  eden space 4416K, 100% used [0x05400000, 0x05850000, 0x05850000)
  from space 512K, 100% used [0x05850000, 0x058d0000, 0x058d0000)
  to   space 512K,   0% used [0x058d0000, 0x058d0000, 0x05950000)
 tenured generation   total 10944K, used 5313K [0x0a950000, 0x0b400000, 0x15400000)
   the space 10944K,  48% used [0x0a950000, 0x0ae80758, 0x0ae80800, 0x0b400000)
 Metaspace       used 7218K, committed 7296K, reserved 8192K
}
Event: 0.203 GC heap after
{Heap after GC invocations=3 (full 0):
 def new generation   total 4928K, used 512K [0x05400000, 0x05950000, 0x0a950000)
  eden space 4416K,   0% used [0x05400000, 0x05400000, 0x05850000)
  from space 512K, 100% used [0x058d0000, 0x05950000, 0x05950000)
  to   space 512K,   0% used [0x05850000, 0x05850000, 0x058d0000)
 tenured generation   total 10944K, used 6606K [0x0a950000, 0x0b400000, 0x15400000)
   the space 10944K,  60% used [0x0a950000, 0x0afc3b30, 0x0afc3c00, 0x0b400000)
 Metaspace       used 7218K, committed 7296K, reserved 8192K
}
Event: 0.310 GC heap before
{Heap before GC invocations=3 (full 0):
 def new generation   total 4928K, used 4928K [0x05400000, 0x05950000, 0x0a950000)
  eden space 4416K, 100% used [0x05400000, 0x05850000, 0x05850000)
  from space 512K, 100% used [0x058d0000, 0x05950000, 0x05950000)
  to   space 512K,   0% used [0x05850000, 0x05850000, 0x058d0000)
 tenured generation   total 10944K, used 6606K [0x0a950000, 0x0b400000, 0x15400000)
   the space 10944K,  60% used [0x0a950000, 0x0afc3b30, 0x0afc3c00, 0x0b400000)
 Metaspace       used 9894K, committed 9984K, reserved 16384K
}
Event: 0.313 GC heap after
{Heap after GC invocations=4 (full 0):
 def new generation   total 4928K, used 512K [0x05400000, 0x05950000, 0x0a950000)
  eden space 4416K,   0% used [0x05400000, 0x05400000, 0x05850000)
  from space 512K, 100% used [0x05850000, 0x058d0000, 0x058d0000)
  to   space 512K,   0% used [0x058d0000, 0x058d0000, 0x05950000)
 tenured generation   total 10944K, used 8191K [0x0a950000, 0x0b400000, 0x15400000)
   the space 10944K,  74% used [0x0a950000, 0x0b14ff20, 0x0b150000, 0x0b400000)
 Metaspace       used 9894K, committed 9984K, reserved 16384K
}
Event: 0.385 GC heap before
{Heap before GC invocations=4 (full 0):
 def new generation   total 4928K, used 4928K [0x05400000, 0x05950000, 0x0a950000)
  eden space 4416K, 100% used [0x05400000, 0x05850000, 0x05850000)
  from space 512K, 100% used [0x05850000, 0x058d0000, 0x058d0000)
  to   space 512K,   0% used [0x058d0000, 0x058d0000, 0x05950000)
 tenured generation   total 10944K, used 8191K [0x0a950000, 0x0b400000, 0x15400000)
   the space 10944K,  74% used [0x0a950000, 0x0b14ff20, 0x0b150000, 0x0b400000)
 Metaspace       used 11236K, committed 11392K, reserved 16384K
}
Event: 0.386 GC heap after
{Heap after GC invocations=5 (full 0):
 def new generation   total 4928K, used 379K [0x05400000, 0x05950000, 0x0a950000)
  eden space 4416K,   0% used [0x05400000, 0x05400000, 0x05850000)
  from space 512K,  74% used [0x058d0000, 0x0592ef80, 0x05950000)
  to   space 512K,   0% used [0x05850000, 0x05850000, 0x058d0000)
 tenured generation   total 10944K, used 8654K [0x0a950000, 0x0b400000, 0x15400000)
   the space 10944K,  79% used [0x0a950000, 0x0b1c3a98, 0x0b1c3c00, 0x0b400000)
 Metaspace       used 11236K, committed 11392K, reserved 16384K
}
Event: 0.548 GC heap before
{Heap before GC invocations=5 (full 0):
 def new generation   total 4928K, used 4794K [0x05400000, 0x05950000, 0x0a950000)
  eden space 4416K,  99% used [0x05400000, 0x0584faf8, 0x05850000)
  from space 512K,  74% used [0x058d0000, 0x0592ef80, 0x05950000)
  to   space 512K,   0% used [0x05850000, 0x05850000, 0x058d0000)
 tenured generation   total 10944K, used 8654K [0x0a950000, 0x0b400000, 0x15400000)
   the space 10944K,  79% used [0x0a950000, 0x0b1c3a98, 0x0b1c3c00, 0x0b400000)
 Metaspace       used 14674K, committed 14848K, reserved 16384K
}
Event: 0.551 GC heap after
{Heap after GC invocations=6 (full 0):
 def new generation   total 4928K, used 512K [0x05400000, 0x05950000, 0x0a950000)
  eden space 4416K,   0% used [0x05400000, 0x05400000, 0x05850000)
  from space 512K, 100% used [0x05850000, 0x058d0000, 0x058d0000)
  to   space 512K,   0% used [0x058d0000, 0x058d0000, 0x05950000)
 tenured generation   total 10944K, used 9849K [0x0a950000, 0x0b400000, 0x15400000)
   the space 10944K,  89% used [0x0a950000, 0x0b2ee4b8, 0x0b2ee600, 0x0b400000)
 Metaspace       used 14674K, committed 14848K, reserved 16384K
}
Event: 0.679 GC heap before
{Heap before GC invocations=6 (full 0):
 def new generation   total 4928K, used 4928K [0x05400000, 0x05950000, 0x0a950000)
  eden space 4416K, 100% used [0x05400000, 0x05850000, 0x05850000)
  from space 512K, 100% used [0x05850000, 0x058d0000, 0x058d0000)
  to   space 512K,   0% used [0x058d0000, 0x058d0000, 0x05950000)
 tenured generation   total 10944K, used 9849K [0x0a950000, 0x0b400000, 0x15400000)
   the space 10944K,  89% used [0x0a950000, 0x0b2ee4b8, 0x0b2ee600, 0x0b400000)
 Metaspace       used 15073K, committed 15168K, reserved 16384K
}
Event: 0.681 GC heap after
{Heap after GC invocations=7 (full 0):
 def new generation   total 4928K, used 316K [0x05400000, 0x05950000, 0x0a950000)
  eden space 4416K,   0% used [0x05400000, 0x05400000, 0x05850000)
  from space 512K,  61% used [0x058d0000, 0x0591f328, 0x05950000)
  to   space 512K,   0% used [0x05850000, 0x05850000, 0x058d0000)
 tenured generation   total 10944K, used 10351K [0x0a950000, 0x0b400000, 0x15400000)
   the space 10944K,  94% used [0x0a950000, 0x0b36be10, 0x0b36c000, 0x0b400000)
 Metaspace       used 15073K, committed 15168K, reserved 16384K
}
Event: 0.742 GC heap before
{Heap before GC invocations=7 (full 0):
 def new generation   total 4928K, used 4732K [0x05400000, 0x05950000, 0x0a950000)
  eden space 4416K, 100% used [0x05400000, 0x05850000, 0x05850000)
  from space 512K,  61% used [0x058d0000, 0x0591f328, 0x05950000)
  to   space 512K,   0% used [0x05850000, 0x05850000, 0x058d0000)
 tenured generation   total 10944K, used 10351K [0x0a950000, 0x0b400000, 0x15400000)
   the space 10944K,  94% used [0x0a950000, 0x0b36be10, 0x0b36c000, 0x0b400000)
 Metaspace       used 16002K, committed 16192K, reserved 16384K
}
Event: 0.743 GC heap after
{Heap after GC invocations=8 (full 0):
 def new generation   total 4928K, used 220K [0x05400000, 0x05950000, 0x0a950000)
  eden space 4416K,   0% used [0x05400000, 0x05400000, 0x05850000)
  from space 512K,  43% used [0x05850000, 0x05887110, 0x058d0000)
  to   space 512K,   0% used [0x058d0000, 0x058d0000, 0x05950000)
 tenured generation   total 12352K, used 11953K [0x0a950000, 0x0b560000, 0x15400000)
   the space 12352K,  96% used [0x0a950000, 0x0b4fc4c8, 0x0b4fc600, 0x0b560000)
 Metaspace       used 16002K, committed 16192K, reserved 16384K
}
Event: 0.743 GC heap before
{Heap before GC invocations=8 (full 0):
 def new generation   total 4928K, used 220K [0x05400000, 0x05950000, 0x0a950000)
  eden space 4416K,   0% used [0x05400000, 0x05400000, 0x05850000)
  from space 512K,  43% used [0x05850000, 0x05887110, 0x058d0000)
  to   space 512K,   0% used [0x058d0000, 0x058d0000, 0x05950000)
 tenured generation   total 12352K, used 11953K [0x0a950000, 0x0b560000, 0x15400000)
   the space 12352K,  96% used [0x0a950000, 0x0b4fc4c8, 0x0b4fc600, 0x0b560000)
 Metaspace       used 16002K, committed 16192K, reserved 16384K
}
Event: 0.751 GC heap after
{Heap after GC invocations=8 (full 1):
 def new generation   total 9216K, used 0K [0x05400000, 0x05df0000, 0x0a950000)
  eden space 8256K,   0% used [0x05400000, 0x05400000, 0x05c10000)
  from space 960K,   0% used [0x05c10000, 0x05c10000, 0x05d00000)
  to   space 960K,   0% used [0x05d00000, 0x05d00000, 0x05df0000)
 tenured generation   total 20292K, used 12173K [0x0a950000, 0x0bd21000, 0x15400000)
   the space 20292K,  59% used [0x0a950000, 0x0b533598, 0x0b533600, 0x0bd21000)
 Metaspace       used 16002K, committed 16192K, reserved 16384K
}
Event: 2.859 GC heap before
{Heap before GC invocations=8 (full 1):
 def new generation   total 9216K, used 6079K [0x05400000, 0x05df0000, 0x0a950000)
  eden space 8256K,  73% used [0x05400000, 0x059efe88, 0x05c10000)
  from space 960K,   0% used [0x05c10000, 0x05c10000, 0x05d00000)
  to   space 960K,   0% used [0x05d00000, 0x05d00000, 0x05df0000)
 tenured generation   total 20292K, used 12173K [0x0a950000, 0x0bd21000, 0x15400000)
   the space 20292K,  59% used [0x0a950000, 0x0b533598, 0x0b533600, 0x0bd21000)
 Metaspace       used 18541K, committed 18688K, reserved 24576K
}
Event: 2.863 GC heap after
{Heap after GC invocations=9 (full 1):
 def new generation   total 9216K, used 670K [0x05400000, 0x05df0000, 0x0a950000)
  eden space 8256K,   0% used [0x05400000, 0x05400000, 0x05c10000)
  from space 960K,  69% used [0x05d00000, 0x05da7818, 0x05df0000)
  to   space 960K,   0% used [0x05c10000, 0x05c10000, 0x05d00000)
 tenured generation   total 20292K, used 14402K [0x0a950000, 0x0bd21000, 0x15400000)
   the space 20292K,  70% used [0x0a950000, 0x0b7608d0, 0x0b760a00, 0x0bd21000)
 Metaspace       used 18541K, committed 18688K, reserved 24576K
}

