# JRE version: OpenJDK Runtime Environment Temurin-17.0.6+10 (17.0.6+10) (build 17.0.6+10)
# Java VM: OpenJDK Client VM Temurin-17.0.6+10 (17.0.6+10, mixed mode, emulated-client, serial gc, windows-x86)
GC Precious Log:
 CPUs: 8 total, 8 available
 Memory: 16140M
 Large Page Support: Disabled
 NUMA Support: Disabled
 Compressed Oops: Disabled
 Heap Min Capacity: 6M
 Heap Initial Capacity: 16M
 Heap Max Capacity: 256M
 Pre-touch: Disabled
Heap:
 def new generation   total 9216K, used 6710K [0x05200000, 0x05bf0000, 0x0a750000)
  eden space 8256K,  73% used [0x05200000, 0x057e5df8, 0x05a10000)
  from space 960K,  69% used [0x05b00000, 0x05ba7a78, 0x05bf0000)
  to   space 960K,   0% used [0x05a10000, 0x05a10000, 0x05b00000)
 tenured generation   total 20288K, used 14401K [0x0a750000, 0x0bb20000, 0x15200000)
   the space 20288K,  70% used [0x0a750000, 0x0b5605a8, 0x0b560600, 0x0bb20000)
 Metaspace       used 18723K, committed 18880K, reserved 24576K
GC Heap History (20 events):
Event: 0.090 GC heap before
{Heap before GC invocations=0 (full 0):
 def new generation   total 4928K, used 2845K [0x05200000, 0x05750000, 0x0a750000)
  eden space 4416K,  64% used [0x05200000, 0x054c7590, 0x05650000)
  from space 512K,   0% used [0x05650000, 0x05650000, 0x056d0000)
  to   space 512K,   0% used [0x056d0000, 0x056d0000, 0x05750000)
 tenured generation   total 10944K, used 0K [0x0a750000, 0x0b200000, 0x15200000)
   the space 10944K,   0% used [0x0a750000, 0x0a750000, 0x0a750200, 0x0b200000)
 Metaspace       used 4146K, committed 4224K, reserved 8192K
}
Event: 0.092 GC heap after
{Heap after GC invocations=1 (full 0):
 def new generation   total 4928K, used 512K [0x05200000, 0x05750000, 0x0a750000)
  eden space 4416K,   0% used [0x05200000, 0x05200000, 0x05650000)
  from space 512K, 100% used [0x056d0000, 0x05750000, 0x05750000)
  to   space 512K,   0% used [0x05650000, 0x05650000, 0x056d0000)
 tenured generation   total 10944K, used 1417K [0x0a750000, 0x0b200000, 0x15200000)
   the space 10944K,  12% used [0x0a750000, 0x0a8b2538, 0x0a8b2600, 0x0b200000)
 Metaspace       used 4146K, committed 4224K, reserved 8192K
}
Event: 0.107 GC heap before
{Heap before GC invocations=1 (full 0):
 def new generation   total 4928K, used 4892K [0x05200000, 0x05750000, 0x0a750000)
  eden space 4416K,  99% used [0x05200000, 0x056473d8, 0x05650000)
  from space 512K, 100% used [0x056d0000, 0x05750000, 0x05750000)
  to   space 512K,   0% used [0x05650000, 0x05650000, 0x056d0000)
 tenured generation   total 10944K, used 1417K [0x0a750000, 0x0b200000, 0x15200000)
   the space 10944K,  12% used [0x0a750000, 0x0a8b2538, 0x0a8b2600, 0x0b200000)
 Metaspace       used 4146K, committed 4224K, reserved 8192K
}
Event: 0.109 GC heap after
{Heap after GC invocations=2 (full 0):
 def new generation   total 4928K, used 512K [0x05200000, 0x05750000, 0x0a750000)
  eden space 4416K,   0% used [0x05200000, 0x05200000, 0x05650000)
  from space 512K, 100% used [0x05650000, 0x056d0000, 0x056d0000)
  to   space 512K,   0% used [0x056d0000, 0x056d0000, 0x05750000)
 tenured generation   total 10944K, used 5313K [0x0a750000, 0x0b200000, 0x15200000)
   the space 10944K,  48% used [0x0a750000, 0x0ac80758, 0x0ac80800, 0x0b200000)
 Metaspace       used 4146K, committed 4224K, reserved 8192K
}
Event: 0.198 GC heap before
{Heap before GC invocations=2 (full 0):
 def new generation   total 4928K, used 4928K [0x05200000, 0x05750000, 0x0a750000)
  eden space 4416K, 100% used [0x05200000, 0x05650000, 0x05650000)
  from space 512K, 100% used [0x05650000, 0x056d0000, 0x056d0000)
  to   space 512K,   0% used [0x056d0000, 0x056d0000, 0x05750000)
 tenured generation   total 10944K, used 5313K [0x0a750000, 0x0b200000, 0x15200000)
   the space 10944K,  48% used [0x0a750000, 0x0ac80758, 0x0ac80800, 0x0b200000)
 Metaspace       used 7218K, committed 7296K, reserved 8192K
}
Event: 0.201 GC heap after
{Heap after GC invocations=3 (full 0):
 def new generation   total 4928K, used 512K [0x05200000, 0x05750000, 0x0a750000)
  eden space 4416K,   0% used [0x05200000, 0x05200000, 0x05650000)
  from space 512K, 100% used [0x056d0000, 0x05750000, 0x05750000)
  to   space 512K,   0% used [0x05650000, 0x05650000, 0x056d0000)
 tenured generation   total 10944K, used 6606K [0x0a750000, 0x0b200000, 0x15200000)
   the space 10944K,  60% used [0x0a750000, 0x0adc3aa8, 0x0adc3c00, 0x0b200000)
 Metaspace       used 7218K, committed 7296K, reserved 8192K
}
Event: 0.315 GC heap before
{Heap before GC invocations=3 (full 0):
 def new generation   total 4928K, used 4913K [0x05200000, 0x05750000, 0x0a750000)
  eden space 4416K,  99% used [0x05200000, 0x0564c740, 0x05650000)
  from space 512K, 100% used [0x056d0000, 0x05750000, 0x05750000)
  to   space 512K,   0% used [0x05650000, 0x05650000, 0x056d0000)
 tenured generation   total 10944K, used 6606K [0x0a750000, 0x0b200000, 0x15200000)
   the space 10944K,  60% used [0x0a750000, 0x0adc3aa8, 0x0adc3c00, 0x0b200000)
 Metaspace       used 9892K, committed 9984K, reserved 16384K
}
Event: 0.318 GC heap after
{Heap after GC invocations=4 (full 0):
 def new generation   total 4928K, used 512K [0x05200000, 0x05750000, 0x0a750000)
  eden space 4416K,   0% used [0x05200000, 0x05200000, 0x05650000)
  from space 512K, 100% used [0x05650000, 0x056d0000, 0x056d0000)
  to   space 512K,   0% used [0x056d0000, 0x056d0000, 0x05750000)
 tenured generation   total 10944K, used 8191K [0x0a750000, 0x0b200000, 0x15200000)
   the space 10944K,  74% used [0x0a750000, 0x0af4fe08, 0x0af50000, 0x0b200000)
 Metaspace       used 9892K, committed 9984K, reserved 16384K
}
Event: 0.385 GC heap before
{Heap before GC invocations=4 (full 0):
 def new generation   total 4928K, used 4928K [0x05200000, 0x05750000, 0x0a750000)
  eden space 4416K, 100% used [0x05200000, 0x05650000, 0x05650000)
  from space 512K, 100% used [0x05650000, 0x056d0000, 0x056d0000)
  to   space 512K,   0% used [0x056d0000, 0x056d0000, 0x05750000)
 tenured generation   total 10944K, used 8191K [0x0a750000, 0x0b200000, 0x15200000)
   the space 10944K,  74% used [0x0a750000, 0x0af4fe08, 0x0af50000, 0x0b200000)
 Metaspace       used 11234K, committed 11392K, reserved 16384K
}
Event: 0.387 GC heap after
{Heap after GC invocations=5 (full 0):
 def new generation   total 4928K, used 377K [0x05200000, 0x05750000, 0x0a750000)
  eden space 4416K,   0% used [0x05200000, 0x05200000, 0x05650000)
  from space 512K,  73% used [0x056d0000, 0x0572e760, 0x05750000)
  to   space 512K,   0% used [0x05650000, 0x05650000, 0x056d0000)
 tenured generation   total 10944K, used 8654K [0x0a750000, 0x0b200000, 0x15200000)
   the space 10944K,  79% used [0x0a750000, 0x0afc3968, 0x0afc3a00, 0x0b200000)
 Metaspace       used 11234K, committed 11392K, reserved 16384K
}
Event: 0.548 GC heap before
{Heap before GC invocations=5 (full 0):
 def new generation   total 4928K, used 4793K [0x05200000, 0x05750000, 0x0a750000)
  eden space 4416K, 100% used [0x05200000, 0x05650000, 0x05650000)
  from space 512K,  73% used [0x056d0000, 0x0572e760, 0x05750000)
  to   space 512K,   0% used [0x05650000, 0x05650000, 0x056d0000)
 tenured generation   total 10944K, used 8654K [0x0a750000, 0x0b200000, 0x15200000)
   the space 10944K,  79% used [0x0a750000, 0x0afc3968, 0x0afc3a00, 0x0b200000)
 Metaspace       used 14675K, committed 14848K, reserved 16384K
}
Event: 0.551 GC heap after
{Heap after GC invocations=6 (full 0):
 def new generation   total 4928K, used 512K [0x05200000, 0x05750000, 0x0a750000)
  eden space 4416K,   0% used [0x05200000, 0x05200000, 0x05650000)
  from space 512K, 100% used [0x05650000, 0x056d0000, 0x056d0000)
  to   space 512K,   0% used [0x056d0000, 0x056d0000, 0x05750000)
 tenured generation   total 10944K, used 9846K [0x0a750000, 0x0b200000, 0x15200000)
   the space 10944K,  89% used [0x0a750000, 0x0b0eda20, 0x0b0edc00, 0x0b200000)
 Metaspace       used 14675K, committed 14848K, reserved 16384K
}
Event: 0.682 GC heap before
{Heap before GC invocations=6 (full 0):
 def new generation   total 4928K, used 4928K [0x05200000, 0x05750000, 0x0a750000)
  eden space 4416K, 100% used [0x05200000, 0x05650000, 0x05650000)
  from space 512K, 100% used [0x05650000, 0x056d0000, 0x056d0000)
  to   space 512K,   0% used [0x056d0000, 0x056d0000, 0x05750000)
 tenured generation   total 10944K, used 9846K [0x0a750000, 0x0b200000, 0x15200000)
   the space 10944K,  89% used [0x0a750000, 0x0b0eda20, 0x0b0edc00, 0x0b200000)
 Metaspace       used 15073K, committed 15168K, reserved 16384K
}
Event: 0.684 GC heap after
{Heap after GC invocations=7 (full 0):
 def new generation   total 4928K, used 315K [0x05200000, 0x05750000, 0x0a750000)
  eden space 4416K,   0% used [0x05200000, 0x05200000, 0x05650000)
  from space 512K,  61% used [0x056d0000, 0x0571ee70, 0x05750000)
  to   space 512K,   0% used [0x05650000, 0x05650000, 0x056d0000)
 tenured generation   total 10944K, used 10350K [0x0a750000, 0x0b200000, 0x15200000)
   the space 10944K,  94% used [0x0a750000, 0x0b16bb78, 0x0b16bc00, 0x0b200000)
 Metaspace       used 15073K, committed 15168K, reserved 16384K
}
Event: 0.735 GC heap before
{Heap before GC invocations=7 (full 0):
 def new generation   total 4928K, used 4731K [0x05200000, 0x05750000, 0x0a750000)
  eden space 4416K, 100% used [0x05200000, 0x05650000, 0x05650000)
  from space 512K,  61% used [0x056d0000, 0x0571ee70, 0x05750000)
  to   space 512K,   0% used [0x05650000, 0x05650000, 0x056d0000)
 tenured generation   total 10944K, used 10350K [0x0a750000, 0x0b200000, 0x15200000)
   the space 10944K,  94% used [0x0a750000, 0x0b16bb78, 0x0b16bc00, 0x0b200000)
 Metaspace       used 16002K, committed 16192K, reserved 16384K
}
Event: 0.737 GC heap after
{Heap after GC invocations=8 (full 0):
 def new generation   total 4928K, used 220K [0x05200000, 0x05750000, 0x0a750000)
  eden space 4416K,   0% used [0x05200000, 0x05200000, 0x05650000)
  from space 512K,  43% used [0x05650000, 0x05687170, 0x056d0000)
  to   space 512K,   0% used [0x056d0000, 0x056d0000, 0x05750000)
 tenured generation   total 12352K, used 11952K [0x0a750000, 0x0b360000, 0x15200000)
   the space 12352K,  96% used [0x0a750000, 0x0b2fc140, 0x0b2fc200, 0x0b360000)
 Metaspace       used 16002K, committed 16192K, reserved 16384K
}
Event: 0.737 GC heap before
{Heap before GC invocations=8 (full 0):
 def new generation   total 4928K, used 220K [0x05200000, 0x05750000, 0x0a750000)
  eden space 4416K,   0% used [0x05200000, 0x05200000, 0x05650000)
  from space 512K,  43% used [0x05650000, 0x05687170, 0x056d0000)
  to   space 512K,   0% used [0x056d0000, 0x056d0000, 0x05750000)
 tenured generation   total 12352K, used 11952K [0x0a750000, 0x0b360000, 0x15200000)
   the space 12352K,  96% used [0x0a750000, 0x0b2fc140, 0x0b2fc200, 0x0b360000)
 Metaspace       used 16002K, committed 16192K, reserved 16384K
}
Event: 0.744 GC heap after
{Heap after GC invocations=8 (full 1):
 def new generation   total 9216K, used 0K [0x05200000, 0x05bf0000, 0x0a750000)
  eden space 8256K,   0% used [0x05200000, 0x05200000, 0x05a10000)
  from space 960K,   0% used [0x05a10000, 0x05a10000, 0x05b00000)
  to   space 960K,   0% used [0x05b00000, 0x05b00000, 0x05bf0000)
 tenured generation   total 20288K, used 12172K [0x0a750000, 0x0bb20000, 0x15200000)
   the space 20288K,  59% used [0x0a750000, 0x0b333270, 0x0b333400, 0x0bb20000)
 Metaspace       used 16002K, committed 16192K, reserved 16384K
}
Event: 2.743 GC heap before
{Heap before GC invocations=8 (full 1):
 def new generation   total 9216K, used 6143K [0x05200000, 0x05bf0000, 0x0a750000)
  eden space 8256K,  74% used [0x05200000, 0x057ffee0, 0x05a10000)
  from space 960K,   0% used [0x05a10000, 0x05a10000, 0x05b00000)
  to   space 960K,   0% used [0x05b00000, 0x05b00000, 0x05bf0000)
 tenured generation   total 20288K, used 12172K [0x0a750000, 0x0bb20000, 0x15200000)
   the space 20288K,  59% used [0x0a750000, 0x0b333270, 0x0b333400, 0x0bb20000)
 Metaspace       used 18541K, committed 18688K, reserved 24576K
}
Event: 2.746 GC heap after
{Heap after GC invocations=9 (full 1):
 def new generation   total 9216K, used 670K [0x05200000, 0x05bf0000, 0x0a750000)
  eden space 8256K,   0% used [0x05200000, 0x05200000, 0x05a10000)
  from space 960K,  69% used [0x05b00000, 0x05ba7a78, 0x05bf0000)
  to   space 960K,   0% used [0x05a10000, 0x05a10000, 0x05b00000)
 tenured generation   total 20288K, used 14401K [0x0a750000, 0x0bb20000, 0x15200000)
   the space 20288K,  70% used [0x0a750000, 0x0b5605a8, 0x0b560600, 0x0bb20000)
 Metaspace       used 18541K, committed 18688K, reserved 24576K
}

