# JRE version: OpenJDK Runtime Environment Temurin-17.0.6+10 (17.0.6+10) (build 17.0.6+10)
# Java VM: OpenJDK Client VM Temurin-17.0.6+10 (17.0.6+10, mixed mode, emulated-client, serial gc, windows-x86)
GC Precious Log:
 CPUs: 8 total, 8 available
 Memory: 16140M
 Large Page Support: Disabled
 NUMA Support: Disabled
 Compressed Oops: Disabled
 Heap Min Capacity: 6M
 Heap Initial Capacity: 16M
 Heap Max Capacity: 256M
 Pre-touch: Disabled
Heap:
 def new generation   total 7936K, used 5372K [0x04e00000, 0x05690000, 0x0a350000)
  eden space 7104K,  72% used [0x04e00000, 0x052ffa58, 0x054f0000)
  from space 832K,  30% used [0x055c0000, 0x055ff6d8, 0x05690000)
  to   space 832K,   0% used [0x054f0000, 0x054f0000, 0x055c0000)
 tenured generation   total 17496K, used 11903K [0x0a350000, 0x0b466000, 0x14e00000)
   the space 17496K,  68% used [0x0a350000, 0x0aeefcc0, 0x0aeefe00, 0x0b466000)
 Metaspace       used 17256K, committed 17408K, reserved 24576K
GC Heap History (14 events):
Event: 0.105 GC heap before
{Heap before GC invocations=0 (full 0):
 def new generation   total 4928K, used 2845K [0x04e00000, 0x05350000, 0x0a350000)
  eden space 4416K,  64% used [0x04e00000, 0x050c7620, 0x05250000)
  from space 512K,   0% used [0x05250000, 0x05250000, 0x052d0000)
  to   space 512K,   0% used [0x052d0000, 0x052d0000, 0x05350000)
 tenured generation   total 10944K, used 0K [0x0a350000, 0x0ae00000, 0x14e00000)
   the space 10944K,   0% used [0x0a350000, 0x0a350000, 0x0a350200, 0x0ae00000)
 Metaspace       used 4146K, committed 4224K, reserved 8192K
}
Event: 0.107 GC heap after
{Heap after GC invocations=1 (full 0):
 def new generation   total 4928K, used 512K [0x04e00000, 0x05350000, 0x0a350000)
  eden space 4416K,   0% used [0x04e00000, 0x04e00000, 0x05250000)
  from space 512K, 100% used [0x052d0000, 0x05350000, 0x05350000)
  to   space 512K,   0% used [0x05250000, 0x05250000, 0x052d0000)
 tenured generation   total 10944K, used 1417K [0x0a350000, 0x0ae00000, 0x14e00000)
   the space 10944K,  12% used [0x0a350000, 0x0a4b2538, 0x0a4b2600, 0x0ae00000)
 Metaspace       used 4146K, committed 4224K, reserved 8192K
}
Event: 0.132 GC heap before
{Heap before GC invocations=1 (full 0):
 def new generation   total 4928K, used 4892K [0x04e00000, 0x05350000, 0x0a350000)
  eden space 4416K,  99% used [0x04e00000, 0x05247378, 0x05250000)
  from space 512K, 100% used [0x052d0000, 0x05350000, 0x05350000)
  to   space 512K,   0% used [0x05250000, 0x05250000, 0x052d0000)
 tenured generation   total 10944K, used 1417K [0x0a350000, 0x0ae00000, 0x14e00000)
   the space 10944K,  12% used [0x0a350000, 0x0a4b2538, 0x0a4b2600, 0x0ae00000)
 Metaspace       used 4146K, committed 4224K, reserved 8192K
}
Event: 0.134 GC heap after
{Heap after GC invocations=2 (full 0):
 def new generation   total 4928K, used 512K [0x04e00000, 0x05350000, 0x0a350000)
  eden space 4416K,   0% used [0x04e00000, 0x04e00000, 0x05250000)
  from space 512K, 100% used [0x05250000, 0x052d0000, 0x052d0000)
  to   space 512K,   0% used [0x052d0000, 0x052d0000, 0x05350000)
 tenured generation   total 10944K, used 5313K [0x0a350000, 0x0ae00000, 0x14e00000)
   the space 10944K,  48% used [0x0a350000, 0x0a880758, 0x0a880800, 0x0ae00000)
 Metaspace       used 4146K, committed 4224K, reserved 8192K
}
Event: 0.231 GC heap before
{Heap before GC invocations=2 (full 0):
 def new generation   total 4928K, used 4928K [0x04e00000, 0x05350000, 0x0a350000)
  eden space 4416K, 100% used [0x04e00000, 0x05250000, 0x05250000)
  from space 512K, 100% used [0x05250000, 0x052d0000, 0x052d0000)
  to   space 512K,   0% used [0x052d0000, 0x052d0000, 0x05350000)
 tenured generation   total 10944K, used 5313K [0x0a350000, 0x0ae00000, 0x14e00000)
   the space 10944K,  48% used [0x0a350000, 0x0a880758, 0x0a880800, 0x0ae00000)
 Metaspace       used 7247K, committed 7360K, reserved 8192K
}
Event: 0.234 GC heap after
{Heap after GC invocations=3 (full 0):
 def new generation   total 4928K, used 512K [0x04e00000, 0x05350000, 0x0a350000)
  eden space 4416K,   0% used [0x04e00000, 0x04e00000, 0x05250000)
  from space 512K, 100% used [0x052d0000, 0x05350000, 0x05350000)
  to   space 512K,   0% used [0x05250000, 0x05250000, 0x052d0000)
 tenured generation   total 10944K, used 6559K [0x0a350000, 0x0ae00000, 0x14e00000)
   the space 10944K,  59% used [0x0a350000, 0x0a9b7e28, 0x0a9b8000, 0x0ae00000)
 Metaspace       used 7247K, committed 7360K, reserved 8192K
}
Event: 0.336 GC heap before
{Heap before GC invocations=3 (full 0):
 def new generation   total 4928K, used 4928K [0x04e00000, 0x05350000, 0x0a350000)
  eden space 4416K, 100% used [0x04e00000, 0x05250000, 0x05250000)
  from space 512K, 100% used [0x052d0000, 0x05350000, 0x05350000)
  to   space 512K,   0% used [0x05250000, 0x05250000, 0x052d0000)
 tenured generation   total 10944K, used 6559K [0x0a350000, 0x0ae00000, 0x14e00000)
   the space 10944K,  59% used [0x0a350000, 0x0a9b7e28, 0x0a9b8000, 0x0ae00000)
 Metaspace       used 9527K, committed 9664K, reserved 16384K
}
Event: 0.339 GC heap after
{Heap after GC invocations=4 (full 0):
 def new generation   total 4928K, used 512K [0x04e00000, 0x05350000, 0x0a350000)
  eden space 4416K,   0% used [0x04e00000, 0x04e00000, 0x05250000)
  from space 512K, 100% used [0x05250000, 0x052d0000, 0x052d0000)
  to   space 512K,   0% used [0x052d0000, 0x052d0000, 0x05350000)
 tenured generation   total 10944K, used 7367K [0x0a350000, 0x0ae00000, 0x14e00000)
   the space 10944K,  67% used [0x0a350000, 0x0aa81fd8, 0x0aa82000, 0x0ae00000)
 Metaspace       used 9527K, committed 9664K, reserved 16384K
}
Event: 0.415 GC heap before
{Heap before GC invocations=4 (full 0):
 def new generation   total 4928K, used 4928K [0x04e00000, 0x05350000, 0x0a350000)
  eden space 4416K, 100% used [0x04e00000, 0x05250000, 0x05250000)
  from space 512K, 100% used [0x05250000, 0x052d0000, 0x052d0000)
  to   space 512K,   0% used [0x052d0000, 0x052d0000, 0x05350000)
 tenured generation   total 10944K, used 7367K [0x0a350000, 0x0ae00000, 0x14e00000)
   the space 10944K,  67% used [0x0a350000, 0x0aa81fd8, 0x0aa82000, 0x0ae00000)
 Metaspace       used 11048K, committed 11136K, reserved 16384K
}
Event: 0.418 GC heap after
{Heap after GC invocations=5 (full 0):
 def new generation   total 4928K, used 512K [0x04e00000, 0x05350000, 0x0a350000)
  eden space 4416K,   0% used [0x04e00000, 0x04e00000, 0x05250000)
  from space 512K, 100% used [0x052d0000, 0x05350000, 0x05350000)
  to   space 512K,   0% used [0x05250000, 0x05250000, 0x052d0000)
 tenured generation   total 10944K, used 8332K [0x0a350000, 0x0ae00000, 0x14e00000)
   the space 10944K,  76% used [0x0a350000, 0x0ab731a8, 0x0ab73200, 0x0ae00000)
 Metaspace       used 11048K, committed 11136K, reserved 16384K
}
Event: 0.586 GC heap before
{Heap before GC invocations=5 (full 0):
 def new generation   total 4928K, used 4928K [0x04e00000, 0x05350000, 0x0a350000)
  eden space 4416K, 100% used [0x04e00000, 0x05250000, 0x05250000)
  from space 512K, 100% used [0x052d0000, 0x05350000, 0x05350000)
  to   space 512K,   0% used [0x05250000, 0x05250000, 0x052d0000)
 tenured generation   total 10944K, used 8332K [0x0a350000, 0x0ae00000, 0x14e00000)
   the space 10944K,  76% used [0x0a350000, 0x0ab731a8, 0x0ab73200, 0x0ae00000)
 Metaspace       used 14529K, committed 14656K, reserved 16384K
}
Event: 0.589 GC heap after
{Heap after GC invocations=6 (full 0):
 def new generation   total 4928K, used 512K [0x04e00000, 0x05350000, 0x0a350000)
  eden space 4416K,   0% used [0x04e00000, 0x04e00000, 0x05250000)
  from space 512K, 100% used [0x05250000, 0x052d0000, 0x052d0000)
  to   space 512K,   0% used [0x052d0000, 0x052d0000, 0x05350000)
 tenured generation   total 10944K, used 9162K [0x0a350000, 0x0ae00000, 0x14e00000)
   the space 10944K,  83% used [0x0a350000, 0x0ac42b00, 0x0ac42c00, 0x0ae00000)
 Metaspace       used 14529K, committed 14656K, reserved 16384K
}
Event: 0.662 GC heap before
{Heap before GC invocations=6 (full 0):
 def new generation   total 4928K, used 2698K [0x04e00000, 0x05350000, 0x0a350000)
  eden space 4416K,  49% used [0x04e00000, 0x050228f0, 0x05250000)
  from space 512K, 100% used [0x05250000, 0x052d0000, 0x052d0000)
  to   space 512K,   0% used [0x052d0000, 0x052d0000, 0x05350000)
 tenured generation   total 10944K, used 9162K [0x0a350000, 0x0ae00000, 0x14e00000)
   the space 10944K,  83% used [0x0a350000, 0x0ac42b00, 0x0ac42c00, 0x0ae00000)
 Metaspace       used 16320K, committed 16384K, reserved 24576K
}
Event: 0.670 GC heap after
{Heap after GC invocations=7 (full 1):
 def new generation   total 7936K, used 0K [0x04e00000, 0x05690000, 0x0a350000)
  eden space 7104K,   0% used [0x04e00000, 0x04e00000, 0x054f0000)
  from space 832K,   0% used [0x054f0000, 0x054f0000, 0x055c0000)
  to   space 832K,   0% used [0x055c0000, 0x055c0000, 0x05690000)
 tenured generation   total 17496K, used 10496K [0x0a350000, 0x0b466000, 0x14e00000)
   the space 17496K,  59% used [0x0a350000, 0x0ad903b0, 0x0ad90400, 0x0b466000)
 Metaspace       used 16320K, committed 16384K, reserved 24576K
}

