# JRE version: OpenJDK Runtime Environment Temurin-17.0.6+10 (17.0.6+10) (build 17.0.6+10)
# Java VM: OpenJDK Client VM Temurin-17.0.6+10 (17.0.6+10, mixed mode, emulated-client, serial gc, windows-x86)
GC Precious Log:
 CPUs: 8 total, 8 available
 Memory: 16140M
 Large Page Support: Disabled
 NUMA Support: Disabled
 Compressed Oops: Disabled
 Heap Min Capacity: 6M
 Heap Initial Capacity: 16M
 Heap Max Capacity: 256M
 Pre-touch: Disabled
Heap:
 def new generation   total 9216K, used 8926K [0x04600000, 0x04ff0000, 0x09b50000)
  eden space 8256K, 100% used [0x04600000, 0x04e10000, 0x04e10000)
  from space 960K,  69% used [0x04f00000, 0x04fa7818, 0x04ff0000)
  to   space 960K,   0% used [0x04e10000, 0x04e10000, 0x04f00000)
 tenured generation   total 20296K, used 14406K [0x09b50000, 0x0af22000, 0x14600000)
   the space 20296K,  70% used [0x09b50000, 0x0a961910, 0x0a961a00, 0x0af22000)
 Metaspace       used 18749K, committed 18944K, reserved 24576K
GC Heap History (20 events):
Event: 0.091 GC heap before
{Heap before GC invocations=0 (full 0):
 def new generation   total 4928K, used 2845K [0x04600000, 0x04b50000, 0x09b50000)
  eden space 4416K,  64% used [0x04600000, 0x048c7590, 0x04a50000)
  from space 512K,   0% used [0x04a50000, 0x04a50000, 0x04ad0000)
  to   space 512K,   0% used [0x04ad0000, 0x04ad0000, 0x04b50000)
 tenured generation   total 10944K, used 0K [0x09b50000, 0x0a600000, 0x14600000)
   the space 10944K,   0% used [0x09b50000, 0x09b50000, 0x09b50200, 0x0a600000)
 Metaspace       used 4146K, committed 4224K, reserved 8192K
}
Event: 0.093 GC heap after
{Heap after GC invocations=1 (full 0):
 def new generation   total 4928K, used 512K [0x04600000, 0x04b50000, 0x09b50000)
  eden space 4416K,   0% used [0x04600000, 0x04600000, 0x04a50000)
  from space 512K, 100% used [0x04ad0000, 0x04b50000, 0x04b50000)
  to   space 512K,   0% used [0x04a50000, 0x04a50000, 0x04ad0000)
 tenured generation   total 10944K, used 1417K [0x09b50000, 0x0a600000, 0x14600000)
   the space 10944K,  12% used [0x09b50000, 0x09cb2538, 0x09cb2600, 0x0a600000)
 Metaspace       used 4146K, committed 4224K, reserved 8192K
}
Event: 0.108 GC heap before
{Heap before GC invocations=1 (full 0):
 def new generation   total 4928K, used 4892K [0x04600000, 0x04b50000, 0x09b50000)
  eden space 4416K,  99% used [0x04600000, 0x04a473d8, 0x04a50000)
  from space 512K, 100% used [0x04ad0000, 0x04b50000, 0x04b50000)
  to   space 512K,   0% used [0x04a50000, 0x04a50000, 0x04ad0000)
 tenured generation   total 10944K, used 1417K [0x09b50000, 0x0a600000, 0x14600000)
   the space 10944K,  12% used [0x09b50000, 0x09cb2538, 0x09cb2600, 0x0a600000)
 Metaspace       used 4146K, committed 4224K, reserved 8192K
}
Event: 0.110 GC heap after
{Heap after GC invocations=2 (full 0):
 def new generation   total 4928K, used 512K [0x04600000, 0x04b50000, 0x09b50000)
  eden space 4416K,   0% used [0x04600000, 0x04600000, 0x04a50000)
  from space 512K, 100% used [0x04a50000, 0x04ad0000, 0x04ad0000)
  to   space 512K,   0% used [0x04ad0000, 0x04ad0000, 0x04b50000)
 tenured generation   total 10944K, used 5313K [0x09b50000, 0x0a600000, 0x14600000)
   the space 10944K,  48% used [0x09b50000, 0x0a080758, 0x0a080800, 0x0a600000)
 Metaspace       used 4146K, committed 4224K, reserved 8192K
}
Event: 0.215 GC heap before
{Heap before GC invocations=2 (full 0):
 def new generation   total 4928K, used 4928K [0x04600000, 0x04b50000, 0x09b50000)
  eden space 4416K, 100% used [0x04600000, 0x04a50000, 0x04a50000)
  from space 512K, 100% used [0x04a50000, 0x04ad0000, 0x04ad0000)
  to   space 512K,   0% used [0x04ad0000, 0x04ad0000, 0x04b50000)
 tenured generation   total 10944K, used 5313K [0x09b50000, 0x0a600000, 0x14600000)
   the space 10944K,  48% used [0x09b50000, 0x0a080758, 0x0a080800, 0x0a600000)
 Metaspace       used 7218K, committed 7296K, reserved 8192K
}
Event: 0.217 GC heap after
{Heap after GC invocations=3 (full 0):
 def new generation   total 4928K, used 512K [0x04600000, 0x04b50000, 0x09b50000)
  eden space 4416K,   0% used [0x04600000, 0x04600000, 0x04a50000)
  from space 512K, 100% used [0x04ad0000, 0x04b50000, 0x04b50000)
  to   space 512K,   0% used [0x04a50000, 0x04a50000, 0x04ad0000)
 tenured generation   total 10944K, used 6606K [0x09b50000, 0x0a600000, 0x14600000)
   the space 10944K,  60% used [0x09b50000, 0x0a1c3af8, 0x0a1c3c00, 0x0a600000)
 Metaspace       used 7218K, committed 7296K, reserved 8192K
}
Event: 0.347 GC heap before
{Heap before GC invocations=3 (full 0):
 def new generation   total 4928K, used 4928K [0x04600000, 0x04b50000, 0x09b50000)
  eden space 4416K, 100% used [0x04600000, 0x04a50000, 0x04a50000)
  from space 512K, 100% used [0x04ad0000, 0x04b50000, 0x04b50000)
  to   space 512K,   0% used [0x04a50000, 0x04a50000, 0x04ad0000)
 tenured generation   total 10944K, used 6606K [0x09b50000, 0x0a600000, 0x14600000)
   the space 10944K,  60% used [0x09b50000, 0x0a1c3af8, 0x0a1c3c00, 0x0a600000)
 Metaspace       used 9894K, committed 9984K, reserved 16384K
}
Event: 0.350 GC heap after
{Heap after GC invocations=4 (full 0):
 def new generation   total 4928K, used 512K [0x04600000, 0x04b50000, 0x09b50000)
  eden space 4416K,   0% used [0x04600000, 0x04600000, 0x04a50000)
  from space 512K, 100% used [0x04a50000, 0x04ad0000, 0x04ad0000)
  to   space 512K,   0% used [0x04ad0000, 0x04ad0000, 0x04b50000)
 tenured generation   total 10944K, used 8191K [0x09b50000, 0x0a600000, 0x14600000)
   the space 10944K,  74% used [0x09b50000, 0x0a34feb8, 0x0a350000, 0x0a600000)
 Metaspace       used 9894K, committed 9984K, reserved 16384K
}
Event: 0.422 GC heap before
{Heap before GC invocations=4 (full 0):
 def new generation   total 4928K, used 4928K [0x04600000, 0x04b50000, 0x09b50000)
  eden space 4416K, 100% used [0x04600000, 0x04a50000, 0x04a50000)
  from space 512K, 100% used [0x04a50000, 0x04ad0000, 0x04ad0000)
  to   space 512K,   0% used [0x04ad0000, 0x04ad0000, 0x04b50000)
 tenured generation   total 10944K, used 8191K [0x09b50000, 0x0a600000, 0x14600000)
   the space 10944K,  74% used [0x09b50000, 0x0a34feb8, 0x0a350000, 0x0a600000)
 Metaspace       used 11236K, committed 11328K, reserved 16384K
}
Event: 0.424 GC heap after
{Heap after GC invocations=5 (full 0):
 def new generation   total 4928K, used 379K [0x04600000, 0x04b50000, 0x09b50000)
  eden space 4416K,   0% used [0x04600000, 0x04600000, 0x04a50000)
  from space 512K,  74% used [0x04ad0000, 0x04b2ef78, 0x04b50000)
  to   space 512K,   0% used [0x04a50000, 0x04a50000, 0x04ad0000)
 tenured generation   total 10944K, used 8654K [0x09b50000, 0x0a600000, 0x14600000)
   the space 10944K,  79% used [0x09b50000, 0x0a3c3a30, 0x0a3c3c00, 0x0a600000)
 Metaspace       used 11236K, committed 11328K, reserved 16384K
}
Event: 0.589 GC heap before
{Heap before GC invocations=5 (full 0):
 def new generation   total 4928K, used 4795K [0x04600000, 0x04b50000, 0x09b50000)
  eden space 4416K, 100% used [0x04600000, 0x04a50000, 0x04a50000)
  from space 512K,  74% used [0x04ad0000, 0x04b2ef78, 0x04b50000)
  to   space 512K,   0% used [0x04a50000, 0x04a50000, 0x04ad0000)
 tenured generation   total 10944K, used 8654K [0x09b50000, 0x0a600000, 0x14600000)
   the space 10944K,  79% used [0x09b50000, 0x0a3c3a30, 0x0a3c3c00, 0x0a600000)
 Metaspace       used 14675K, committed 14848K, reserved 16384K
}
Event: 0.592 GC heap after
{Heap after GC invocations=6 (full 0):
 def new generation   total 4928K, used 512K [0x04600000, 0x04b50000, 0x09b50000)
  eden space 4416K,   0% used [0x04600000, 0x04600000, 0x04a50000)
  from space 512K, 100% used [0x04a50000, 0x04ad0000, 0x04ad0000)
  to   space 512K,   0% used [0x04ad0000, 0x04ad0000, 0x04b50000)
 tenured generation   total 10944K, used 9850K [0x09b50000, 0x0a600000, 0x14600000)
   the space 10944K,  90% used [0x09b50000, 0x0a4ee9b0, 0x0a4eea00, 0x0a600000)
 Metaspace       used 14675K, committed 14848K, reserved 16384K
}
Event: 0.713 GC heap before
{Heap before GC invocations=6 (full 0):
 def new generation   total 4928K, used 4928K [0x04600000, 0x04b50000, 0x09b50000)
  eden space 4416K, 100% used [0x04600000, 0x04a50000, 0x04a50000)
  from space 512K, 100% used [0x04a50000, 0x04ad0000, 0x04ad0000)
  to   space 512K,   0% used [0x04ad0000, 0x04ad0000, 0x04b50000)
 tenured generation   total 10944K, used 9850K [0x09b50000, 0x0a600000, 0x14600000)
   the space 10944K,  90% used [0x09b50000, 0x0a4ee9b0, 0x0a4eea00, 0x0a600000)
 Metaspace       used 15073K, committed 15168K, reserved 16384K
}
Event: 0.715 GC heap after
{Heap after GC invocations=7 (full 0):
 def new generation   total 4928K, used 318K [0x04600000, 0x04b50000, 0x09b50000)
  eden space 4416K,   0% used [0x04600000, 0x04600000, 0x04a50000)
  from space 512K,  62% used [0x04ad0000, 0x04b1f808, 0x04b50000)
  to   space 512K,   0% used [0x04a50000, 0x04a50000, 0x04ad0000)
 tenured generation   total 10944K, used 10356K [0x09b50000, 0x0a600000, 0x14600000)
   the space 10944K,  94% used [0x09b50000, 0x0a56d010, 0x0a56d200, 0x0a600000)
 Metaspace       used 15073K, committed 15168K, reserved 16384K
}
Event: 0.769 GC heap before
{Heap before GC invocations=7 (full 0):
 def new generation   total 4928K, used 4734K [0x04600000, 0x04b50000, 0x09b50000)
  eden space 4416K, 100% used [0x04600000, 0x04a50000, 0x04a50000)
  from space 512K,  62% used [0x04ad0000, 0x04b1f808, 0x04b50000)
  to   space 512K,   0% used [0x04a50000, 0x04a50000, 0x04ad0000)
 tenured generation   total 10944K, used 10356K [0x09b50000, 0x0a600000, 0x14600000)
   the space 10944K,  94% used [0x09b50000, 0x0a56d010, 0x0a56d200, 0x0a600000)
 Metaspace       used 16002K, committed 16192K, reserved 16384K
}
Event: 0.771 GC heap after
{Heap after GC invocations=8 (full 0):
 def new generation   total 4928K, used 218K [0x04600000, 0x04b50000, 0x09b50000)
  eden space 4416K,   0% used [0x04600000, 0x04600000, 0x04a50000)
  from space 512K,  42% used [0x04a50000, 0x04a86808, 0x04ad0000)
  to   space 512K,   0% used [0x04ad0000, 0x04ad0000, 0x04b50000)
 tenured generation   total 12352K, used 11959K [0x09b50000, 0x0a760000, 0x14600000)
   the space 12352K,  96% used [0x09b50000, 0x0a6fde10, 0x0a6fe000, 0x0a760000)
 Metaspace       used 16002K, committed 16192K, reserved 16384K
}
Event: 0.771 GC heap before
{Heap before GC invocations=8 (full 0):
 def new generation   total 4928K, used 218K [0x04600000, 0x04b50000, 0x09b50000)
  eden space 4416K,   0% used [0x04600000, 0x04600000, 0x04a50000)
  from space 512K,  42% used [0x04a50000, 0x04a86808, 0x04ad0000)
  to   space 512K,   0% used [0x04ad0000, 0x04ad0000, 0x04b50000)
 tenured generation   total 12352K, used 11959K [0x09b50000, 0x0a760000, 0x14600000)
   the space 12352K,  96% used [0x09b50000, 0x0a6fde10, 0x0a6fe000, 0x0a760000)
 Metaspace       used 16002K, committed 16192K, reserved 16384K
}
Event: 0.779 GC heap after
{Heap after GC invocations=8 (full 1):
 def new generation   total 9216K, used 0K [0x04600000, 0x04ff0000, 0x09b50000)
  eden space 8256K,   0% used [0x04600000, 0x04600000, 0x04e10000)
  from space 960K,   0% used [0x04e10000, 0x04e10000, 0x04f00000)
  to   space 960K,   0% used [0x04f00000, 0x04f00000, 0x04ff0000)
 tenured generation   total 20296K, used 12177K [0x09b50000, 0x0af22000, 0x14600000)
   the space 20296K,  59% used [0x09b50000, 0x0a7345d8, 0x0a734600, 0x0af22000)
 Metaspace       used 16002K, committed 16192K, reserved 16384K
}
Event: 3.870 GC heap before
{Heap before GC invocations=8 (full 1):
 def new generation   total 9216K, used 6017K [0x04600000, 0x04ff0000, 0x09b50000)
  eden space 8256K,  72% used [0x04600000, 0x04be0448, 0x04e10000)
  from space 960K,   0% used [0x04e10000, 0x04e10000, 0x04f00000)
  to   space 960K,   0% used [0x04f00000, 0x04f00000, 0x04ff0000)
 tenured generation   total 20296K, used 12177K [0x09b50000, 0x0af22000, 0x14600000)
   the space 20296K,  59% used [0x09b50000, 0x0a7345d8, 0x0a734600, 0x0af22000)
 Metaspace       used 18541K, committed 18688K, reserved 24576K
}
Event: 3.874 GC heap after
{Heap after GC invocations=9 (full 1):
 def new generation   total 9216K, used 670K [0x04600000, 0x04ff0000, 0x09b50000)
  eden space 8256K,   0% used [0x04600000, 0x04600000, 0x04e10000)
  from space 960K,  69% used [0x04f00000, 0x04fa7818, 0x04ff0000)
  to   space 960K,   0% used [0x04e10000, 0x04e10000, 0x04f00000)
 tenured generation   total 20296K, used 14406K [0x09b50000, 0x0af22000, 0x14600000)
   the space 20296K,  70% used [0x09b50000, 0x0a961910, 0x0a961a00, 0x0af22000)
 Metaspace       used 18541K, committed 18688K, reserved 24576K
}

