# JRE version: OpenJDK Runtime Environment Temurin-17.0.6+10 (17.0.6+10) (build 17.0.6+10)
# Java VM: OpenJDK Client VM Temurin-17.0.6+10 (17.0.6+10, mixed mode, emulated-client, serial gc, windows-x86)
GC Precious Log:
 CPUs: 8 total, 8 available
 Memory: 16140M
 Large Page Support: Disabled
 NUMA Support: Disabled
 Compressed Oops: Disabled
 Heap Min Capacity: 6M
 Heap Initial Capacity: 16M
 Heap Max Capacity: 256M
 Pre-touch: Disabled
Heap:
 def new generation   total 9216K, used 6426K [0x04e00000, 0x057f0000, 0x0a350000)
  eden space 8256K,  70% used [0x04e00000, 0x053aaf28, 0x05610000)
  from space 960K,  64% used [0x05700000, 0x0579b9a0, 0x057f0000)
  to   space 960K,   0% used [0x05610000, 0x05610000, 0x05700000)
 tenured generation   total 20244K, used 14374K [0x0a350000, 0x0b715000, 0x14e00000)
   the space 20244K,  71% used [0x0a350000, 0x0b159a10, 0x0b159c00, 0x0b715000)
 Metaspace       used 18230K, committed 18368K, reserved 24576K
GC Heap History (20 events):
Event: 0.109 GC heap before
{Heap before GC invocations=0 (full 0):
 def new generation   total 4928K, used 2845K [0x04e00000, 0x05350000, 0x0a350000)
  eden space 4416K,  64% used [0x04e00000, 0x050c7568, 0x05250000)
  from space 512K,   0% used [0x05250000, 0x05250000, 0x052d0000)
  to   space 512K,   0% used [0x052d0000, 0x052d0000, 0x05350000)
 tenured generation   total 10944K, used 0K [0x0a350000, 0x0ae00000, 0x14e00000)
   the space 10944K,   0% used [0x0a350000, 0x0a350000, 0x0a350200, 0x0ae00000)
 Metaspace       used 4146K, committed 4224K, reserved 8192K
}
Event: 0.111 GC heap after
{Heap after GC invocations=1 (full 0):
 def new generation   total 4928K, used 512K [0x04e00000, 0x05350000, 0x0a350000)
  eden space 4416K,   0% used [0x04e00000, 0x04e00000, 0x05250000)
  from space 512K, 100% used [0x052d0000, 0x05350000, 0x05350000)
  to   space 512K,   0% used [0x05250000, 0x05250000, 0x052d0000)
 tenured generation   total 10944K, used 1417K [0x0a350000, 0x0ae00000, 0x14e00000)
   the space 10944K,  12% used [0x0a350000, 0x0a4b2538, 0x0a4b2600, 0x0ae00000)
 Metaspace       used 4146K, committed 4224K, reserved 8192K
}
Event: 0.128 GC heap before
{Heap before GC invocations=1 (full 0):
 def new generation   total 4928K, used 4892K [0x04e00000, 0x05350000, 0x0a350000)
  eden space 4416K,  99% used [0x04e00000, 0x052473d8, 0x05250000)
  from space 512K, 100% used [0x052d0000, 0x05350000, 0x05350000)
  to   space 512K,   0% used [0x05250000, 0x05250000, 0x052d0000)
 tenured generation   total 10944K, used 1417K [0x0a350000, 0x0ae00000, 0x14e00000)
   the space 10944K,  12% used [0x0a350000, 0x0a4b2538, 0x0a4b2600, 0x0ae00000)
 Metaspace       used 4146K, committed 4224K, reserved 8192K
}
Event: 0.131 GC heap after
{Heap after GC invocations=2 (full 0):
 def new generation   total 4928K, used 512K [0x04e00000, 0x05350000, 0x0a350000)
  eden space 4416K,   0% used [0x04e00000, 0x04e00000, 0x05250000)
  from space 512K, 100% used [0x05250000, 0x052d0000, 0x052d0000)
  to   space 512K,   0% used [0x052d0000, 0x052d0000, 0x05350000)
 tenured generation   total 10944K, used 5313K [0x0a350000, 0x0ae00000, 0x14e00000)
   the space 10944K,  48% used [0x0a350000, 0x0a880758, 0x0a880800, 0x0ae00000)
 Metaspace       used 4146K, committed 4224K, reserved 8192K
}
Event: 0.240 GC heap before
{Heap before GC invocations=2 (full 0):
 def new generation   total 4928K, used 4928K [0x04e00000, 0x05350000, 0x0a350000)
  eden space 4416K, 100% used [0x04e00000, 0x05250000, 0x05250000)
  from space 512K, 100% used [0x05250000, 0x052d0000, 0x052d0000)
  to   space 512K,   0% used [0x052d0000, 0x052d0000, 0x05350000)
 tenured generation   total 10944K, used 5313K [0x0a350000, 0x0ae00000, 0x14e00000)
   the space 10944K,  48% used [0x0a350000, 0x0a880758, 0x0a880800, 0x0ae00000)
 Metaspace       used 7218K, committed 7296K, reserved 8192K
}
Event: 0.244 GC heap after
{Heap after GC invocations=3 (full 0):
 def new generation   total 4928K, used 512K [0x04e00000, 0x05350000, 0x0a350000)
  eden space 4416K,   0% used [0x04e00000, 0x04e00000, 0x05250000)
  from space 512K, 100% used [0x052d0000, 0x05350000, 0x05350000)
  to   space 512K,   0% used [0x05250000, 0x05250000, 0x052d0000)
 tenured generation   total 10944K, used 6606K [0x0a350000, 0x0ae00000, 0x14e00000)
   the space 10944K,  60% used [0x0a350000, 0x0a9c3b28, 0x0a9c3c00, 0x0ae00000)
 Metaspace       used 7218K, committed 7296K, reserved 8192K
}
Event: 0.376 GC heap before
{Heap before GC invocations=3 (full 0):
 def new generation   total 4928K, used 4886K [0x04e00000, 0x05350000, 0x0a350000)
  eden space 4416K,  99% used [0x04e00000, 0x05245800, 0x05250000)
  from space 512K, 100% used [0x052d0000, 0x05350000, 0x05350000)
  to   space 512K,   0% used [0x05250000, 0x05250000, 0x052d0000)
 tenured generation   total 10944K, used 6606K [0x0a350000, 0x0ae00000, 0x14e00000)
   the space 10944K,  60% used [0x0a350000, 0x0a9c3b28, 0x0a9c3c00, 0x0ae00000)
 Metaspace       used 9883K, committed 9984K, reserved 16384K
}
Event: 0.379 GC heap after
{Heap after GC invocations=4 (full 0):
 def new generation   total 4928K, used 512K [0x04e00000, 0x05350000, 0x0a350000)
  eden space 4416K,   0% used [0x04e00000, 0x04e00000, 0x05250000)
  from space 512K, 100% used [0x05250000, 0x052d0000, 0x052d0000)
  to   space 512K,   0% used [0x052d0000, 0x052d0000, 0x05350000)
 tenured generation   total 10944K, used 8181K [0x0a350000, 0x0ae00000, 0x14e00000)
   the space 10944K,  74% used [0x0a350000, 0x0ab4d588, 0x0ab4d600, 0x0ae00000)
 Metaspace       used 9883K, committed 9984K, reserved 16384K
}
Event: 0.449 GC heap before
{Heap before GC invocations=4 (full 0):
 def new generation   total 4928K, used 4928K [0x04e00000, 0x05350000, 0x0a350000)
  eden space 4416K, 100% used [0x04e00000, 0x05250000, 0x05250000)
  from space 512K, 100% used [0x05250000, 0x052d0000, 0x052d0000)
  to   space 512K,   0% used [0x052d0000, 0x052d0000, 0x05350000)
 tenured generation   total 10944K, used 8181K [0x0a350000, 0x0ae00000, 0x14e00000)
   the space 10944K,  74% used [0x0a350000, 0x0ab4d588, 0x0ab4d600, 0x0ae00000)
 Metaspace       used 11211K, committed 11328K, reserved 16384K
}
Event: 0.452 GC heap after
{Heap after GC invocations=5 (full 0):
 def new generation   total 4928K, used 357K [0x04e00000, 0x05350000, 0x0a350000)
  eden space 4416K,   0% used [0x04e00000, 0x04e00000, 0x05250000)
  from space 512K,  69% used [0x052d0000, 0x05329440, 0x05350000)
  to   space 512K,   0% used [0x05250000, 0x05250000, 0x052d0000)
 tenured generation   total 10944K, used 8613K [0x0a350000, 0x0ae00000, 0x14e00000)
   the space 10944K,  78% used [0x0a350000, 0x0abb9710, 0x0abb9800, 0x0ae00000)
 Metaspace       used 11211K, committed 11328K, reserved 16384K
}
Event: 0.628 GC heap before
{Heap before GC invocations=5 (full 0):
 def new generation   total 4928K, used 4773K [0x04e00000, 0x05350000, 0x0a350000)
  eden space 4416K, 100% used [0x04e00000, 0x05250000, 0x05250000)
  from space 512K,  69% used [0x052d0000, 0x05329440, 0x05350000)
  to   space 512K,   0% used [0x05250000, 0x05250000, 0x052d0000)
 tenured generation   total 10944K, used 8613K [0x0a350000, 0x0ae00000, 0x14e00000)
   the space 10944K,  78% used [0x0a350000, 0x0abb9710, 0x0abb9800, 0x0ae00000)
 Metaspace       used 14674K, committed 14848K, reserved 16384K
}
Event: 0.631 GC heap after
{Heap after GC invocations=6 (full 0):
 def new generation   total 4928K, used 512K [0x04e00000, 0x05350000, 0x0a350000)
  eden space 4416K,   0% used [0x04e00000, 0x04e00000, 0x05250000)
  from space 512K, 100% used [0x05250000, 0x052d0000, 0x052d0000)
  to   space 512K,   0% used [0x052d0000, 0x052d0000, 0x05350000)
 tenured generation   total 10944K, used 9797K [0x0a350000, 0x0ae00000, 0x14e00000)
   the space 10944K,  89% used [0x0a350000, 0x0ace15c8, 0x0ace1600, 0x0ae00000)
 Metaspace       used 14674K, committed 14848K, reserved 16384K
}
Event: 0.779 GC heap before
{Heap before GC invocations=6 (full 0):
 def new generation   total 4928K, used 4928K [0x04e00000, 0x05350000, 0x0a350000)
  eden space 4416K, 100% used [0x04e00000, 0x05250000, 0x05250000)
  from space 512K, 100% used [0x05250000, 0x052d0000, 0x052d0000)
  to   space 512K,   0% used [0x052d0000, 0x052d0000, 0x05350000)
 tenured generation   total 10944K, used 9797K [0x0a350000, 0x0ae00000, 0x14e00000)
   the space 10944K,  89% used [0x0a350000, 0x0ace15c8, 0x0ace1600, 0x0ae00000)
 Metaspace       used 15073K, committed 15168K, reserved 16384K
}
Event: 0.781 GC heap after
{Heap after GC invocations=7 (full 0):
 def new generation   total 4928K, used 357K [0x04e00000, 0x05350000, 0x0a350000)
  eden space 4416K,   0% used [0x04e00000, 0x04e00000, 0x05250000)
  from space 512K,  69% used [0x052d0000, 0x053297d8, 0x05350000)
  to   space 512K,   0% used [0x05250000, 0x05250000, 0x052d0000)
 tenured generation   total 10944K, used 10307K [0x0a350000, 0x0ae00000, 0x14e00000)
   the space 10944K,  94% used [0x0a350000, 0x0ad60e50, 0x0ad61000, 0x0ae00000)
 Metaspace       used 15073K, committed 15168K, reserved 16384K
}
Event: 0.839 GC heap before
{Heap before GC invocations=7 (full 0):
 def new generation   total 4928K, used 4771K [0x04e00000, 0x05350000, 0x0a350000)
  eden space 4416K,  99% used [0x04e00000, 0x0524f740, 0x05250000)
  from space 512K,  69% used [0x052d0000, 0x053297d8, 0x05350000)
  to   space 512K,   0% used [0x05250000, 0x05250000, 0x052d0000)
 tenured generation   total 10944K, used 10307K [0x0a350000, 0x0ae00000, 0x14e00000)
   the space 10944K,  94% used [0x0a350000, 0x0ad60e50, 0x0ad61000, 0x0ae00000)
 Metaspace       used 16002K, committed 16128K, reserved 16384K
}
Event: 0.842 GC heap after
{Heap after GC invocations=8 (full 0):
 def new generation   total 4928K, used 236K [0x04e00000, 0x05350000, 0x0a350000)
  eden space 4416K,   0% used [0x04e00000, 0x04e00000, 0x05250000)
  from space 512K,  46% used [0x05250000, 0x0528b1e0, 0x052d0000)
  to   space 512K,   0% used [0x052d0000, 0x052d0000, 0x05350000)
 tenured generation   total 12352K, used 11909K [0x0a350000, 0x0af60000, 0x14e00000)
   the space 12352K,  96% used [0x0a350000, 0x0aef1538, 0x0aef1600, 0x0af60000)
 Metaspace       used 16002K, committed 16128K, reserved 16384K
}
Event: 0.842 GC heap before
{Heap before GC invocations=8 (full 0):
 def new generation   total 4928K, used 236K [0x04e00000, 0x05350000, 0x0a350000)
  eden space 4416K,   0% used [0x04e00000, 0x04e00000, 0x05250000)
  from space 512K,  46% used [0x05250000, 0x0528b1e0, 0x052d0000)
  to   space 512K,   0% used [0x052d0000, 0x052d0000, 0x05350000)
 tenured generation   total 12352K, used 11909K [0x0a350000, 0x0af60000, 0x14e00000)
   the space 12352K,  96% used [0x0a350000, 0x0aef1538, 0x0aef1600, 0x0af60000)
 Metaspace       used 16002K, committed 16128K, reserved 16384K
}
Event: 0.850 GC heap after
{Heap after GC invocations=8 (full 1):
 def new generation   total 9216K, used 0K [0x04e00000, 0x057f0000, 0x0a350000)
  eden space 8256K,   0% used [0x04e00000, 0x04e00000, 0x05610000)
  from space 960K,   0% used [0x05610000, 0x05610000, 0x05700000)
  to   space 960K,   0% used [0x05700000, 0x05700000, 0x057f0000)
 tenured generation   total 20244K, used 12145K [0x0a350000, 0x0b715000, 0x14e00000)
   the space 20244K,  59% used [0x0a350000, 0x0af2c6d8, 0x0af2c800, 0x0b715000)
 Metaspace       used 16002K, committed 16128K, reserved 16384K
}
Event: 2.453 GC heap before
{Heap before GC invocations=8 (full 1):
 def new generation   total 9216K, used 5826K [0x04e00000, 0x057f0000, 0x0a350000)
  eden space 8256K,  70% used [0x04e00000, 0x053b0860, 0x05610000)
  from space 960K,   0% used [0x05610000, 0x05610000, 0x05700000)
  to   space 960K,   0% used [0x05700000, 0x05700000, 0x057f0000)
 tenured generation   total 20244K, used 12145K [0x0a350000, 0x0b715000, 0x14e00000)
   the space 20244K,  59% used [0x0a350000, 0x0af2c6d8, 0x0af2c800, 0x0b715000)
 Metaspace       used 18159K, committed 18240K, reserved 24576K
}
Event: 2.456 GC heap after
{Heap after GC invocations=9 (full 1):
 def new generation   total 9216K, used 622K [0x04e00000, 0x057f0000, 0x0a350000)
  eden space 8256K,   0% used [0x04e00000, 0x04e00000, 0x05610000)
  from space 960K,  64% used [0x05700000, 0x0579b9a0, 0x057f0000)
  to   space 960K,   0% used [0x05610000, 0x05610000, 0x05700000)
 tenured generation   total 20244K, used 14374K [0x0a350000, 0x0b715000, 0x14e00000)
   the space 20244K,  71% used [0x0a350000, 0x0b159a10, 0x0b159c00, 0x0b715000)
 Metaspace       used 18159K, committed 18240K, reserved 24576K
}

