# JRE version: OpenJDK Runtime Environment Temurin-17.0.6+10 (17.0.6+10) (build 17.0.6+10)
# Java VM: OpenJDK Client VM Temurin-17.0.6+10 (17.0.6+10, mixed mode, emulated-client, serial gc, windows-x86)
GC Precious Log:
 CPUs: 8 total, 8 available
 Memory: 16140M
 Large Page Support: Disabled
 NUMA Support: Disabled
 Compressed Oops: Disabled
 Heap Min Capacity: 6M
 Heap Initial Capacity: 16M
 Heap Max Capacity: 256M
 Pre-touch: Disabled
Heap:
 def new generation   total 9216K, used 5760K [0x04a00000, 0x053f0000, 0x09f50000)
  eden space 8256K,  62% used [0x04a00000, 0x04f060c0, 0x05210000)
  from space 960K,  64% used [0x05300000, 0x0539a010, 0x053f0000)
  to   space 960K,   0% used [0x05210000, 0x05210000, 0x05300000)
 tenured generation   total 20316K, used 14417K [0x09f50000, 0x0b327000, 0x14a00000)
   the space 20316K,  70% used [0x09f50000, 0x0ad64428, 0x0ad64600, 0x0b327000)
 Metaspace       used 18169K, committed 18304K, reserved 24576K
GC Heap History (20 events):
Event: 0.092 GC heap before
{Heap before GC invocations=0 (full 0):
 def new generation   total 4928K, used 2845K [0x04a00000, 0x04f50000, 0x09f50000)
  eden space 4416K,  64% used [0x04a00000, 0x04cc75c8, 0x04e50000)
  from space 512K,   0% used [0x04e50000, 0x04e50000, 0x04ed0000)
  to   space 512K,   0% used [0x04ed0000, 0x04ed0000, 0x04f50000)
 tenured generation   total 10944K, used 0K [0x09f50000, 0x0aa00000, 0x14a00000)
   the space 10944K,   0% used [0x09f50000, 0x09f50000, 0x09f50200, 0x0aa00000)
 Metaspace       used 4146K, committed 4224K, reserved 8192K
}
Event: 0.094 GC heap after
{Heap after GC invocations=1 (full 0):
 def new generation   total 4928K, used 512K [0x04a00000, 0x04f50000, 0x09f50000)
  eden space 4416K,   0% used [0x04a00000, 0x04a00000, 0x04e50000)
  from space 512K, 100% used [0x04ed0000, 0x04f50000, 0x04f50000)
  to   space 512K,   0% used [0x04e50000, 0x04e50000, 0x04ed0000)
 tenured generation   total 10944K, used 1417K [0x09f50000, 0x0aa00000, 0x14a00000)
   the space 10944K,  12% used [0x09f50000, 0x0a0b2538, 0x0a0b2600, 0x0aa00000)
 Metaspace       used 4146K, committed 4224K, reserved 8192K
}
Event: 0.108 GC heap before
{Heap before GC invocations=1 (full 0):
 def new generation   total 4928K, used 4892K [0x04a00000, 0x04f50000, 0x09f50000)
  eden space 4416K,  99% used [0x04a00000, 0x04e473d8, 0x04e50000)
  from space 512K, 100% used [0x04ed0000, 0x04f50000, 0x04f50000)
  to   space 512K,   0% used [0x04e50000, 0x04e50000, 0x04ed0000)
 tenured generation   total 10944K, used 1417K [0x09f50000, 0x0aa00000, 0x14a00000)
   the space 10944K,  12% used [0x09f50000, 0x0a0b2538, 0x0a0b2600, 0x0aa00000)
 Metaspace       used 4146K, committed 4224K, reserved 8192K
}
Event: 0.111 GC heap after
{Heap after GC invocations=2 (full 0):
 def new generation   total 4928K, used 512K [0x04a00000, 0x04f50000, 0x09f50000)
  eden space 4416K,   0% used [0x04a00000, 0x04a00000, 0x04e50000)
  from space 512K, 100% used [0x04e50000, 0x04ed0000, 0x04ed0000)
  to   space 512K,   0% used [0x04ed0000, 0x04ed0000, 0x04f50000)
 tenured generation   total 10944K, used 5313K [0x09f50000, 0x0aa00000, 0x14a00000)
   the space 10944K,  48% used [0x09f50000, 0x0a480758, 0x0a480800, 0x0aa00000)
 Metaspace       used 4146K, committed 4224K, reserved 8192K
}
Event: 0.208 GC heap before
{Heap before GC invocations=2 (full 0):
 def new generation   total 4928K, used 4928K [0x04a00000, 0x04f50000, 0x09f50000)
  eden space 4416K, 100% used [0x04a00000, 0x04e50000, 0x04e50000)
  from space 512K, 100% used [0x04e50000, 0x04ed0000, 0x04ed0000)
  to   space 512K,   0% used [0x04ed0000, 0x04ed0000, 0x04f50000)
 tenured generation   total 10944K, used 5313K [0x09f50000, 0x0aa00000, 0x14a00000)
   the space 10944K,  48% used [0x09f50000, 0x0a480758, 0x0a480800, 0x0aa00000)
 Metaspace       used 7218K, committed 7296K, reserved 8192K
}
Event: 0.211 GC heap after
{Heap after GC invocations=3 (full 0):
 def new generation   total 4928K, used 512K [0x04a00000, 0x04f50000, 0x09f50000)
  eden space 4416K,   0% used [0x04a00000, 0x04a00000, 0x04e50000)
  from space 512K, 100% used [0x04ed0000, 0x04f50000, 0x04f50000)
  to   space 512K,   0% used [0x04e50000, 0x04e50000, 0x04ed0000)
 tenured generation   total 10944K, used 6607K [0x09f50000, 0x0aa00000, 0x14a00000)
   the space 10944K,  60% used [0x09f50000, 0x0a5c3c40, 0x0a5c3e00, 0x0aa00000)
 Metaspace       used 7218K, committed 7296K, reserved 8192K
}
Event: 0.320 GC heap before
{Heap before GC invocations=3 (full 0):
 def new generation   total 4928K, used 4928K [0x04a00000, 0x04f50000, 0x09f50000)
  eden space 4416K, 100% used [0x04a00000, 0x04e50000, 0x04e50000)
  from space 512K, 100% used [0x04ed0000, 0x04f50000, 0x04f50000)
  to   space 512K,   0% used [0x04e50000, 0x04e50000, 0x04ed0000)
 tenured generation   total 10944K, used 6607K [0x09f50000, 0x0aa00000, 0x14a00000)
   the space 10944K,  60% used [0x09f50000, 0x0a5c3c40, 0x0a5c3e00, 0x0aa00000)
 Metaspace       used 9888K, committed 9984K, reserved 16384K
}
Event: 0.324 GC heap after
{Heap after GC invocations=4 (full 0):
 def new generation   total 4928K, used 512K [0x04a00000, 0x04f50000, 0x09f50000)
  eden space 4416K,   0% used [0x04a00000, 0x04a00000, 0x04e50000)
  from space 512K, 100% used [0x04e50000, 0x04ed0000, 0x04ed0000)
  to   space 512K,   0% used [0x04ed0000, 0x04ed0000, 0x04f50000)
 tenured generation   total 10944K, used 8190K [0x09f50000, 0x0aa00000, 0x14a00000)
   the space 10944K,  74% used [0x09f50000, 0x0a74f930, 0x0a74fa00, 0x0aa00000)
 Metaspace       used 9888K, committed 9984K, reserved 16384K
}
Event: 0.389 GC heap before
{Heap before GC invocations=4 (full 0):
 def new generation   total 4928K, used 4928K [0x04a00000, 0x04f50000, 0x09f50000)
  eden space 4416K, 100% used [0x04a00000, 0x04e50000, 0x04e50000)
  from space 512K, 100% used [0x04e50000, 0x04ed0000, 0x04ed0000)
  to   space 512K,   0% used [0x04ed0000, 0x04ed0000, 0x04f50000)
 tenured generation   total 10944K, used 8190K [0x09f50000, 0x0aa00000, 0x14a00000)
   the space 10944K,  74% used [0x09f50000, 0x0a74f930, 0x0a74fa00, 0x0aa00000)
 Metaspace       used 11211K, committed 11264K, reserved 16384K
}
Event: 0.391 GC heap after
{Heap after GC invocations=5 (full 0):
 def new generation   total 4928K, used 369K [0x04a00000, 0x04f50000, 0x09f50000)
  eden space 4416K,   0% used [0x04a00000, 0x04a00000, 0x04e50000)
  from space 512K,  72% used [0x04ed0000, 0x04f2c610, 0x04f50000)
  to   space 512K,   0% used [0x04e50000, 0x04e50000, 0x04ed0000)
 tenured generation   total 10944K, used 8653K [0x09f50000, 0x0aa00000, 0x14a00000)
   the space 10944K,  79% used [0x09f50000, 0x0a7c3400, 0x0a7c3400, 0x0aa00000)
 Metaspace       used 11211K, committed 11264K, reserved 16384K
}
Event: 0.547 GC heap before
{Heap before GC invocations=5 (full 0):
 def new generation   total 4928K, used 4785K [0x04a00000, 0x04f50000, 0x09f50000)
  eden space 4416K, 100% used [0x04a00000, 0x04e50000, 0x04e50000)
  from space 512K,  72% used [0x04ed0000, 0x04f2c610, 0x04f50000)
  to   space 512K,   0% used [0x04e50000, 0x04e50000, 0x04ed0000)
 tenured generation   total 10944K, used 8653K [0x09f50000, 0x0aa00000, 0x14a00000)
   the space 10944K,  79% used [0x09f50000, 0x0a7c3400, 0x0a7c3400, 0x0aa00000)
 Metaspace       used 14674K, committed 14848K, reserved 16384K
}
Event: 0.550 GC heap after
{Heap after GC invocations=6 (full 0):
 def new generation   total 4928K, used 512K [0x04a00000, 0x04f50000, 0x09f50000)
  eden space 4416K,   0% used [0x04a00000, 0x04a00000, 0x04e50000)
  from space 512K, 100% used [0x04e50000, 0x04ed0000, 0x04ed0000)
  to   space 512K,   0% used [0x04ed0000, 0x04ed0000, 0x04f50000)
 tenured generation   total 10944K, used 9840K [0x09f50000, 0x0aa00000, 0x14a00000)
   the space 10944K,  89% used [0x09f50000, 0x0a8ec0c8, 0x0a8ec200, 0x0aa00000)
 Metaspace       used 14674K, committed 14848K, reserved 16384K
}
Event: 0.677 GC heap before
{Heap before GC invocations=6 (full 0):
 def new generation   total 4928K, used 4928K [0x04a00000, 0x04f50000, 0x09f50000)
  eden space 4416K, 100% used [0x04a00000, 0x04e50000, 0x04e50000)
  from space 512K, 100% used [0x04e50000, 0x04ed0000, 0x04ed0000)
  to   space 512K,   0% used [0x04ed0000, 0x04ed0000, 0x04f50000)
 tenured generation   total 10944K, used 9840K [0x09f50000, 0x0aa00000, 0x14a00000)
   the space 10944K,  89% used [0x09f50000, 0x0a8ec0c8, 0x0a8ec200, 0x0aa00000)
 Metaspace       used 15073K, committed 15168K, reserved 16384K
}
Event: 0.679 GC heap after
{Heap after GC invocations=7 (full 0):
 def new generation   total 4928K, used 356K [0x04a00000, 0x04f50000, 0x09f50000)
  eden space 4416K,   0% used [0x04a00000, 0x04a00000, 0x04e50000)
  from space 512K,  69% used [0x04ed0000, 0x04f293b0, 0x04f50000)
  to   space 512K,   0% used [0x04e50000, 0x04e50000, 0x04ed0000)
 tenured generation   total 10944K, used 10350K [0x09f50000, 0x0aa00000, 0x14a00000)
   the space 10944K,  94% used [0x09f50000, 0x0a96b8a8, 0x0a96ba00, 0x0aa00000)
 Metaspace       used 15073K, committed 15168K, reserved 16384K
}
Event: 0.732 GC heap before
{Heap before GC invocations=7 (full 0):
 def new generation   total 4928K, used 4770K [0x04a00000, 0x04f50000, 0x09f50000)
  eden space 4416K,  99% used [0x04a00000, 0x04e4f728, 0x04e50000)
  from space 512K,  69% used [0x04ed0000, 0x04f293b0, 0x04f50000)
  to   space 512K,   0% used [0x04e50000, 0x04e50000, 0x04ed0000)
 tenured generation   total 10944K, used 10350K [0x09f50000, 0x0aa00000, 0x14a00000)
   the space 10944K,  94% used [0x09f50000, 0x0a96b8a8, 0x0a96ba00, 0x0aa00000)
 Metaspace       used 16001K, committed 16128K, reserved 16384K
}
Event: 0.734 GC heap after
{Heap after GC invocations=8 (full 0):
 def new generation   total 4928K, used 236K [0x04a00000, 0x04f50000, 0x09f50000)
  eden space 4416K,   0% used [0x04a00000, 0x04a00000, 0x04e50000)
  from space 512K,  46% used [0x04e50000, 0x04e8b330, 0x04ed0000)
  to   space 512K,   0% used [0x04ed0000, 0x04ed0000, 0x04f50000)
 tenured generation   total 12352K, used 11951K [0x09f50000, 0x0ab60000, 0x14a00000)
   the space 12352K,  96% used [0x09f50000, 0x0aafbe00, 0x0aafbe00, 0x0ab60000)
 Metaspace       used 16001K, committed 16128K, reserved 16384K
}
Event: 0.734 GC heap before
{Heap before GC invocations=8 (full 0):
 def new generation   total 4928K, used 236K [0x04a00000, 0x04f50000, 0x09f50000)
  eden space 4416K,   0% used [0x04a00000, 0x04a00000, 0x04e50000)
  from space 512K,  46% used [0x04e50000, 0x04e8b330, 0x04ed0000)
  to   space 512K,   0% used [0x04ed0000, 0x04ed0000, 0x04f50000)
 tenured generation   total 12352K, used 11951K [0x09f50000, 0x0ab60000, 0x14a00000)
   the space 12352K,  96% used [0x09f50000, 0x0aafbe00, 0x0aafbe00, 0x0ab60000)
 Metaspace       used 16001K, committed 16128K, reserved 16384K
}
Event: 0.743 GC heap after
{Heap after GC invocations=8 (full 1):
 def new generation   total 9216K, used 0K [0x04a00000, 0x053f0000, 0x09f50000)
  eden space 8256K,   0% used [0x04a00000, 0x04a00000, 0x05210000)
  from space 960K,   0% used [0x05210000, 0x05210000, 0x05300000)
  to   space 960K,   0% used [0x05300000, 0x05300000, 0x053f0000)
 tenured generation   total 20316K, used 12188K [0x09f50000, 0x0b327000, 0x14a00000)
   the space 20316K,  59% used [0x09f50000, 0x0ab370f0, 0x0ab37200, 0x0b327000)
 Metaspace       used 16001K, committed 16128K, reserved 16384K
}
Event: 2.663 GC heap before
{Heap before GC invocations=8 (full 1):
 def new generation   total 9216K, used 5756K [0x04a00000, 0x053f0000, 0x09f50000)
  eden space 8256K,  69% used [0x04a00000, 0x04f9f2b8, 0x05210000)
  from space 960K,   0% used [0x05210000, 0x05210000, 0x05300000)
  to   space 960K,   0% used [0x05300000, 0x05300000, 0x053f0000)
 tenured generation   total 20316K, used 12188K [0x09f50000, 0x0b327000, 0x14a00000)
   the space 20316K,  59% used [0x09f50000, 0x0ab370f0, 0x0ab37200, 0x0b327000)
 Metaspace       used 18157K, committed 18240K, reserved 24576K
}
Event: 2.667 GC heap after
{Heap after GC invocations=9 (full 1):
 def new generation   total 9216K, used 616K [0x04a00000, 0x053f0000, 0x09f50000)
  eden space 8256K,   0% used [0x04a00000, 0x04a00000, 0x05210000)
  from space 960K,  64% used [0x05300000, 0x0539a010, 0x053f0000)
  to   space 960K,   0% used [0x05210000, 0x05210000, 0x05300000)
 tenured generation   total 20316K, used 14417K [0x09f50000, 0x0b327000, 0x14a00000)
   the space 20316K,  70% used [0x09f50000, 0x0ad64428, 0x0ad64600, 0x0b327000)
 Metaspace       used 18157K, committed 18240K, reserved 24576K
}

