# JRE version: OpenJDK Runtime Environment Temurin-17.0.6+10 (17.0.6+10) (build 17.0.6+10)
# Java VM: OpenJDK Client VM Temurin-17.0.6+10 (17.0.6+10, mixed mode, emulated-client, serial gc, windows-x86)
GC Precious Log:
 CPUs: 8 total, 8 available
 Memory: 16140M
 Large Page Support: Disabled
 NUMA Support: Disabled
 Compressed Oops: Disabled
 Heap Min Capacity: 6M
 Heap Initial Capacity: 16M
 Heap Max Capacity: 256M
 Pre-touch: Disabled
Heap:
 def new generation   total 9216K, used 5772K [0x04400000, 0x04df0000, 0x09950000)
  eden space 8256K,  62% used [0x04400000, 0x04907800, 0x04c10000)
  from space 960K,  64% used [0x04d00000, 0x04d9b930, 0x04df0000)
  to   space 960K,   0% used [0x04c10000, 0x04c10000, 0x04d00000)
 tenured generation   total 20296K, used 14406K [0x09950000, 0x0ad22000, 0x14400000)
   the space 20296K,  70% used [0x09950000, 0x0a7618f8, 0x0a761a00, 0x0ad22000)
 Metaspace       used 18171K, committed 18304K, reserved 24576K
GC Heap History (20 events):
Event: 0.107 GC heap before
{Heap before GC invocations=0 (full 0):
 def new generation   total 4928K, used 2845K [0x04400000, 0x04950000, 0x09950000)
  eden space 4416K,  64% used [0x04400000, 0x046c75c0, 0x04850000)
  from space 512K,   0% used [0x04850000, 0x04850000, 0x048d0000)
  to   space 512K,   0% used [0x048d0000, 0x048d0000, 0x04950000)
 tenured generation   total 10944K, used 0K [0x09950000, 0x0a400000, 0x14400000)
   the space 10944K,   0% used [0x09950000, 0x09950000, 0x09950200, 0x0a400000)
 Metaspace       used 4146K, committed 4224K, reserved 8192K
}
Event: 0.109 GC heap after
{Heap after GC invocations=1 (full 0):
 def new generation   total 4928K, used 512K [0x04400000, 0x04950000, 0x09950000)
  eden space 4416K,   0% used [0x04400000, 0x04400000, 0x04850000)
  from space 512K, 100% used [0x048d0000, 0x04950000, 0x04950000)
  to   space 512K,   0% used [0x04850000, 0x04850000, 0x048d0000)
 tenured generation   total 10944K, used 1417K [0x09950000, 0x0a400000, 0x14400000)
   the space 10944K,  12% used [0x09950000, 0x09ab2538, 0x09ab2600, 0x0a400000)
 Metaspace       used 4146K, committed 4224K, reserved 8192K
}
Event: 0.130 GC heap before
{Heap before GC invocations=1 (full 0):
 def new generation   total 4928K, used 4892K [0x04400000, 0x04950000, 0x09950000)
  eden space 4416K,  99% used [0x04400000, 0x048473d8, 0x04850000)
  from space 512K, 100% used [0x048d0000, 0x04950000, 0x04950000)
  to   space 512K,   0% used [0x04850000, 0x04850000, 0x048d0000)
 tenured generation   total 10944K, used 1417K [0x09950000, 0x0a400000, 0x14400000)
   the space 10944K,  12% used [0x09950000, 0x09ab2538, 0x09ab2600, 0x0a400000)
 Metaspace       used 4146K, committed 4224K, reserved 8192K
}
Event: 0.133 GC heap after
{Heap after GC invocations=2 (full 0):
 def new generation   total 4928K, used 512K [0x04400000, 0x04950000, 0x09950000)
  eden space 4416K,   0% used [0x04400000, 0x04400000, 0x04850000)
  from space 512K, 100% used [0x04850000, 0x048d0000, 0x048d0000)
  to   space 512K,   0% used [0x048d0000, 0x048d0000, 0x04950000)
 tenured generation   total 10944K, used 5313K [0x09950000, 0x0a400000, 0x14400000)
   the space 10944K,  48% used [0x09950000, 0x09e80758, 0x09e80800, 0x0a400000)
 Metaspace       used 4146K, committed 4224K, reserved 8192K
}
Event: 0.268 GC heap before
{Heap before GC invocations=2 (full 0):
 def new generation   total 4928K, used 4928K [0x04400000, 0x04950000, 0x09950000)
  eden space 4416K, 100% used [0x04400000, 0x04850000, 0x04850000)
  from space 512K, 100% used [0x04850000, 0x048d0000, 0x048d0000)
  to   space 512K,   0% used [0x048d0000, 0x048d0000, 0x04950000)
 tenured generation   total 10944K, used 5313K [0x09950000, 0x0a400000, 0x14400000)
   the space 10944K,  48% used [0x09950000, 0x09e80758, 0x09e80800, 0x0a400000)
 Metaspace       used 7218K, committed 7296K, reserved 8192K
}
Event: 0.271 GC heap after
{Heap after GC invocations=3 (full 0):
 def new generation   total 4928K, used 512K [0x04400000, 0x04950000, 0x09950000)
  eden space 4416K,   0% used [0x04400000, 0x04400000, 0x04850000)
  from space 512K, 100% used [0x048d0000, 0x04950000, 0x04950000)
  to   space 512K,   0% used [0x04850000, 0x04850000, 0x048d0000)
 tenured generation   total 10944K, used 6607K [0x09950000, 0x0a400000, 0x14400000)
   the space 10944K,  60% used [0x09950000, 0x09fc3c78, 0x09fc3e00, 0x0a400000)
 Metaspace       used 7218K, committed 7296K, reserved 8192K
}
Event: 0.398 GC heap before
{Heap before GC invocations=3 (full 0):
 def new generation   total 4928K, used 4928K [0x04400000, 0x04950000, 0x09950000)
  eden space 4416K, 100% used [0x04400000, 0x04850000, 0x04850000)
  from space 512K, 100% used [0x048d0000, 0x04950000, 0x04950000)
  to   space 512K,   0% used [0x04850000, 0x04850000, 0x048d0000)
 tenured generation   total 10944K, used 6607K [0x09950000, 0x0a400000, 0x14400000)
   the space 10944K,  60% used [0x09950000, 0x09fc3c78, 0x09fc3e00, 0x0a400000)
 Metaspace       used 9922K, committed 9984K, reserved 16384K
}
Event: 0.401 GC heap after
{Heap after GC invocations=4 (full 0):
 def new generation   total 4928K, used 512K [0x04400000, 0x04950000, 0x09950000)
  eden space 4416K,   0% used [0x04400000, 0x04400000, 0x04850000)
  from space 512K, 100% used [0x04850000, 0x048d0000, 0x048d0000)
  to   space 512K,   0% used [0x048d0000, 0x048d0000, 0x04950000)
 tenured generation   total 10944K, used 8194K [0x09950000, 0x0a400000, 0x14400000)
   the space 10944K,  74% used [0x09950000, 0x0a150880, 0x0a150a00, 0x0a400000)
 Metaspace       used 9922K, committed 9984K, reserved 16384K
}
Event: 0.464 GC heap before
{Heap before GC invocations=4 (full 0):
 def new generation   total 4928K, used 4928K [0x04400000, 0x04950000, 0x09950000)
  eden space 4416K, 100% used [0x04400000, 0x04850000, 0x04850000)
  from space 512K, 100% used [0x04850000, 0x048d0000, 0x048d0000)
  to   space 512K,   0% used [0x048d0000, 0x048d0000, 0x04950000)
 tenured generation   total 10944K, used 8194K [0x09950000, 0x0a400000, 0x14400000)
   the space 10944K,  74% used [0x09950000, 0x0a150880, 0x0a150a00, 0x0a400000)
 Metaspace       used 11247K, committed 11392K, reserved 16384K
}
Event: 0.466 GC heap after
{Heap after GC invocations=5 (full 0):
 def new generation   total 4928K, used 379K [0x04400000, 0x04950000, 0x09950000)
  eden space 4416K,   0% used [0x04400000, 0x04400000, 0x04850000)
  from space 512K,  74% used [0x048d0000, 0x0492efe0, 0x04950000)
  to   space 512K,   0% used [0x04850000, 0x04850000, 0x048d0000)
 tenured generation   total 10944K, used 8656K [0x09950000, 0x0a400000, 0x14400000)
   the space 10944K,  79% used [0x09950000, 0x0a1c4300, 0x0a1c4400, 0x0a400000)
 Metaspace       used 11247K, committed 11392K, reserved 16384K
}
Event: 0.627 GC heap before
{Heap before GC invocations=5 (full 0):
 def new generation   total 4928K, used 4795K [0x04400000, 0x04950000, 0x09950000)
  eden space 4416K, 100% used [0x04400000, 0x04850000, 0x04850000)
  from space 512K,  74% used [0x048d0000, 0x0492efe0, 0x04950000)
  to   space 512K,   0% used [0x04850000, 0x04850000, 0x048d0000)
 tenured generation   total 10944K, used 8656K [0x09950000, 0x0a400000, 0x14400000)
   the space 10944K,  79% used [0x09950000, 0x0a1c4300, 0x0a1c4400, 0x0a400000)
 Metaspace       used 14675K, committed 14848K, reserved 16384K
}
Event: 0.630 GC heap after
{Heap after GC invocations=6 (full 0):
 def new generation   total 4928K, used 512K [0x04400000, 0x04950000, 0x09950000)
  eden space 4416K,   0% used [0x04400000, 0x04400000, 0x04850000)
  from space 512K, 100% used [0x04850000, 0x048d0000, 0x048d0000)
  to   space 512K,   0% used [0x048d0000, 0x048d0000, 0x04950000)
 tenured generation   total 10944K, used 9851K [0x09950000, 0x0a400000, 0x14400000)
   the space 10944K,  90% used [0x09950000, 0x0a2eed10, 0x0a2eee00, 0x0a400000)
 Metaspace       used 14675K, committed 14848K, reserved 16384K
}
Event: 0.746 GC heap before
{Heap before GC invocations=6 (full 0):
 def new generation   total 4928K, used 4928K [0x04400000, 0x04950000, 0x09950000)
  eden space 4416K, 100% used [0x04400000, 0x04850000, 0x04850000)
  from space 512K, 100% used [0x04850000, 0x048d0000, 0x048d0000)
  to   space 512K,   0% used [0x048d0000, 0x048d0000, 0x04950000)
 tenured generation   total 10944K, used 9851K [0x09950000, 0x0a400000, 0x14400000)
   the space 10944K,  90% used [0x09950000, 0x0a2eed10, 0x0a2eee00, 0x0a400000)
 Metaspace       used 15073K, committed 15168K, reserved 16384K
}
Event: 0.748 GC heap after
{Heap after GC invocations=7 (full 0):
 def new generation   total 4928K, used 316K [0x04400000, 0x04950000, 0x09950000)
  eden space 4416K,   0% used [0x04400000, 0x04400000, 0x04850000)
  from space 512K,  61% used [0x048d0000, 0x0491f2c8, 0x04950000)
  to   space 512K,   0% used [0x04850000, 0x04850000, 0x048d0000)
 tenured generation   total 10944K, used 10355K [0x09950000, 0x0a400000, 0x14400000)
   the space 10944K,  94% used [0x09950000, 0x0a36cfe8, 0x0a36d000, 0x0a400000)
 Metaspace       used 15073K, committed 15168K, reserved 16384K
}
Event: 0.803 GC heap before
{Heap before GC invocations=7 (full 0):
 def new generation   total 4928K, used 4732K [0x04400000, 0x04950000, 0x09950000)
  eden space 4416K, 100% used [0x04400000, 0x04850000, 0x04850000)
  from space 512K,  61% used [0x048d0000, 0x0491f2c8, 0x04950000)
  to   space 512K,   0% used [0x04850000, 0x04850000, 0x048d0000)
 tenured generation   total 10944K, used 10355K [0x09950000, 0x0a400000, 0x14400000)
   the space 10944K,  94% used [0x09950000, 0x0a36cfe8, 0x0a36d000, 0x0a400000)
 Metaspace       used 16002K, committed 16128K, reserved 16384K
}
Event: 0.805 GC heap after
{Heap after GC invocations=8 (full 0):
 def new generation   total 4928K, used 218K [0x04400000, 0x04950000, 0x09950000)
  eden space 4416K,   0% used [0x04400000, 0x04400000, 0x04850000)
  from space 512K,  42% used [0x04850000, 0x04886b30, 0x048d0000)
  to   space 512K,   0% used [0x048d0000, 0x048d0000, 0x04950000)
 tenured generation   total 12352K, used 11958K [0x09950000, 0x0a560000, 0x14400000)
   the space 12352K,  96% used [0x09950000, 0x0a4fdad0, 0x0a4fdc00, 0x0a560000)
 Metaspace       used 16002K, committed 16128K, reserved 16384K
}
Event: 0.805 GC heap before
{Heap before GC invocations=8 (full 0):
 def new generation   total 4928K, used 218K [0x04400000, 0x04950000, 0x09950000)
  eden space 4416K,   0% used [0x04400000, 0x04400000, 0x04850000)
  from space 512K,  42% used [0x04850000, 0x04886b30, 0x048d0000)
  to   space 512K,   0% used [0x048d0000, 0x048d0000, 0x04950000)
 tenured generation   total 12352K, used 11958K [0x09950000, 0x0a560000, 0x14400000)
   the space 12352K,  96% used [0x09950000, 0x0a4fdad0, 0x0a4fdc00, 0x0a560000)
 Metaspace       used 16002K, committed 16128K, reserved 16384K
}
Event: 0.813 GC heap after
{Heap after GC invocations=8 (full 1):
 def new generation   total 9216K, used 0K [0x04400000, 0x04df0000, 0x09950000)
  eden space 8256K,   0% used [0x04400000, 0x04400000, 0x04c10000)
  from space 960K,   0% used [0x04c10000, 0x04c10000, 0x04d00000)
  to   space 960K,   0% used [0x04d00000, 0x04d00000, 0x04df0000)
 tenured generation   total 20296K, used 12177K [0x09950000, 0x0ad22000, 0x14400000)
   the space 20296K,  59% used [0x09950000, 0x0a5345c0, 0x0a534600, 0x0ad22000)
 Metaspace       used 16002K, committed 16128K, reserved 16384K
}
Event: 3.097 GC heap before
{Heap before GC invocations=8 (full 1):
 def new generation   total 9216K, used 5666K [0x04400000, 0x04df0000, 0x09950000)
  eden space 8256K,  68% used [0x04400000, 0x04988a90, 0x04c10000)
  from space 960K,   0% used [0x04c10000, 0x04c10000, 0x04d00000)
  to   space 960K,   0% used [0x04d00000, 0x04d00000, 0x04df0000)
 tenured generation   total 20296K, used 12177K [0x09950000, 0x0ad22000, 0x14400000)
   the space 20296K,  59% used [0x09950000, 0x0a5345c0, 0x0a534600, 0x0ad22000)
 Metaspace       used 18160K, committed 18240K, reserved 24576K
}
Event: 3.099 GC heap after
{Heap after GC invocations=9 (full 1):
 def new generation   total 9216K, used 622K [0x04400000, 0x04df0000, 0x09950000)
  eden space 8256K,   0% used [0x04400000, 0x04400000, 0x04c10000)
  from space 960K,  64% used [0x04d00000, 0x04d9b930, 0x04df0000)
  to   space 960K,   0% used [0x04c10000, 0x04c10000, 0x04d00000)
 tenured generation   total 20296K, used 14406K [0x09950000, 0x0ad22000, 0x14400000)
   the space 20296K,  70% used [0x09950000, 0x0a7618f8, 0x0a761a00, 0x0ad22000)
 Metaspace       used 18160K, committed 18240K, reserved 24576K
}

