# JRE version: OpenJDK Runtime Environment Temurin-17.0.6+10 (17.0.6+10) (build 17.0.6+10)
# Java VM: OpenJDK Client VM Temurin-17.0.6+10 (17.0.6+10, mixed mode, emulated-client, serial gc, windows-x86)
GC Precious Log:
 CPUs: 8 total, 8 available
 Memory: 16140M
 Large Page Support: Disabled
 NUMA Support: Disabled
 Compressed Oops: Disabled
 Heap Min Capacity: 6M
 Heap Initial Capacity: 16M
 Heap Max Capacity: 256M
 Pre-touch: Disabled
Heap:
 def new generation   total 7936K, used 5560K [0x05800000, 0x06090000, 0x0ad50000)
  eden space 7104K,  75% used [0x05800000, 0x05d3af68, 0x05ef0000)
  from space 832K,  24% used [0x05fc0000, 0x05ff3430, 0x06090000)
  to   space 832K,   0% used [0x05ef0000, 0x05ef0000, 0x05fc0000)
 tenured generation   total 17500K, used 11904K [0x0ad50000, 0x0be67000, 0x15800000)
   the space 17500K,  68% used [0x0ad50000, 0x0b8f0358, 0x0b8f0400, 0x0be67000)
 Metaspace       used 17321K, committed 17472K, reserved 24576K
GC Heap History (16 events):
Event: 0.106 GC heap before
{Heap before GC invocations=0 (full 0):
 def new generation   total 4928K, used 2845K [0x05800000, 0x05d50000, 0x0ad50000)
  eden space 4416K,  64% used [0x05800000, 0x05ac75b0, 0x05c50000)
  from space 512K,   0% used [0x05c50000, 0x05c50000, 0x05cd0000)
  to   space 512K,   0% used [0x05cd0000, 0x05cd0000, 0x05d50000)
 tenured generation   total 10944K, used 0K [0x0ad50000, 0x0b800000, 0x15800000)
   the space 10944K,   0% used [0x0ad50000, 0x0ad50000, 0x0ad50200, 0x0b800000)
 Metaspace       used 4146K, committed 4224K, reserved 8192K
}
Event: 0.108 GC heap after
{Heap after GC invocations=1 (full 0):
 def new generation   total 4928K, used 512K [0x05800000, 0x05d50000, 0x0ad50000)
  eden space 4416K,   0% used [0x05800000, 0x05800000, 0x05c50000)
  from space 512K, 100% used [0x05cd0000, 0x05d50000, 0x05d50000)
  to   space 512K,   0% used [0x05c50000, 0x05c50000, 0x05cd0000)
 tenured generation   total 10944K, used 1417K [0x0ad50000, 0x0b800000, 0x15800000)
   the space 10944K,  12% used [0x0ad50000, 0x0aeb2538, 0x0aeb2600, 0x0b800000)
 Metaspace       used 4146K, committed 4224K, reserved 8192K
}
Event: 0.122 GC heap before
{Heap before GC invocations=1 (full 0):
 def new generation   total 4928K, used 4892K [0x05800000, 0x05d50000, 0x0ad50000)
  eden space 4416K,  99% used [0x05800000, 0x05c473d8, 0x05c50000)
  from space 512K, 100% used [0x05cd0000, 0x05d50000, 0x05d50000)
  to   space 512K,   0% used [0x05c50000, 0x05c50000, 0x05cd0000)
 tenured generation   total 10944K, used 1417K [0x0ad50000, 0x0b800000, 0x15800000)
   the space 10944K,  12% used [0x0ad50000, 0x0aeb2538, 0x0aeb2600, 0x0b800000)
 Metaspace       used 4146K, committed 4224K, reserved 8192K
}
Event: 0.125 GC heap after
{Heap after GC invocations=2 (full 0):
 def new generation   total 4928K, used 512K [0x05800000, 0x05d50000, 0x0ad50000)
  eden space 4416K,   0% used [0x05800000, 0x05800000, 0x05c50000)
  from space 512K, 100% used [0x05c50000, 0x05cd0000, 0x05cd0000)
  to   space 512K,   0% used [0x05cd0000, 0x05cd0000, 0x05d50000)
 tenured generation   total 10944K, used 5313K [0x0ad50000, 0x0b800000, 0x15800000)
   the space 10944K,  48% used [0x0ad50000, 0x0b280758, 0x0b280800, 0x0b800000)
 Metaspace       used 4146K, committed 4224K, reserved 8192K
}
Event: 0.217 GC heap before
{Heap before GC invocations=2 (full 0):
 def new generation   total 4928K, used 4928K [0x05800000, 0x05d50000, 0x0ad50000)
  eden space 4416K, 100% used [0x05800000, 0x05c50000, 0x05c50000)
  from space 512K, 100% used [0x05c50000, 0x05cd0000, 0x05cd0000)
  to   space 512K,   0% used [0x05cd0000, 0x05cd0000, 0x05d50000)
 tenured generation   total 10944K, used 5313K [0x0ad50000, 0x0b800000, 0x15800000)
   the space 10944K,  48% used [0x0ad50000, 0x0b280758, 0x0b280800, 0x0b800000)
 Metaspace       used 7247K, committed 7360K, reserved 8192K
}
Event: 0.220 GC heap after
{Heap after GC invocations=3 (full 0):
 def new generation   total 4928K, used 512K [0x05800000, 0x05d50000, 0x0ad50000)
  eden space 4416K,   0% used [0x05800000, 0x05800000, 0x05c50000)
  from space 512K, 100% used [0x05cd0000, 0x05d50000, 0x05d50000)
  to   space 512K,   0% used [0x05c50000, 0x05c50000, 0x05cd0000)
 tenured generation   total 10944K, used 6559K [0x0ad50000, 0x0b800000, 0x15800000)
   the space 10944K,  59% used [0x0ad50000, 0x0b3b7f30, 0x0b3b8000, 0x0b800000)
 Metaspace       used 7247K, committed 7360K, reserved 8192K
}
Event: 0.313 GC heap before
{Heap before GC invocations=3 (full 0):
 def new generation   total 4928K, used 4928K [0x05800000, 0x05d50000, 0x0ad50000)
  eden space 4416K, 100% used [0x05800000, 0x05c50000, 0x05c50000)
  from space 512K, 100% used [0x05cd0000, 0x05d50000, 0x05d50000)
  to   space 512K,   0% used [0x05c50000, 0x05c50000, 0x05cd0000)
 tenured generation   total 10944K, used 6559K [0x0ad50000, 0x0b800000, 0x15800000)
   the space 10944K,  59% used [0x0ad50000, 0x0b3b7f30, 0x0b3b8000, 0x0b800000)
 Metaspace       used 9527K, committed 9664K, reserved 16384K
}
Event: 0.316 GC heap after
{Heap after GC invocations=4 (full 0):
 def new generation   total 4928K, used 512K [0x05800000, 0x05d50000, 0x0ad50000)
  eden space 4416K,   0% used [0x05800000, 0x05800000, 0x05c50000)
  from space 512K, 100% used [0x05c50000, 0x05cd0000, 0x05cd0000)
  to   space 512K,   0% used [0x05cd0000, 0x05cd0000, 0x05d50000)
 tenured generation   total 10944K, used 7368K [0x0ad50000, 0x0b800000, 0x15800000)
   the space 10944K,  67% used [0x0ad50000, 0x0b482348, 0x0b482400, 0x0b800000)
 Metaspace       used 9527K, committed 9664K, reserved 16384K
}
Event: 0.393 GC heap before
{Heap before GC invocations=4 (full 0):
 def new generation   total 4928K, used 4928K [0x05800000, 0x05d50000, 0x0ad50000)
  eden space 4416K, 100% used [0x05800000, 0x05c50000, 0x05c50000)
  from space 512K, 100% used [0x05c50000, 0x05cd0000, 0x05cd0000)
  to   space 512K,   0% used [0x05cd0000, 0x05cd0000, 0x05d50000)
 tenured generation   total 10944K, used 7368K [0x0ad50000, 0x0b800000, 0x15800000)
   the space 10944K,  67% used [0x0ad50000, 0x0b482348, 0x0b482400, 0x0b800000)
 Metaspace       used 11043K, committed 11136K, reserved 16384K
}
Event: 0.396 GC heap after
{Heap after GC invocations=5 (full 0):
 def new generation   total 4928K, used 512K [0x05800000, 0x05d50000, 0x0ad50000)
  eden space 4416K,   0% used [0x05800000, 0x05800000, 0x05c50000)
  from space 512K, 100% used [0x05cd0000, 0x05d50000, 0x05d50000)
  to   space 512K,   0% used [0x05c50000, 0x05c50000, 0x05cd0000)
 tenured generation   total 10944K, used 8332K [0x0ad50000, 0x0b800000, 0x15800000)
   the space 10944K,  76% used [0x0ad50000, 0x0b573220, 0x0b573400, 0x0b800000)
 Metaspace       used 11043K, committed 11136K, reserved 16384K
}
Event: 0.556 GC heap before
{Heap before GC invocations=5 (full 0):
 def new generation   total 4928K, used 4928K [0x05800000, 0x05d50000, 0x0ad50000)
  eden space 4416K, 100% used [0x05800000, 0x05c50000, 0x05c50000)
  from space 512K, 100% used [0x05cd0000, 0x05d50000, 0x05d50000)
  to   space 512K,   0% used [0x05c50000, 0x05c50000, 0x05cd0000)
 tenured generation   total 10944K, used 8332K [0x0ad50000, 0x0b800000, 0x15800000)
   the space 10944K,  76% used [0x0ad50000, 0x0b573220, 0x0b573400, 0x0b800000)
 Metaspace       used 14526K, committed 14656K, reserved 16384K
}
Event: 0.558 GC heap after
{Heap after GC invocations=6 (full 0):
 def new generation   total 4928K, used 512K [0x05800000, 0x05d50000, 0x0ad50000)
  eden space 4416K,   0% used [0x05800000, 0x05800000, 0x05c50000)
  from space 512K, 100% used [0x05c50000, 0x05cd0000, 0x05cd0000)
  to   space 512K,   0% used [0x05cd0000, 0x05cd0000, 0x05d50000)
 tenured generation   total 10944K, used 9168K [0x0ad50000, 0x0b800000, 0x15800000)
   the space 10944K,  83% used [0x0ad50000, 0x0b6443b0, 0x0b644400, 0x0b800000)
 Metaspace       used 14526K, committed 14656K, reserved 16384K
}
Event: 0.632 GC heap before
{Heap before GC invocations=6 (full 0):
 def new generation   total 4928K, used 2703K [0x05800000, 0x05d50000, 0x0ad50000)
  eden space 4416K,  49% used [0x05800000, 0x05a23dd8, 0x05c50000)
  from space 512K, 100% used [0x05c50000, 0x05cd0000, 0x05cd0000)
  to   space 512K,   0% used [0x05cd0000, 0x05cd0000, 0x05d50000)
 tenured generation   total 10944K, used 9168K [0x0ad50000, 0x0b800000, 0x15800000)
   the space 10944K,  83% used [0x0ad50000, 0x0b6443b0, 0x0b644400, 0x0b800000)
 Metaspace       used 16318K, committed 16384K, reserved 24576K
}
Event: 0.641 GC heap after
{Heap after GC invocations=7 (full 1):
 def new generation   total 7936K, used 0K [0x05800000, 0x06090000, 0x0ad50000)
  eden space 7104K,   0% used [0x05800000, 0x05800000, 0x05ef0000)
  from space 832K,   0% used [0x05ef0000, 0x05ef0000, 0x05fc0000)
  to   space 832K,   0% used [0x05fc0000, 0x05fc0000, 0x06090000)
 tenured generation   total 17500K, used 10498K [0x0ad50000, 0x0be67000, 0x15800000)
   the space 17500K,  59% used [0x0ad50000, 0x0b790a48, 0x0b790c00, 0x0be67000)
 Metaspace       used 16318K, committed 16384K, reserved 24576K
}
Event: 0.760 GC heap before
{Heap before GC invocations=7 (full 1):
 def new generation   total 7936K, used 4157K [0x05800000, 0x06090000, 0x0ad50000)
  eden space 7104K,  58% used [0x05800000, 0x05c0f4a0, 0x05ef0000)
  from space 832K,   0% used [0x05ef0000, 0x05ef0000, 0x05fc0000)
  to   space 832K,   0% used [0x05fc0000, 0x05fc0000, 0x06090000)
 tenured generation   total 17500K, used 10498K [0x0ad50000, 0x0be67000, 0x15800000)
   the space 17500K,  59% used [0x0ad50000, 0x0b790a48, 0x0b790c00, 0x0be67000)
 Metaspace       used 17158K, committed 17280K, reserved 24576K
}
Event: 0.762 GC heap after
{Heap after GC invocations=8 (full 1):
 def new generation   total 7936K, used 205K [0x05800000, 0x06090000, 0x0ad50000)
  eden space 7104K,   0% used [0x05800000, 0x05800000, 0x05ef0000)
  from space 832K,  24% used [0x05fc0000, 0x05ff3430, 0x06090000)
  to   space 832K,   0% used [0x05ef0000, 0x05ef0000, 0x05fc0000)
 tenured generation   total 17500K, used 11904K [0x0ad50000, 0x0be67000, 0x15800000)
   the space 17500K,  68% used [0x0ad50000, 0x0b8f0358, 0x0b8f0400, 0x0be67000)
 Metaspace       used 17158K, committed 17280K, reserved 24576K
}

