# JRE version: OpenJDK Runtime Environment Temurin-17.0.6+10 (17.0.6+10) (build 17.0.6+10)
# Java VM: OpenJDK Client VM Temurin-17.0.6+10 (17.0.6+10, mixed mode, emulated-client, serial gc, windows-x86)
GC Precious Log:
 CPUs: 8 total, 8 available
 Memory: 16140M
 Large Page Support: Disabled
 NUMA Support: Disabled
 Compressed Oops: Disabled
 Heap Min Capacity: 6M
 Heap Initial Capacity: 16M
 Heap Max Capacity: 256M
 Pre-touch: Disabled
Heap:
 def new generation   total 9216K, used 6184K [0x04a00000, 0x053f0000, 0x09f50000)
  eden space 8256K,  67% used [0x04a00000, 0x04f6e9c8, 0x05210000)
  from space 960K,  64% used [0x05300000, 0x0539b918, 0x053f0000)
  to   space 960K,   0% used [0x05210000, 0x05210000, 0x05300000)
 tenured generation   total 20296K, used 14405K [0x09f50000, 0x0b322000, 0x14a00000)
   the space 20296K,  70% used [0x09f50000, 0x0ad617e0, 0x0ad61800, 0x0b322000)
 Metaspace       used 18229K, committed 18368K, reserved 24576K
GC Heap History (20 events):
Event: 0.114 GC heap before
{Heap before GC invocations=0 (full 0):
 def new generation   total 4928K, used 2845K [0x04a00000, 0x04f50000, 0x09f50000)
  eden space 4416K,  64% used [0x04a00000, 0x04cc7598, 0x04e50000)
  from space 512K,   0% used [0x04e50000, 0x04e50000, 0x04ed0000)
  to   space 512K,   0% used [0x04ed0000, 0x04ed0000, 0x04f50000)
 tenured generation   total 10944K, used 0K [0x09f50000, 0x0aa00000, 0x14a00000)
   the space 10944K,   0% used [0x09f50000, 0x09f50000, 0x09f50200, 0x0aa00000)
 Metaspace       used 4146K, committed 4224K, reserved 8192K
}
Event: 0.116 GC heap after
{Heap after GC invocations=1 (full 0):
 def new generation   total 4928K, used 512K [0x04a00000, 0x04f50000, 0x09f50000)
  eden space 4416K,   0% used [0x04a00000, 0x04a00000, 0x04e50000)
  from space 512K, 100% used [0x04ed0000, 0x04f50000, 0x04f50000)
  to   space 512K,   0% used [0x04e50000, 0x04e50000, 0x04ed0000)
 tenured generation   total 10944K, used 1417K [0x09f50000, 0x0aa00000, 0x14a00000)
   the space 10944K,  12% used [0x09f50000, 0x0a0b2538, 0x0a0b2600, 0x0aa00000)
 Metaspace       used 4146K, committed 4224K, reserved 8192K
}
Event: 0.132 GC heap before
{Heap before GC invocations=1 (full 0):
 def new generation   total 4928K, used 4892K [0x04a00000, 0x04f50000, 0x09f50000)
  eden space 4416K,  99% used [0x04a00000, 0x04e473d8, 0x04e50000)
  from space 512K, 100% used [0x04ed0000, 0x04f50000, 0x04f50000)
  to   space 512K,   0% used [0x04e50000, 0x04e50000, 0x04ed0000)
 tenured generation   total 10944K, used 1417K [0x09f50000, 0x0aa00000, 0x14a00000)
   the space 10944K,  12% used [0x09f50000, 0x0a0b2538, 0x0a0b2600, 0x0aa00000)
 Metaspace       used 4146K, committed 4224K, reserved 8192K
}
Event: 0.135 GC heap after
{Heap after GC invocations=2 (full 0):
 def new generation   total 4928K, used 512K [0x04a00000, 0x04f50000, 0x09f50000)
  eden space 4416K,   0% used [0x04a00000, 0x04a00000, 0x04e50000)
  from space 512K, 100% used [0x04e50000, 0x04ed0000, 0x04ed0000)
  to   space 512K,   0% used [0x04ed0000, 0x04ed0000, 0x04f50000)
 tenured generation   total 10944K, used 5313K [0x09f50000, 0x0aa00000, 0x14a00000)
   the space 10944K,  48% used [0x09f50000, 0x0a480758, 0x0a480800, 0x0aa00000)
 Metaspace       used 4146K, committed 4224K, reserved 8192K
}
Event: 0.240 GC heap before
{Heap before GC invocations=2 (full 0):
 def new generation   total 4928K, used 4928K [0x04a00000, 0x04f50000, 0x09f50000)
  eden space 4416K, 100% used [0x04a00000, 0x04e50000, 0x04e50000)
  from space 512K, 100% used [0x04e50000, 0x04ed0000, 0x04ed0000)
  to   space 512K,   0% used [0x04ed0000, 0x04ed0000, 0x04f50000)
 tenured generation   total 10944K, used 5313K [0x09f50000, 0x0aa00000, 0x14a00000)
   the space 10944K,  48% used [0x09f50000, 0x0a480758, 0x0a480800, 0x0aa00000)
 Metaspace       used 7218K, committed 7360K, reserved 8192K
}
Event: 0.243 GC heap after
{Heap after GC invocations=3 (full 0):
 def new generation   total 4928K, used 512K [0x04a00000, 0x04f50000, 0x09f50000)
  eden space 4416K,   0% used [0x04a00000, 0x04a00000, 0x04e50000)
  from space 512K, 100% used [0x04ed0000, 0x04f50000, 0x04f50000)
  to   space 512K,   0% used [0x04e50000, 0x04e50000, 0x04ed0000)
 tenured generation   total 10944K, used 6606K [0x09f50000, 0x0aa00000, 0x14a00000)
   the space 10944K,  60% used [0x09f50000, 0x0a5c3b80, 0x0a5c3c00, 0x0aa00000)
 Metaspace       used 7218K, committed 7360K, reserved 8192K
}
Event: 0.352 GC heap before
{Heap before GC invocations=3 (full 0):
 def new generation   total 4928K, used 4928K [0x04a00000, 0x04f50000, 0x09f50000)
  eden space 4416K, 100% used [0x04a00000, 0x04e50000, 0x04e50000)
  from space 512K, 100% used [0x04ed0000, 0x04f50000, 0x04f50000)
  to   space 512K,   0% used [0x04e50000, 0x04e50000, 0x04ed0000)
 tenured generation   total 10944K, used 6606K [0x09f50000, 0x0aa00000, 0x14a00000)
   the space 10944K,  60% used [0x09f50000, 0x0a5c3b80, 0x0a5c3c00, 0x0aa00000)
 Metaspace       used 9894K, committed 9984K, reserved 16384K
}
Event: 0.356 GC heap after
{Heap after GC invocations=4 (full 0):
 def new generation   total 4928K, used 512K [0x04a00000, 0x04f50000, 0x09f50000)
  eden space 4416K,   0% used [0x04a00000, 0x04a00000, 0x04e50000)
  from space 512K, 100% used [0x04e50000, 0x04ed0000, 0x04ed0000)
  to   space 512K,   0% used [0x04ed0000, 0x04ed0000, 0x04f50000)
 tenured generation   total 10944K, used 8191K [0x09f50000, 0x0aa00000, 0x14a00000)
   the space 10944K,  74% used [0x09f50000, 0x0a74fec8, 0x0a750000, 0x0aa00000)
 Metaspace       used 9894K, committed 9984K, reserved 16384K
}
Event: 0.419 GC heap before
{Heap before GC invocations=4 (full 0):
 def new generation   total 4928K, used 4928K [0x04a00000, 0x04f50000, 0x09f50000)
  eden space 4416K, 100% used [0x04a00000, 0x04e50000, 0x04e50000)
  from space 512K, 100% used [0x04e50000, 0x04ed0000, 0x04ed0000)
  to   space 512K,   0% used [0x04ed0000, 0x04ed0000, 0x04f50000)
 tenured generation   total 10944K, used 8191K [0x09f50000, 0x0aa00000, 0x14a00000)
   the space 10944K,  74% used [0x09f50000, 0x0a74fec8, 0x0a750000, 0x0aa00000)
 Metaspace       used 11237K, committed 11392K, reserved 16384K
}
Event: 0.421 GC heap after
{Heap after GC invocations=5 (full 0):
 def new generation   total 4928K, used 380K [0x04a00000, 0x04f50000, 0x09f50000)
  eden space 4416K,   0% used [0x04a00000, 0x04a00000, 0x04e50000)
  from space 512K,  74% used [0x04ed0000, 0x04f2f240, 0x04f50000)
  to   space 512K,   0% used [0x04e50000, 0x04e50000, 0x04ed0000)
 tenured generation   total 10944K, used 8654K [0x09f50000, 0x0aa00000, 0x14a00000)
   the space 10944K,  79% used [0x09f50000, 0x0a7c3998, 0x0a7c3a00, 0x0aa00000)
 Metaspace       used 11237K, committed 11392K, reserved 16384K
}
Event: 0.578 GC heap before
{Heap before GC invocations=5 (full 0):
 def new generation   total 4928K, used 4796K [0x04a00000, 0x04f50000, 0x09f50000)
  eden space 4416K, 100% used [0x04a00000, 0x04e50000, 0x04e50000)
  from space 512K,  74% used [0x04ed0000, 0x04f2f240, 0x04f50000)
  to   space 512K,   0% used [0x04e50000, 0x04e50000, 0x04ed0000)
 tenured generation   total 10944K, used 8654K [0x09f50000, 0x0aa00000, 0x14a00000)
   the space 10944K,  79% used [0x09f50000, 0x0a7c3998, 0x0a7c3a00, 0x0aa00000)
 Metaspace       used 14675K, committed 14848K, reserved 16384K
}
Event: 0.581 GC heap after
{Heap after GC invocations=6 (full 0):
 def new generation   total 4928K, used 512K [0x04a00000, 0x04f50000, 0x09f50000)
  eden space 4416K,   0% used [0x04a00000, 0x04a00000, 0x04e50000)
  from space 512K, 100% used [0x04e50000, 0x04ed0000, 0x04ed0000)
  to   space 512K,   0% used [0x04ed0000, 0x04ed0000, 0x04f50000)
 tenured generation   total 10944K, used 9849K [0x09f50000, 0x0aa00000, 0x14a00000)
   the space 10944K,  90% used [0x09f50000, 0x0a8ee7a8, 0x0a8ee800, 0x0aa00000)
 Metaspace       used 14675K, committed 14848K, reserved 16384K
}
Event: 0.697 GC heap before
{Heap before GC invocations=6 (full 0):
 def new generation   total 4928K, used 4928K [0x04a00000, 0x04f50000, 0x09f50000)
  eden space 4416K, 100% used [0x04a00000, 0x04e50000, 0x04e50000)
  from space 512K, 100% used [0x04e50000, 0x04ed0000, 0x04ed0000)
  to   space 512K,   0% used [0x04ed0000, 0x04ed0000, 0x04f50000)
 tenured generation   total 10944K, used 9849K [0x09f50000, 0x0aa00000, 0x14a00000)
   the space 10944K,  90% used [0x09f50000, 0x0a8ee7a8, 0x0a8ee800, 0x0aa00000)
 Metaspace       used 15073K, committed 15168K, reserved 16384K
}
Event: 0.699 GC heap after
{Heap after GC invocations=7 (full 0):
 def new generation   total 4928K, used 317K [0x04a00000, 0x04f50000, 0x09f50000)
  eden space 4416K,   0% used [0x04a00000, 0x04a00000, 0x04e50000)
  from space 512K,  62% used [0x04ed0000, 0x04f1f678, 0x04f50000)
  to   space 512K,   0% used [0x04e50000, 0x04e50000, 0x04ed0000)
 tenured generation   total 10944K, used 10355K [0x09f50000, 0x0aa00000, 0x14a00000)
   the space 10944K,  94% used [0x09f50000, 0x0a96ce18, 0x0a96d000, 0x0aa00000)
 Metaspace       used 15073K, committed 15168K, reserved 16384K
}
Event: 0.753 GC heap before
{Heap before GC invocations=7 (full 0):
 def new generation   total 4928K, used 4733K [0x04a00000, 0x04f50000, 0x09f50000)
  eden space 4416K, 100% used [0x04a00000, 0x04e50000, 0x04e50000)
  from space 512K,  62% used [0x04ed0000, 0x04f1f678, 0x04f50000)
  to   space 512K,   0% used [0x04e50000, 0x04e50000, 0x04ed0000)
 tenured generation   total 10944K, used 10355K [0x09f50000, 0x0aa00000, 0x14a00000)
   the space 10944K,  94% used [0x09f50000, 0x0a96ce18, 0x0a96d000, 0x0aa00000)
 Metaspace       used 16002K, committed 16128K, reserved 16384K
}
Event: 0.754 GC heap after
{Heap after GC invocations=8 (full 0):
 def new generation   total 4928K, used 219K [0x04a00000, 0x04f50000, 0x09f50000)
  eden space 4416K,   0% used [0x04a00000, 0x04a00000, 0x04e50000)
  from space 512K,  42% used [0x04e50000, 0x04e86e28, 0x04ed0000)
  to   space 512K,   0% used [0x04ed0000, 0x04ed0000, 0x04f50000)
 tenured generation   total 12352K, used 11957K [0x09f50000, 0x0ab60000, 0x14a00000)
   the space 12352K,  96% used [0x09f50000, 0x0aafd6c0, 0x0aafd800, 0x0ab60000)
 Metaspace       used 16002K, committed 16128K, reserved 16384K
}
Event: 0.754 GC heap before
{Heap before GC invocations=8 (full 0):
 def new generation   total 4928K, used 219K [0x04a00000, 0x04f50000, 0x09f50000)
  eden space 4416K,   0% used [0x04a00000, 0x04a00000, 0x04e50000)
  from space 512K,  42% used [0x04e50000, 0x04e86e28, 0x04ed0000)
  to   space 512K,   0% used [0x04ed0000, 0x04ed0000, 0x04f50000)
 tenured generation   total 12352K, used 11957K [0x09f50000, 0x0ab60000, 0x14a00000)
   the space 12352K,  96% used [0x09f50000, 0x0aafd6c0, 0x0aafd800, 0x0ab60000)
 Metaspace       used 16002K, committed 16128K, reserved 16384K
}
Event: 0.762 GC heap after
{Heap after GC invocations=8 (full 1):
 def new generation   total 9216K, used 0K [0x04a00000, 0x053f0000, 0x09f50000)
  eden space 8256K,   0% used [0x04a00000, 0x04a00000, 0x05210000)
  from space 960K,   0% used [0x05210000, 0x05210000, 0x05300000)
  to   space 960K,   0% used [0x05300000, 0x05300000, 0x053f0000)
 tenured generation   total 20296K, used 12177K [0x09f50000, 0x0b322000, 0x14a00000)
   the space 20296K,  59% used [0x09f50000, 0x0ab344a8, 0x0ab34600, 0x0b322000)
 Metaspace       used 16002K, committed 16128K, reserved 16384K
}
Event: 3.348 GC heap before
{Heap before GC invocations=8 (full 1):
 def new generation   total 9216K, used 5680K [0x04a00000, 0x053f0000, 0x09f50000)
  eden space 8256K,  68% used [0x04a00000, 0x04f8c238, 0x05210000)
  from space 960K,   0% used [0x05210000, 0x05210000, 0x05300000)
  to   space 960K,   0% used [0x05300000, 0x05300000, 0x053f0000)
 tenured generation   total 20296K, used 12177K [0x09f50000, 0x0b322000, 0x14a00000)
   the space 20296K,  59% used [0x09f50000, 0x0ab344a8, 0x0ab34600, 0x0b322000)
 Metaspace       used 18159K, committed 18240K, reserved 24576K
}
Event: 3.353 GC heap after
{Heap after GC invocations=9 (full 1):
 def new generation   total 9216K, used 622K [0x04a00000, 0x053f0000, 0x09f50000)
  eden space 8256K,   0% used [0x04a00000, 0x04a00000, 0x05210000)
  from space 960K,  64% used [0x05300000, 0x0539b918, 0x053f0000)
  to   space 960K,   0% used [0x05210000, 0x05210000, 0x05300000)
 tenured generation   total 20296K, used 14405K [0x09f50000, 0x0b322000, 0x14a00000)
   the space 20296K,  70% used [0x09f50000, 0x0ad617e0, 0x0ad61800, 0x0b322000)
 Metaspace       used 18159K, committed 18240K, reserved 24576K
}

